#
# There is insufficient memory for the Java Runtime Environment to continue.
# Native memory allocation (mmap) failed to map 127926272 bytes for G1 virtual space
# Possible reasons:
#   The system is out of physical RAM or swap space
#   The process is running with CompressedOops enabled, and the Java Heap may be blocking the growth of the native heap
# Possible solutions:
#   Reduce memory load on the system
#   Increase physical memory or swap space
#   Check if swap backing store is full
#   Decrease Java heap size (-Xmx/-Xms)
#   Decrease number of Java threads
#   Decrease Java thread stack sizes (-Xss)
#   Set larger code cache with -XX:ReservedCodeCacheSize=
#   JVM is running with Unscaled Compressed Oops mode in which the Java heap is
#     placed in the first 4GB address space. The Java Heap base address is the
#     maximum limit for the native heap growth. Please use -XX:HeapBaseMinAddress
#     to set the Java Heap base and to place the Java Heap above 4GB virtual address.
# This output file may be truncated or incomplete.
#
#  Out of Memory Error (os_windows.cpp:3548), pid=4600, tid=17288
#
# JRE version: OpenJDK Runtime Environment Temurin-17.0.5+8 (17.0.5+8) (build 17.0.5+8)
# Java VM: OpenJDK 64-Bit Server VM Temurin-17.0.5+8 (17.0.5+8, mixed mode, emulated-client, tiered, compressed oops, compressed class ptrs, g1 gc, windows-amd64)
# No core dump will be written. Minidumps are not enabled by default on client versions of Windows
#

---------------  S U M M A R Y ------------

Command Line: -Dsts.lsp.client=vscode -Dsts.log.file=/dev/null -XX:TieredStopAtLevel=1 -Xlog:jni+resolve=off -Dspring.config.location=file:c:\Users\Legend\.vscode\extensions\pivotal.vscode-spring-boot-1.43.0\language-server\BOOT-INF\classes\application.properties org.springframework.ide.vscode.boot.app.BootLanguageServerBootApp

Host: Intel(R) Core(TM) i5-6200U CPU @ 2.30GHz, 4 cores, 7G,  Windows 10 , 64 bit Build 19041 (10.0.19041.2251)
Time: Wed Jan  4 23:47:56 2023 Pacific Standard Time elapsed time: 7.247505 seconds (0d 0h 0m 7s)

---------------  T H R E A D  ---------------

Current thread (0x000001fd65002c10):  VMThread "VM Thread" [stack: 0x000000bbe0200000,0x000000bbe0300000] [id=17288]

Stack: [0x000000bbe0200000,0x000000bbe0300000]
Native frames: (J=compiled Java code, j=interpreted, Vv=VM code, C=native code)
V  [jvm.dll+0x676b3a]
V  [jvm.dll+0x831444]
V  [jvm.dll+0x832bee]
V  [jvm.dll+0x833253]
V  [jvm.dll+0x244ce5]
V  [jvm.dll+0x673a49]
V  [jvm.dll+0x66811a]
V  [jvm.dll+0x303ceb]
V  [jvm.dll+0x30b1e6]
V  [jvm.dll+0x35adbe]
V  [jvm.dll+0x35afef]
V  [jvm.dll+0x2dab88]
V  [jvm.dll+0x2d8e3c]
V  [jvm.dll+0x2d840c]
V  [jvm.dll+0x31c31b]
V  [jvm.dll+0x8376fb]
V  [jvm.dll+0x838434]
V  [jvm.dll+0x83894c]
V  [jvm.dll+0x838d24]
V  [jvm.dll+0x838df0]
V  [jvm.dll+0x7e17ea]
V  [jvm.dll+0x6759e5]
C  [ucrtbase.dll+0x21bb2]
C  [KERNEL32.DLL+0x174b4]
C  [ntdll.dll+0x526a1]

VM_Operation (0x000000bbe23fdd70): G1CollectForAllocation, mode: safepoint, requested by thread 0x000001fd65cda3d0


---------------  P R O C E S S  ---------------

Threads class SMR info:
_java_thread_list=0x000001fd69f4c570, length=40, elements={
0x000001fd65017740, 0x000001fd650184c0, 0x000001fd6503d420, 0x000001fd650400b0,
0x000001fd65040970, 0x000001fd65c09470, 0x000001fd65c09d30, 0x000001fd65c0c640,
0x000001fd65df5770, 0x000001fd65e01d90, 0x000001fd65e07cc0, 0x000001fd666f9cf0,
0x000001fd66f40640, 0x000001fd670fcb30, 0x000001fd67184460, 0x000001fd565e32c0,
0x000001fd67216500, 0x000001fd671f1d80, 0x000001fd67296a30, 0x000001fd672629a0,
0x000001fd6724a420, 0x000001fd65cdcf20, 0x000001fd65cdbbe0, 0x000001fd65cdca50,
0x000001fd65cdc0b0, 0x000001fd65cdc580, 0x000001fd65cdd3f0, 0x000001fd65cd9a30,
0x000001fd65cda8a0, 0x000001fd65cda3d0, 0x000001fd65cdb240, 0x000001fd65cdad70,
0x000001fd65cd9f00, 0x000001fd65cdb710, 0x000001fd67459190, 0x000001fd6745a000,
0x000001fd6745ae70, 0x000001fd674587f0, 0x000001fd6745a4d0, 0x000001fd67459660
}

Java Threads: ( => current thread )
  0x000001fd65017740 JavaThread "Reference Handler" daemon [_thread_blocked, id=11180, stack(0x000000bbe0300000,0x000000bbe0400000)]
  0x000001fd650184c0 JavaThread "Finalizer" daemon [_thread_blocked, id=9048, stack(0x000000bbe0400000,0x000000bbe0500000)]
  0x000001fd6503d420 JavaThread "Signal Dispatcher" daemon [_thread_blocked, id=264, stack(0x000000bbe0500000,0x000000bbe0600000)]
  0x000001fd650400b0 JavaThread "Attach Listener" daemon [_thread_blocked, id=15488, stack(0x000000bbe0600000,0x000000bbe0700000)]
  0x000001fd65040970 JavaThread "Service Thread" daemon [_thread_blocked, id=17964, stack(0x000000bbe0700000,0x000000bbe0800000)]
  0x000001fd65c09470 JavaThread "Monitor Deflation Thread" daemon [_thread_blocked, id=14600, stack(0x000000bbe0800000,0x000000bbe0900000)]
  0x000001fd65c09d30 JavaThread "C1 CompilerThread0" daemon [_thread_blocked, id=18236, stack(0x000000bbe0900000,0x000000bbe0a00000)]
  0x000001fd65c0c640 JavaThread "Sweeper thread" daemon [_thread_blocked, id=7544, stack(0x000000bbe0a00000,0x000000bbe0b00000)]
  0x000001fd65df5770 JavaThread "C1 CompilerThread1" daemon [_thread_blocked, id=2592, stack(0x000000bbe0b00000,0x000000bbe0c00000)]
  0x000001fd65e01d90 JavaThread "Notification Thread" daemon [_thread_blocked, id=5960, stack(0x000000bbe0c00000,0x000000bbe0d00000)]
  0x000001fd65e07cc0 JavaThread "Common-Cleaner" daemon [_thread_blocked, id=1552, stack(0x000000bbe0e00000,0x000000bbe0f00000)]
  0x000001fd666f9cf0 JavaThread "C1 CompilerThread2" daemon [_thread_blocked, id=6936, stack(0x000000bbe1100000,0x000000bbe1200000)]
  0x000001fd66f40640 JavaThread "boundedElastic-evictor-1" daemon [_thread_blocked, id=6240, stack(0x000000bbe1300000,0x000000bbe1400000)]
  0x000001fd670fcb30 JavaThread "pool-11-thread-1" [_thread_blocked, id=8060, stack(0x000000bbe1400000,0x000000bbe1500000)]
  0x000001fd67184460 JavaThread "LanguageServerApp-lifecycle" [_thread_blocked, id=3036, stack(0x000000bbe1500000,0x000000bbe1600000)]
  0x000001fd565e32c0 JavaThread "DestroyJavaVM" [_thread_blocked, id=6348, stack(0x000000bbdfc00000,0x000000bbdfd00000)]
  0x000001fd67216500 JavaThread "pool-12-thread-1" [_thread_in_native, id=2336, stack(0x000000bbe1600000,0x000000bbe1700000)]
  0x000001fd671f1d80 JavaThread "Simple-Language-Server main thread" daemon [_thread_blocked, id=7164, stack(0x000000bbe1700000,0x000000bbe1800000)]
  0x000001fd67296a30 JavaThread "pool-8-thread-1" [_thread_blocked, id=3972, stack(0x000000bbe1800000,0x000000bbe1900000)]
  0x000001fd672629a0 JavaThread "parallel-1" daemon [_thread_blocked, id=12420, stack(0x000000bbe1900000,0x000000bbe1a00000)]
  0x000001fd6724a420 JavaThread "ForkJoinPool.commonPool-worker-1" daemon [_thread_blocked, id=6276, stack(0x000000bbe1a00000,0x000000bbe1b00000)]
  0x000001fd65cdcf20 JavaThread "pool-5-thread-1" [_thread_blocked, id=8068, stack(0x000000bbe1b00000,0x000000bbe1c00000)]
  0x000001fd65cdbbe0 JavaThread "ForkJoinPool.commonPool-worker-2" daemon [_thread_blocked, id=5780, stack(0x000000bbe1c00000,0x000000bbe1d00000)]
  0x000001fd65cdca50 JavaThread "pool-5-thread-2" [_thread_blocked, id=14476, stack(0x000000bbe1d00000,0x000000bbe1e00000)]
  0x000001fd65cdc0b0 JavaThread "parallel-2" daemon [_thread_blocked, id=12776, stack(0x000000bbe1e00000,0x000000bbe1f00000)]
  0x000001fd65cdc580 JavaThread "ClassGraph-worker-0" daemon [_thread_blocked, id=12264, stack(0x000000bbe1f00000,0x000000bbe2000000)]
  0x000001fd65cdd3f0 JavaThread "ClassGraph-worker-1" daemon [_thread_blocked, id=13028, stack(0x000000bbe2000000,0x000000bbe2100000)]
  0x000001fd65cd9a30 JavaThread "ClassGraph-worker-2" daemon [_thread_blocked, id=11540, stack(0x000000bbe2100000,0x000000bbe2200000)]
  0x000001fd65cda8a0 JavaThread "ClassGraph-worker-3" daemon [_thread_blocked, id=18388, stack(0x000000bbe2200000,0x000000bbe2300000)]
  0x000001fd65cda3d0 JavaThread "ClassGraph-worker-4" daemon [_thread_blocked, id=16180, stack(0x000000bbe2300000,0x000000bbe2400000)]
  0x000001fd65cdb240 JavaThread "ClassGraph-worker-5" daemon [_thread_blocked, id=2816, stack(0x000000bbe2400000,0x000000bbe2500000)]
  0x000001fd65cdad70 JavaThread "ClassGraph-worker-6" daemon [_thread_blocked, id=7968, stack(0x000000bbe2500000,0x000000bbe2600000)]
  0x000001fd65cd9f00 JavaThread "ClassGraph-worker-7" daemon [_thread_blocked, id=13860, stack(0x000000bbe2600000,0x000000bbe2700000)]
  0x000001fd65cdb710 JavaThread "Reconciler-1" daemon [_thread_blocked, id=15312, stack(0x000000bbe2700000,0x000000bbe2800000)]
  0x000001fd67459190 JavaThread "pool-6-thread-1" [_thread_blocked, id=16212, stack(0x000000bbe2800000,0x000000bbe2900000)]
  0x000001fd6745a000 JavaThread "pool-10-thread-1" [_thread_blocked, id=14904, stack(0x000000bbe2900000,0x000000bbe2a00000)]
  0x000001fd6745ae70 JavaThread "parallel-3" daemon [_thread_blocked, id=15576, stack(0x000000bbe2a00000,0x000000bbe2b00000)]
  0x000001fd674587f0 JavaThread "parallel-4" daemon [_thread_blocked, id=13332, stack(0x000000bbe2b00000,0x000000bbe2c00000)]
  0x000001fd6745a4d0 JavaThread "pool-10-thread-2" [_thread_blocked, id=1068, stack(0x000000bbe2c00000,0x000000bbe2d00000)]
  0x000001fd67459660 JavaThread "ForkJoinPool.commonPool-worker-3" daemon [_thread_blocked, id=12108, stack(0x000000bbe2d00000,0x000000bbe2e00000)]

Other Threads:
=>0x000001fd65002c10 VMThread "VM Thread" [stack: 0x000000bbe0200000,0x000000bbe0300000] [id=17288]
  0x000001fd65e02260 WatcherThread [stack: 0x000000bbe0d00000,0x000000bbe0e00000] [id=14260]
  0x000001fd56640c30 GCTaskThread "GC Thread#0" [stack: 0x000000bbdfd00000,0x000000bbdfe00000] [id=10336]
  0x000001fd665c5230 GCTaskThread "GC Thread#1" [stack: 0x000000bbe0f00000,0x000000bbe1000000] [id=3720]
  0x000001fd665ca2c0 GCTaskThread "GC Thread#2" [stack: 0x000000bbe1000000,0x000000bbe1100000] [id=1184]
  0x000001fd667fc8e0 GCTaskThread "GC Thread#3" [stack: 0x000000bbe1200000,0x000000bbe1300000] [id=17092]
  0x000001fd56651680 ConcurrentGCThread "G1 Main Marker" [stack: 0x000000bbdfe00000,0x000000bbdff00000] [id=11692]
  0x000001fd56651fa0 ConcurrentGCThread "G1 Conc#0" [stack: 0x000000bbdff00000,0x000000bbe0000000] [id=6756]
  0x000001fd566a5f20 ConcurrentGCThread "G1 Refine#0" [stack: 0x000000bbe0000000,0x000000bbe0100000] [id=13592]
  0x000001fd6a157b60 ConcurrentGCThread "G1 Refine#1" [stack: 0x000000bbe2e00000,0x000000bbe2f00000] [id=10492]
  0x000001fd64e720b0 ConcurrentGCThread "G1 Service" [stack: 0x000000bbe0100000,0x000000bbe0200000] [id=14104]

Threads with active compile tasks:
C1 CompilerThread0     7290 4158       1       io.github.classgraph.Classfile::readMethods (1501 bytes)
C1 CompilerThread1     7290 4150   !   1       io.github.classgraph.Classfile::readConstantPoolEntries (936 bytes)
C1 CompilerThread2     7290 4153       1       jdk.internal.jimage.decompressor.CompressedResourceHeader::readFromResource (104 bytes)

VM state: at safepoint (normal execution)

VM Mutex/Monitor currently owned by a thread:  ([mutex/lock_event])
[0x000001fd565df8a0] Threads_lock - owner thread: 0x000001fd65002c10
[0x000001fd565de730] Heap_lock - owner thread: 0x000001fd65cda3d0
[0x000001fd565de8e0] MultiArray_lock - owner thread: 0x000001fd65c09d30

Heap address: 0x0000000082000000, size: 2016 MB, Compressed Oops mode: 32-bit

CDS archive(s) not mapped
Compressed class space mapped at: 0x0000000100000000-0x0000000140000000, reserved size: 1073741824
Narrow klass base: 0x0000000000000000, Narrow klass shift: 3, Narrow klass range: 0x140000000

GC Precious Log:
 CPUs: 4 total, 4 available
 Memory: 8060M
 Large Page Support: Disabled
 NUMA Support: Disabled
 Compressed Oops: Enabled (32-bit)
 Heap Region Size: 1M
 Heap Min Capacity: 8M
 Heap Initial Capacity: 126M
 Heap Max Capacity: 2016M
 Pre-touch: Disabled
 Parallel Workers: 4
 Concurrent Workers: 1
 Concurrent Refinement Workers: 4
 Periodic GC: Disabled

Heap:
 garbage-first heap   total 129024K, used 75506K [0x0000000082000000, 0x0000000100000000)
  region size 1024K, 1 young (1024K), 1 survivors (1024K)
 Metaspace       used 41505K, committed 41920K, reserved 1089536K
  class space    used 5210K, committed 5376K, reserved 1048576K

Heap Regions: E=young(eden), S=young(survivor), O=old, HS=humongous(starts), HC=humongous(continues), CS=collection set, F=free, OA=open archive, CA=closed archive, TAMS=top-at-mark-start (previous, next)
|   0|0x0000000082000000, 0x0000000082100000, 0x0000000082100000|100%| O|  |TAMS 0x0000000082100000, 0x0000000082000000| Untracked 
|   1|0x0000000082100000, 0x0000000082200000, 0x0000000082200000|100%| O|  |TAMS 0x0000000082200000, 0x0000000082100000| Untracked 
|   2|0x0000000082200000, 0x0000000082300000, 0x0000000082300000|100%| O|  |TAMS 0x0000000082300000, 0x0000000082200000| Untracked 
|   3|0x0000000082300000, 0x0000000082400000, 0x0000000082400000|100%| O|  |TAMS 0x0000000082400000, 0x0000000082300000| Untracked 
|   4|0x0000000082400000, 0x0000000082500000, 0x0000000082500000|100%| O|  |TAMS 0x0000000082500000, 0x0000000082400000| Untracked 
|   5|0x0000000082500000, 0x0000000082600000, 0x0000000082600000|100%| O|  |TAMS 0x0000000082600000, 0x0000000082500000| Untracked 
|   6|0x0000000082600000, 0x0000000082700000, 0x0000000082700000|100%| O|  |TAMS 0x0000000082700000, 0x0000000082600000| Untracked 
|   7|0x0000000082700000, 0x0000000082800000, 0x0000000082800000|100%| O|  |TAMS 0x0000000082800000, 0x0000000082700000| Untracked 
|   8|0x0000000082800000, 0x0000000082900000, 0x0000000082900000|100%| O|  |TAMS 0x0000000082800000, 0x0000000082800000| Untracked 
|   9|0x0000000082900000, 0x0000000082a00000, 0x0000000082a00000|100%| O|  |TAMS 0x0000000082a00000, 0x0000000082900000| Untracked 
|  10|0x0000000082a00000, 0x0000000082b00000, 0x0000000082b00000|100%| O|  |TAMS 0x0000000082b00000, 0x0000000082a00000| Untracked 
|  11|0x0000000082b00000, 0x0000000082c00000, 0x0000000082c00000|100%| O|  |TAMS 0x0000000082c00000, 0x0000000082b00000| Untracked 
|  12|0x0000000082c00000, 0x0000000082d00000, 0x0000000082d00000|100%| O|  |TAMS 0x0000000082d00000, 0x0000000082c00000| Untracked 
|  13|0x0000000082d00000, 0x0000000082e00000, 0x0000000082e00000|100%| O|  |TAMS 0x0000000082e00000, 0x0000000082d00000| Untracked 
|  14|0x0000000082e00000, 0x0000000082f00000, 0x0000000082f00000|100%| O|  |TAMS 0x0000000082f00000, 0x0000000082e00000| Untracked 
|  15|0x0000000082f00000, 0x0000000083000000, 0x0000000083000000|100%| O|  |TAMS 0x0000000083000000, 0x0000000082f00000| Untracked 
|  16|0x0000000083000000, 0x0000000083100000, 0x0000000083100000|100%| O|  |TAMS 0x0000000083100000, 0x0000000083000000| Untracked 
|  17|0x0000000083100000, 0x0000000083200000, 0x0000000083200000|100%| O|  |TAMS 0x0000000083200000, 0x0000000083100000| Untracked 
|  18|0x0000000083200000, 0x0000000083200000, 0x0000000083300000|  0%| F|  |TAMS 0x0000000083200000, 0x0000000083200000| Untracked 
|  19|0x0000000083300000, 0x0000000083300000, 0x0000000083400000|  0%| F|  |TAMS 0x0000000083300000, 0x0000000083300000| Untracked 
|  20|0x0000000083400000, 0x0000000083500000, 0x0000000083500000|100%| O|  |TAMS 0x0000000083500000, 0x0000000083400000| Untracked 
|  21|0x0000000083500000, 0x0000000083600000, 0x0000000083600000|100%| O|  |TAMS 0x0000000083600000, 0x0000000083500000| Untracked 
|  22|0x0000000083600000, 0x0000000083700000, 0x0000000083700000|100%| O|  |TAMS 0x0000000083700000, 0x0000000083600000| Untracked 
|  23|0x0000000083700000, 0x0000000083800000, 0x0000000083800000|100%| O|  |TAMS 0x0000000083800000, 0x0000000083700000| Untracked 
|  24|0x0000000083800000, 0x0000000083900000, 0x0000000083900000|100%| O|  |TAMS 0x0000000083900000, 0x0000000083800000| Untracked 
|  25|0x0000000083900000, 0x0000000083a00000, 0x0000000083a00000|100%| O|  |TAMS 0x0000000083a00000, 0x0000000083900000| Untracked 
|  26|0x0000000083a00000, 0x0000000083b00000, 0x0000000083b00000|100%| O|  |TAMS 0x0000000083b00000, 0x0000000083a00000| Untracked 
|  27|0x0000000083b00000, 0x0000000083c00000, 0x0000000083c00000|100%| O|  |TAMS 0x0000000083c00000, 0x0000000083b00000| Untracked 
|  28|0x0000000083c00000, 0x0000000083d00000, 0x0000000083d00000|100%| O|  |TAMS 0x0000000083d00000, 0x0000000083c00000| Untracked 
|  29|0x0000000083d00000, 0x0000000083e00000, 0x0000000083e00000|100%| O|  |TAMS 0x0000000083e00000, 0x0000000083d00000| Untracked 
|  30|0x0000000083e00000, 0x0000000083f00000, 0x0000000083f00000|100%| O|  |TAMS 0x0000000083f00000, 0x0000000083e00000| Untracked 
|  31|0x0000000083f00000, 0x0000000084000000, 0x0000000084000000|100%| O|  |TAMS 0x0000000084000000, 0x0000000083f00000| Untracked 
|  32|0x0000000084000000, 0x0000000084100000, 0x0000000084100000|100%| O|  |TAMS 0x0000000084100000, 0x0000000084000000| Untracked 
|  33|0x0000000084100000, 0x0000000084200000, 0x0000000084200000|100%| O|  |TAMS 0x0000000084200000, 0x0000000084100000| Untracked 
|  34|0x0000000084200000, 0x0000000084300000, 0x0000000084300000|100%| O|  |TAMS 0x0000000084300000, 0x0000000084200000| Untracked 
|  35|0x0000000084300000, 0x0000000084400000, 0x0000000084400000|100%| O|  |TAMS 0x0000000084400000, 0x0000000084300000| Untracked 
|  36|0x0000000084400000, 0x0000000084500000, 0x0000000084500000|100%| O|  |TAMS 0x0000000084500000, 0x0000000084400000| Untracked 
|  37|0x0000000084500000, 0x0000000084600000, 0x0000000084600000|100%| O|  |TAMS 0x0000000084600000, 0x0000000084500000| Untracked 
|  38|0x0000000084600000, 0x0000000084700000, 0x0000000084700000|100%| O|  |TAMS 0x0000000084700000, 0x0000000084600000| Untracked 
|  39|0x0000000084700000, 0x0000000084800000, 0x0000000084800000|100%| O|  |TAMS 0x0000000084800000, 0x0000000084700000| Untracked 
|  40|0x0000000084800000, 0x0000000084900000, 0x0000000084900000|100%| O|  |TAMS 0x0000000084900000, 0x0000000084800000| Untracked 
|  41|0x0000000084900000, 0x0000000084a00000, 0x0000000084a00000|100%| O|  |TAMS 0x0000000084a00000, 0x0000000084900000| Untracked 
|  42|0x0000000084a00000, 0x0000000084b00000, 0x0000000084b00000|100%| O|  |TAMS 0x0000000084b00000, 0x0000000084a00000| Untracked 
|  43|0x0000000084b00000, 0x0000000084c00000, 0x0000000084c00000|100%| O|  |TAMS 0x0000000084c00000, 0x0000000084b00000| Untracked 
|  44|0x0000000084c00000, 0x0000000084d00000, 0x0000000084d00000|100%| O|  |TAMS 0x0000000084d00000, 0x0000000084c00000| Untracked 
|  45|0x0000000084d00000, 0x0000000084e00000, 0x0000000084e00000|100%| O|  |TAMS 0x0000000084e00000, 0x0000000084d00000| Untracked 
|  46|0x0000000084e00000, 0x0000000084f00000, 0x0000000084f00000|100%| O|  |TAMS 0x0000000084f00000, 0x0000000084e00000| Untracked 
|  47|0x0000000084f00000, 0x0000000085000000, 0x0000000085000000|100%| O|  |TAMS 0x0000000085000000, 0x0000000084f00000| Untracked 
|  48|0x0000000085000000, 0x0000000085100000, 0x0000000085100000|100%| O|  |TAMS 0x0000000085100000, 0x0000000085000000| Untracked 
|  49|0x0000000085100000, 0x0000000085200000, 0x0000000085200000|100%| O|  |TAMS 0x0000000085200000, 0x0000000085100000| Untracked 
|  50|0x0000000085200000, 0x0000000085300000, 0x0000000085300000|100%| O|  |TAMS 0x0000000085300000, 0x0000000085200000| Untracked 
|  51|0x0000000085300000, 0x0000000085400000, 0x0000000085400000|100%| O|  |TAMS 0x0000000085400000, 0x0000000085300000| Untracked 
|  52|0x0000000085400000, 0x0000000085500000, 0x0000000085500000|100%| O|  |TAMS 0x000000008544b000, 0x0000000085400000| Untracked 
|  53|0x0000000085500000, 0x0000000085600000, 0x0000000085600000|100%| O|  |TAMS 0x0000000085500000, 0x0000000085500000| Untracked 
|  54|0x0000000085600000, 0x0000000085700000, 0x0000000085700000|100%|HS|  |TAMS 0x0000000085600000, 0x0000000085600000| Complete 
|  55|0x0000000085700000, 0x0000000085800000, 0x0000000085800000|100%|HS|  |TAMS 0x0000000085700000, 0x0000000085700000| Complete 
|  56|0x0000000085800000, 0x0000000085900000, 0x0000000085900000|100%| O|  |TAMS 0x0000000085800000, 0x0000000085800000| Untracked 
|  57|0x0000000085900000, 0x0000000085a00000, 0x0000000085a00000|100%| O|  |TAMS 0x0000000085900000, 0x0000000085900000| Untracked 
|  58|0x0000000085a00000, 0x0000000085b00000, 0x0000000085b00000|100%| O|  |TAMS 0x0000000085a00000, 0x0000000085a00000| Untracked 
|  59|0x0000000085b00000, 0x0000000085c00000, 0x0000000085c00000|100%| O|  |TAMS 0x0000000085b00000, 0x0000000085b00000| Untracked 
|  60|0x0000000085c00000, 0x0000000085d00000, 0x0000000085d00000|100%| O|  |TAMS 0x0000000085c00000, 0x0000000085c00000| Untracked 
|  61|0x0000000085d00000, 0x0000000085e00000, 0x0000000085e00000|100%| O|  |TAMS 0x0000000085d00000, 0x0000000085d00000| Untracked 
|  62|0x0000000085e00000, 0x0000000085f00000, 0x0000000085f00000|100%| O|  |TAMS 0x0000000085e00000, 0x0000000085e00000| Untracked 
|  63|0x0000000085f00000, 0x0000000086000000, 0x0000000086000000|100%| O|  |TAMS 0x0000000085f00000, 0x0000000085f00000| Untracked 
|  64|0x0000000086000000, 0x0000000086100000, 0x0000000086100000|100%| O|  |TAMS 0x0000000086000000, 0x0000000086000000| Untracked 
|  65|0x0000000086100000, 0x0000000086200000, 0x0000000086200000|100%| O|  |TAMS 0x0000000086100000, 0x0000000086100000| Untracked 
|  66|0x0000000086200000, 0x0000000086300000, 0x0000000086300000|100%| O|  |TAMS 0x0000000086200000, 0x0000000086200000| Untracked 
|  67|0x0000000086300000, 0x0000000086400000, 0x0000000086400000|100%| O|  |TAMS 0x0000000086300000, 0x0000000086300000| Untracked 
|  68|0x0000000086400000, 0x0000000086500000, 0x0000000086500000|100%| O|  |TAMS 0x0000000086400000, 0x0000000086400000| Untracked 
|  69|0x0000000086500000, 0x0000000086600000, 0x0000000086600000|100%| O|  |TAMS 0x0000000086500000, 0x0000000086500000| Untracked 
|  70|0x0000000086600000, 0x0000000086700000, 0x0000000086700000|100%| O|  |TAMS 0x0000000086600000, 0x0000000086600000| Untracked 
|  71|0x0000000086700000, 0x0000000086800000, 0x0000000086800000|100%| O|  |TAMS 0x0000000086700000, 0x0000000086700000| Untracked 
|  72|0x0000000086800000, 0x0000000086900000, 0x0000000086900000|100%| O|  |TAMS 0x0000000086800000, 0x0000000086800000| Untracked 
|  73|0x0000000086900000, 0x0000000086a00000, 0x0000000086a00000|100%| O|  |TAMS 0x0000000086900000, 0x0000000086900000| Untracked 
|  74|0x0000000086a00000, 0x0000000086b00000, 0x0000000086b00000|100%| O|  |TAMS 0x0000000086a00000, 0x0000000086a00000| Untracked 
|  75|0x0000000086b00000, 0x0000000086b00000, 0x0000000086c00000|  0%| F|  |TAMS 0x0000000086b00000, 0x0000000086b00000| Untracked 
|  76|0x0000000086c00000, 0x0000000086c00000, 0x0000000086d00000|  0%| F|  |TAMS 0x0000000086c00000, 0x0000000086c00000| Untracked 
|  77|0x0000000086d00000, 0x0000000086d00000, 0x0000000086e00000|  0%| F|  |TAMS 0x0000000086d00000, 0x0000000086d00000| Untracked 
|  78|0x0000000086e00000, 0x0000000086e00000, 0x0000000086f00000|  0%| F|  |TAMS 0x0000000086e00000, 0x0000000086e00000| Untracked 
|  79|0x0000000086f00000, 0x0000000086f00000, 0x0000000087000000|  0%| F|  |TAMS 0x0000000086f00000, 0x0000000086f00000| Untracked 
|  80|0x0000000087000000, 0x0000000087000000, 0x0000000087100000|  0%| F|  |TAMS 0x0000000087000000, 0x0000000087000000| Untracked 
|  81|0x0000000087100000, 0x0000000087100000, 0x0000000087200000|  0%| F|  |TAMS 0x0000000087100000, 0x0000000087100000| Untracked 
|  82|0x0000000087200000, 0x0000000087200000, 0x0000000087300000|  0%| F|  |TAMS 0x0000000087200000, 0x0000000087200000| Untracked 
|  83|0x0000000087300000, 0x0000000087300000, 0x0000000087400000|  0%| F|  |TAMS 0x0000000087300000, 0x0000000087300000| Untracked 
|  84|0x0000000087400000, 0x0000000087400000, 0x0000000087500000|  0%| F|  |TAMS 0x0000000087400000, 0x0000000087400000| Untracked 
|  85|0x0000000087500000, 0x0000000087500000, 0x0000000087600000|  0%| F|  |TAMS 0x0000000087500000, 0x0000000087500000| Untracked 
|  86|0x0000000087600000, 0x0000000087600000, 0x0000000087700000|  0%| F|  |TAMS 0x0000000087600000, 0x0000000087600000| Untracked 
|  87|0x0000000087700000, 0x0000000087700000, 0x0000000087800000|  0%| F|  |TAMS 0x0000000087700000, 0x0000000087700000| Untracked 
|  88|0x0000000087800000, 0x0000000087800000, 0x0000000087900000|  0%| F|  |TAMS 0x0000000087800000, 0x0000000087800000| Untracked 
|  89|0x0000000087900000, 0x0000000087900000, 0x0000000087a00000|  0%| F|  |TAMS 0x0000000087900000, 0x0000000087900000| Untracked 
|  90|0x0000000087a00000, 0x0000000087a00000, 0x0000000087b00000|  0%| F|  |TAMS 0x0000000087a00000, 0x0000000087a00000| Untracked 
|  91|0x0000000087b00000, 0x0000000087b00000, 0x0000000087c00000|  0%| F|  |TAMS 0x0000000087b00000, 0x0000000087b00000| Untracked 
|  92|0x0000000087c00000, 0x0000000087c00000, 0x0000000087d00000|  0%| F|  |TAMS 0x0000000087c00000, 0x0000000087c00000| Untracked 
|  93|0x0000000087d00000, 0x0000000087d00000, 0x0000000087e00000|  0%| F|  |TAMS 0x0000000087d00000, 0x0000000087d00000| Untracked 
|  94|0x0000000087e00000, 0x0000000087e00000, 0x0000000087f00000|  0%| F|  |TAMS 0x0000000087e00000, 0x0000000087e00000| Untracked 
|  95|0x0000000087f00000, 0x0000000087f00000, 0x0000000088000000|  0%| F|  |TAMS 0x0000000087f00000, 0x0000000087f00000| Untracked 
|  96|0x0000000088000000, 0x0000000088000000, 0x0000000088100000|  0%| F|  |TAMS 0x0000000088000000, 0x0000000088000000| Untracked 
|  97|0x0000000088100000, 0x0000000088100000, 0x0000000088200000|  0%| F|  |TAMS 0x0000000088100000, 0x0000000088100000| Untracked 
|  98|0x0000000088200000, 0x0000000088200000, 0x0000000088300000|  0%| F|  |TAMS 0x0000000088200000, 0x0000000088200000| Untracked 
|  99|0x0000000088300000, 0x0000000088300000, 0x0000000088400000|  0%| F|  |TAMS 0x0000000088300000, 0x0000000088300000| Untracked 
| 100|0x0000000088400000, 0x0000000088400000, 0x0000000088500000|  0%| F|  |TAMS 0x0000000088400000, 0x0000000088400000| Untracked 
| 101|0x0000000088500000, 0x0000000088500000, 0x0000000088600000|  0%| F|  |TAMS 0x0000000088500000, 0x0000000088500000| Untracked 
| 102|0x0000000088600000, 0x0000000088600000, 0x0000000088700000|  0%| F|  |TAMS 0x0000000088600000, 0x0000000088600000| Untracked 
| 103|0x0000000088700000, 0x0000000088700000, 0x0000000088800000|  0%| F|  |TAMS 0x0000000088700000, 0x0000000088700000| Untracked 
| 104|0x0000000088800000, 0x0000000088800000, 0x0000000088900000|  0%| F|  |TAMS 0x0000000088800000, 0x0000000088800000| Untracked 
| 105|0x0000000088900000, 0x0000000088900000, 0x0000000088a00000|  0%| F|  |TAMS 0x0000000088900000, 0x0000000088900000| Untracked 
| 106|0x0000000088a00000, 0x0000000088a00000, 0x0000000088b00000|  0%| F|  |TAMS 0x0000000088a00000, 0x0000000088a00000| Untracked 
| 107|0x0000000088b00000, 0x0000000088b00000, 0x0000000088c00000|  0%| F|  |TAMS 0x0000000088b00000, 0x0000000088b00000| Untracked 
| 108|0x0000000088c00000, 0x0000000088c00000, 0x0000000088d00000|  0%| F|  |TAMS 0x0000000088c00000, 0x0000000088c00000| Untracked 
| 109|0x0000000088d00000, 0x0000000088d00000, 0x0000000088e00000|  0%| F|  |TAMS 0x0000000088d00000, 0x0000000088d00000| Untracked 
| 110|0x0000000088e00000, 0x0000000088e00000, 0x0000000088f00000|  0%| F|  |TAMS 0x0000000088e00000, 0x0000000088e00000| Untracked 
| 111|0x0000000088f00000, 0x0000000088f00000, 0x0000000089000000|  0%| F|  |TAMS 0x0000000088f00000, 0x0000000088f00000| Untracked 
| 112|0x0000000089000000, 0x0000000089000000, 0x0000000089100000|  0%| F|  |TAMS 0x0000000089000000, 0x0000000089000000| Untracked 
| 113|0x0000000089100000, 0x0000000089100000, 0x0000000089200000|  0%| F|  |TAMS 0x0000000089100000, 0x0000000089100000| Untracked 
| 114|0x0000000089200000, 0x0000000089200000, 0x0000000089300000|  0%| F|  |TAMS 0x0000000089200000, 0x0000000089200000| Untracked 
| 115|0x0000000089300000, 0x0000000089300000, 0x0000000089400000|  0%| F|  |TAMS 0x0000000089300000, 0x0000000089300000| Untracked 
| 116|0x0000000089400000, 0x0000000089400000, 0x0000000089500000|  0%| F|  |TAMS 0x0000000089400000, 0x0000000089400000| Untracked 
| 117|0x0000000089500000, 0x0000000089500000, 0x0000000089600000|  0%| F|  |TAMS 0x0000000089500000, 0x0000000089500000| Untracked 
| 118|0x0000000089600000, 0x0000000089600000, 0x0000000089700000|  0%| F|  |TAMS 0x0000000089600000, 0x0000000089600000| Untracked 
| 119|0x0000000089700000, 0x0000000089700000, 0x0000000089800000|  0%| F|  |TAMS 0x0000000089700000, 0x0000000089700000| Untracked 
| 120|0x0000000089800000, 0x0000000089800000, 0x0000000089900000|  0%| F|  |TAMS 0x0000000089800000, 0x0000000089800000| Untracked 
| 121|0x0000000089900000, 0x00000000899bc920, 0x0000000089a00000| 73%| S|CS|TAMS 0x0000000089900000, 0x0000000089900000| Complete 
| 122|0x0000000089a00000, 0x0000000089a00000, 0x0000000089b00000|  0%| F|  |TAMS 0x0000000089a00000, 0x0000000089a00000| Untracked 
| 123|0x0000000089b00000, 0x0000000089b00000, 0x0000000089c00000|  0%| F|  |TAMS 0x0000000089b00000, 0x0000000089b00000| Untracked 
| 124|0x0000000089c00000, 0x0000000089c00000, 0x0000000089d00000|  0%| F|  |TAMS 0x0000000089c00000, 0x0000000089c00000| Untracked 
| 125|0x0000000089d00000, 0x0000000089d00000, 0x0000000089e00000|  0%| F|  |TAMS 0x0000000089d00000, 0x0000000089d00000| Untracked 

Card table byte_map: [0x000001fd5e2e0000,0x000001fd5e6d0000] _byte_map_base: 0x000001fd5ded0000

Marking Bits (Prev, Next): (CMBitMap*) 0x000001fd56641150, (CMBitMap*) 0x000001fd56641190
 Prev Bits: [0x000001fd5eac0000, 0x000001fd60a40000)
 Next Bits: [0x000001fd60a40000, 0x000001fd629c0000)

Polling page: 0x000001fd566b0000

Metaspace:

Usage:
  Non-class:     35.44 MB used.
      Class:      5.09 MB used.
       Both:     40.53 MB used.

Virtual space:
  Non-class space:       40.00 MB reserved,      35.69 MB ( 89%) committed,  5 nodes.
      Class space:        1.00 GB reserved,       5.25 MB ( <1%) committed,  1 nodes.
             Both:        1.04 GB reserved,      40.94 MB (  4%) committed. 

Chunk freelists:
   Non-Class:  3.64 MB
       Class:  2.66 MB
        Both:  6.30 MB

MaxMetaspaceSize: unlimited
CompressedClassSpaceSize: 1.00 GB
Initial GC threshold: 21.00 MB
Current GC threshold: 66.88 MB
CDS: off
MetaspaceReclaimPolicy: balanced
 - commit_granule_bytes: 65536.
 - commit_granule_words: 8192.
 - virtual_space_node_default_size: 1048576.
 - enlarge_chunks_in_place: 1.
 - new_chunks_are_fully_committed: 0.
 - uncommit_free_chunks: 1.
 - use_allocation_guard: 0.
 - handle_deallocations: 1.


Internal statistics:

num_allocs_failed_limit: 6.
num_arena_births: 498.
num_arena_deaths: 0.
num_vsnodes_births: 6.
num_vsnodes_deaths: 0.
num_space_committed: 655.
num_space_uncommitted: 0.
num_chunks_returned_to_freelist: 6.
num_chunks_taken_from_freelist: 1767.
num_chunk_merges: 6.
num_chunk_splits: 1218.
num_chunks_enlarged: 915.
num_purges: 0.
num_inconsistent_stats: 0.

CodeCache: size=49152Kb used=9015Kb max_used=9015Kb free=40136Kb
 bounds [0x000001fd5aa50000, 0x000001fd5b320000, 0x000001fd5da50000]
 total_blobs=4715 nmethods=4144 adapters=496
 compilation: enabled
              stopped_count=0, restarted_count=0
 full_count=0

Compilation events (20 events):
Event: 7.198 Thread 0x000001fd666f9cf0 4136       1       io.github.classgraph.Classfile::constantPoolStringEquals (121 bytes)
Event: 7.198 Thread 0x000001fd65c09d30 4158       1       io.github.classgraph.Classfile::readMethods (1501 bytes)
Event: 7.222 Thread 0x000001fd666f9cf0 nmethod 4136 0x000001fd5b31a490 code [0x000001fd5b31a6a0, 0x000001fd5b31ab48]
Event: 7.222 Thread 0x000001fd666f9cf0 4137       1       io.github.classgraph.Classfile::getConstantPoolClassName (8 bytes)
Event: 7.222 Thread 0x000001fd666f9cf0 nmethod 4137 0x000001fd5b31af90 code [0x000001fd5b31b120, 0x000001fd5b31b208]
Event: 7.222 Thread 0x000001fd666f9cf0 4138       1       io.github.classgraph.Classfile::getConstantPoolString (58 bytes)
Event: 7.222 Thread 0x000001fd666f9cf0 nmethod 4138 0x000001fd5b31b290 code [0x000001fd5b31b460, 0x000001fd5b31b718]
Event: 7.223 Thread 0x000001fd666f9cf0 4149       1       nonapi.io.github.classgraph.fileslice.reader.ClassfileReader::buf (5 bytes)
Event: 7.223 Thread 0x000001fd666f9cf0 nmethod 4149 0x000001fd5b31b910 code [0x000001fd5b31baa0, 0x000001fd5b31bb78]
Event: 7.223 Thread 0x000001fd666f9cf0 4159       1       java.util.zip.Inflater::<init> (28 bytes)
Event: 7.223 Thread 0x000001fd666f9cf0 nmethod 4159 0x000001fd5b31bc10 code [0x000001fd5b31bde0, 0x000001fd5b31c178]
Event: 7.223 Thread 0x000001fd666f9cf0 4144       1       io.github.classgraph.ClasspathElementModule$1::close (65 bytes)
Event: 7.224 Thread 0x000001fd666f9cf0 nmethod 4144 0x000001fd5b31c310 code [0x000001fd5b31c500, 0x000001fd5b31c938]
Event: 7.224 Thread 0x000001fd666f9cf0 4151       1       java.nio.HeapByteBuffer::getLong (30 bytes)
Event: 7.225 Thread 0x000001fd666f9cf0 nmethod 4151 0x000001fd5b31cc10 code [0x000001fd5b31ce00, 0x000001fd5b31d168]
Event: 7.225 Thread 0x000001fd666f9cf0 4155   !   1       nonapi.io.github.classgraph.utils.ProxyingInputStream::close (31 bytes)
Event: 7.225 Thread 0x000001fd666f9cf0 nmethod 4155 0x000001fd5b31d410 code [0x000001fd5b31d5a0, 0x000001fd5b31d728]
Event: 7.225 Thread 0x000001fd666f9cf0 4156   !   1       io.github.classgraph.ClasspathElementModule$1$1::close (16 bytes)
Event: 7.225 Thread 0x000001fd666f9cf0 nmethod 4156 0x000001fd5b31d810 code [0x000001fd5b31d9c0, 0x000001fd5b31dbb8]
Event: 7.225 Thread 0x000001fd666f9cf0 4153       1       jdk.internal.jimage.decompressor.CompressedResourceHeader::readFromResource (104 bytes)

GC Heap History (20 events):
Event: 5.966 GC heap after
{Heap after GC invocations=12 (full 0):
 garbage-first heap   total 68608K, used 27902K [0x0000000082000000, 0x0000000100000000)
  region size 1024K, 3 young (3072K), 3 survivors (3072K)
 Metaspace       used 36887K, committed 37376K, reserved 1089536K
  class space    used 4815K, committed 5056K, reserved 1048576K
}
Event: 6.087 GC heap before
{Heap before GC invocations=12 (full 0):
 garbage-first heap   total 68608K, used 48382K [0x0000000082000000, 0x0000000100000000)
  region size 1024K, 24 young (24576K), 3 survivors (3072K)
 Metaspace       used 37339K, committed 37760K, reserved 1089536K
  class space    used 4865K, committed 5056K, reserved 1048576K
}
Event: 6.093 GC heap after
{Heap after GC invocations=13 (full 0):
 garbage-first heap   total 68608K, used 31713K [0x0000000082000000, 0x0000000100000000)
  region size 1024K, 3 young (3072K), 3 survivors (3072K)
 Metaspace       used 37339K, committed 37760K, reserved 1089536K
  class space    used 4865K, committed 5056K, reserved 1048576K
}
Event: 6.185 GC heap before
{Heap before GC invocations=13 (full 0):
 garbage-first heap   total 68608K, used 50145K [0x0000000082000000, 0x0000000100000000)
  region size 1024K, 21 young (21504K), 3 survivors (3072K)
 Metaspace       used 37768K, committed 38208K, reserved 1089536K
  class space    used 4912K, committed 5120K, reserved 1048576K
}
Event: 6.190 GC heap after
{Heap after GC invocations=14 (full 0):
 garbage-first heap   total 68608K, used 35336K [0x0000000082000000, 0x0000000100000000)
  region size 1024K, 3 young (3072K), 3 survivors (3072K)
 Metaspace       used 37768K, committed 38208K, reserved 1089536K
  class space    used 4912K, committed 5120K, reserved 1048576K
}
Event: 6.252 GC heap before
{Heap before GC invocations=14 (full 0):
 garbage-first heap   total 68608K, used 51720K [0x0000000082000000, 0x0000000100000000)
  region size 1024K, 19 young (19456K), 3 survivors (3072K)
 Metaspace       used 38070K, committed 38464K, reserved 1089536K
  class space    used 4930K, committed 5120K, reserved 1048576K
}
Event: 6.257 GC heap after
{Heap after GC invocations=15 (full 0):
 garbage-first heap   total 68608K, used 38064K [0x0000000082000000, 0x0000000100000000)
  region size 1024K, 3 young (3072K), 3 survivors (3072K)
 Metaspace       used 38070K, committed 38464K, reserved 1089536K
  class space    used 4930K, committed 5120K, reserved 1048576K
}
Event: 6.310 GC heap before
{Heap before GC invocations=15 (full 0):
 garbage-first heap   total 68608K, used 51376K [0x0000000082000000, 0x0000000100000000)
  region size 1024K, 17 young (17408K), 3 survivors (3072K)
 Metaspace       used 38478K, committed 38848K, reserved 1089536K
  class space    used 4937K, committed 5120K, reserved 1048576K
}
Event: 6.317 GC heap after
{Heap after GC invocations=16 (full 0):
 garbage-first heap   total 111616K, used 40210K [0x0000000082000000, 0x0000000100000000)
  region size 1024K, 3 young (3072K), 3 survivors (3072K)
 Metaspace       used 38478K, committed 38848K, reserved 1089536K
  class space    used 4937K, committed 5120K, reserved 1048576K
}
Event: 6.546 GC heap before
{Heap before GC invocations=17 (full 0):
 garbage-first heap   total 111616K, used 81170K [0x0000000082000000, 0x0000000100000000)
  region size 1024K, 44 young (45056K), 3 survivors (3072K)
 Metaspace       used 38796K, committed 39232K, reserved 1089536K
  class space    used 4968K, committed 5184K, reserved 1048576K
}
Event: 6.562 GC heap after
{Heap after GC invocations=18 (full 0):
 garbage-first heap   total 111616K, used 52036K [0x0000000082000000, 0x0000000100000000)
  region size 1024K, 6 young (6144K), 6 survivors (6144K)
 Metaspace       used 38796K, committed 39232K, reserved 1089536K
  class space    used 4968K, committed 5184K, reserved 1048576K
}
Event: 6.643 GC heap before
{Heap before GC invocations=18 (full 0):
 garbage-first heap   total 111616K, used 53060K [0x0000000082000000, 0x0000000100000000)
  region size 1024K, 7 young (7168K), 6 survivors (6144K)
 Metaspace       used 38932K, committed 39360K, reserved 1089536K
  class space    used 4984K, committed 5184K, reserved 1048576K
}
Event: 6.651 GC heap after
{Heap after GC invocations=19 (full 0):
 garbage-first heap   total 111616K, used 53548K [0x0000000082000000, 0x0000000100000000)
  region size 1024K, 1 young (1024K), 1 survivors (1024K)
 Metaspace       used 38932K, committed 39360K, reserved 1089536K
  class space    used 4984K, committed 5184K, reserved 1048576K
}
Event: 6.893 GC heap before
{Heap before GC invocations=19 (full 0):
 garbage-first heap   total 111616K, used 73004K [0x0000000082000000, 0x0000000100000000)
  region size 1024K, 22 young (22528K), 1 survivors (1024K)
 Metaspace       used 39596K, committed 40000K, reserved 1089536K
  class space    used 5063K, committed 5248K, reserved 1048576K
}
Event: 6.898 GC heap after
{Heap after GC invocations=20 (full 0):
 garbage-first heap   total 111616K, used 59314K [0x0000000082000000, 0x0000000100000000)
  region size 1024K, 4 young (4096K), 4 survivors (4096K)
 Metaspace       used 39596K, committed 40000K, reserved 1089536K
  class space    used 5063K, committed 5248K, reserved 1048576K
}
Event: 7.109 GC heap before
{Heap before GC invocations=20 (full 0):
 garbage-first heap   total 126976K, used 84914K [0x0000000082000000, 0x0000000100000000)
  region size 1024K, 28 young (28672K), 4 survivors (4096K)
 Metaspace       used 41022K, committed 41408K, reserved 1089536K
  class space    used 5175K, committed 5312K, reserved 1048576K
}
Event: 7.125 GC heap after
{Heap after GC invocations=21 (full 0):
 garbage-first heap   total 126976K, used 70977K [0x0000000082000000, 0x0000000100000000)
  region size 1024K, 4 young (4096K), 4 survivors (4096K)
 Metaspace       used 41022K, committed 41408K, reserved 1089536K
  class space    used 5175K, committed 5312K, reserved 1048576K
}
Event: 7.198 GC heap before
{Heap before GC invocations=22 (full 0):
 garbage-first heap   total 126976K, used 93505K [0x0000000082000000, 0x0000000100000000)
  region size 1024K, 27 young (27648K), 4 survivors (4096K)
 Metaspace       used 41505K, committed 41920K, reserved 1089536K
  class space    used 5210K, committed 5376K, reserved 1048576K
}
Event: 7.221 GC heap after
{Heap after GC invocations=23 (full 0):
 garbage-first heap   total 126976K, used 75637K [0x0000000082000000, 0x0000000100000000)
  region size 1024K, 4 young (4096K), 4 survivors (4096K)
 Metaspace       used 41505K, committed 41920K, reserved 1089536K
  class space    used 5210K, committed 5376K, reserved 1048576K
}
Event: 7.227 GC heap before
{Heap before GC invocations=23 (full 0):
 garbage-first heap   total 126976K, used 77685K [0x0000000082000000, 0x0000000100000000)
  region size 1024K, 6 young (6144K), 4 survivors (4096K)
 Metaspace       used 41505K, committed 41920K, reserved 1089536K
  class space    used 5210K, committed 5376K, reserved 1048576K
}

Dll operation events (8 events):
Event: 0.021 Loaded shared library c:\Users\Legend\.vscode\extensions\redhat.java-1.13.0-win32-x64\jre\17.0.5-win32-x86_64\bin\java.dll
Event: 0.414 Loaded shared library C:\Users\Legend\.vscode\extensions\redhat.java-1.13.0-win32-x64\jre\17.0.5-win32-x86_64\bin\net.dll
Event: 0.417 Loaded shared library C:\Users\Legend\.vscode\extensions\redhat.java-1.13.0-win32-x64\jre\17.0.5-win32-x86_64\bin\nio.dll
Event: 0.453 Loaded shared library C:\Users\Legend\.vscode\extensions\redhat.java-1.13.0-win32-x64\jre\17.0.5-win32-x86_64\bin\zip.dll
Event: 0.821 Loaded shared library C:\Users\Legend\.vscode\extensions\redhat.java-1.13.0-win32-x64\jre\17.0.5-win32-x86_64\bin\jimage.dll
Event: 1.013 Loaded shared library c:\Users\Legend\.vscode\extensions\redhat.java-1.13.0-win32-x64\jre\17.0.5-win32-x86_64\bin\verify.dll
Event: 4.897 Loaded shared library C:\Users\Legend\.vscode\extensions\redhat.java-1.13.0-win32-x64\jre\17.0.5-win32-x86_64\bin\management.dll
Event: 4.903 Loaded shared library C:\Users\Legend\.vscode\extensions\redhat.java-1.13.0-win32-x64\jre\17.0.5-win32-x86_64\bin\management_ext.dll

Deoptimization events (10 events):
Event: 2.871 Thread 0x000001fd565e32c0 DEOPT PACKING pc=0x000001fd5af64419 sp=0x000000bbdfcfd520
Event: 2.871 Thread 0x000001fd565e32c0 DEOPT UNPACKING pc=0x000001fd5aaa2b43 sp=0x000000bbdfcfca00 mode 3
Event: 5.440 Thread 0x000001fd671f1d80 DEOPT PACKING pc=0x000001fd5b1639b5 sp=0x000000bbe17fdaf0
Event: 5.440 Thread 0x000001fd671f1d80 DEOPT UNPACKING pc=0x000001fd5aaa2b43 sp=0x000000bbe17fd018 mode 3
Event: 5.655 Thread 0x000001fd6724a420 DEOPT PACKING pc=0x000001fd5b1810ab sp=0x000000bbe1afe2d0
Event: 5.655 Thread 0x000001fd6724a420 DEOPT UNPACKING pc=0x000001fd5aaa2b43 sp=0x000000bbe1afd818 mode 3
Event: 5.714 Thread 0x000001fd67216500 DEOPT PACKING pc=0x000001fd5af65e81 sp=0x000000bbe16fd730
Event: 5.714 Thread 0x000001fd67216500 DEOPT UNPACKING pc=0x000001fd5aaa2b43 sp=0x000000bbe16fcbc0 mode 3
Event: 6.020 Thread 0x000001fd65cdad70 DEOPT PACKING pc=0x000001fd5af5d317 sp=0x000000bbe25fef60
Event: 6.020 Thread 0x000001fd65cdad70 DEOPT UNPACKING pc=0x000001fd5aaa2b43 sp=0x000000bbe25fe3b8 mode 3

Classes unloaded (0 events):
No events

Classes redefined (0 events):
No events

Internal exceptions (20 events):
Event: 5.734 Thread 0x000001fd65cdc580 Exception <a 'sun/nio/fs/WindowsException'{0x000000008860d500}> (0x000000008860d500) 
thrown [s\src\hotspot\share\prims\jni.cpp, line 516]
Event: 5.734 Thread 0x000001fd65cdc580 Exception <a 'sun/nio/fs/WindowsException'{0x000000008860d910}> (0x000000008860d910) 
thrown [s\src\hotspot\share\prims\jni.cpp, line 516]
Event: 5.734 Thread 0x000001fd65cdc580 Exception <a 'sun/nio/fs/WindowsException'{0x000000008860e338}> (0x000000008860e338) 
thrown [s\src\hotspot\share\prims\jni.cpp, line 516]
Event: 5.735 Thread 0x000001fd65cdc580 Exception <a 'sun/nio/fs/WindowsException'{0x000000008860e718}> (0x000000008860e718) 
thrown [s\src\hotspot\share\prims\jni.cpp, line 516]
Event: 5.735 Thread 0x000001fd65cdc580 Exception <a 'sun/nio/fs/WindowsException'{0x000000008860f118}> (0x000000008860f118) 
thrown [s\src\hotspot\share\prims\jni.cpp, line 516]
Event: 5.735 Thread 0x000001fd65cdc580 Exception <a 'sun/nio/fs/WindowsException'{0x000000008860f4c8}> (0x000000008860f4c8) 
thrown [s\src\hotspot\share\prims\jni.cpp, line 516]
Event: 5.735 Thread 0x000001fd65cdc580 Exception <a 'sun/nio/fs/WindowsException'{0x000000008860fed0}> (0x000000008860fed0) 
thrown [s\src\hotspot\share\prims\jni.cpp, line 516]
Event: 5.735 Thread 0x000001fd65cdc580 Exception <a 'sun/nio/fs/WindowsException'{0x0000000088610290}> (0x0000000088610290) 
thrown [s\src\hotspot\share\prims\jni.cpp, line 516]
Event: 5.735 Thread 0x000001fd65cdc580 Exception <a 'sun/nio/fs/WindowsException'{0x0000000088610c90}> (0x0000000088610c90) 
thrown [s\src\hotspot\share\prims\jni.cpp, line 516]
Event: 5.735 Thread 0x000001fd65cdc580 Exception <a 'sun/nio/fs/WindowsException'{0x0000000088611040}> (0x0000000088611040) 
thrown [s\src\hotspot\share\prims\jni.cpp, line 516]
Event: 5.736 Thread 0x000001fd65cdc580 Exception <a 'sun/nio/fs/WindowsException'{0x0000000088611a48}> (0x0000000088611a48) 
thrown [s\src\hotspot\share\prims\jni.cpp, line 516]
Event: 5.736 Thread 0x000001fd65cdc580 Exception <a 'sun/nio/fs/WindowsException'{0x0000000088611e08}> (0x0000000088611e08) 
thrown [s\src\hotspot\share\prims\jni.cpp, line 516]
Event: 5.736 Thread 0x000001fd65cdc580 Exception <a 'sun/nio/fs/WindowsException'{0x0000000088612830}> (0x0000000088612830) 
thrown [s\src\hotspot\share\prims\jni.cpp, line 516]
Event: 5.736 Thread 0x000001fd65cdc580 Exception <a 'sun/nio/fs/WindowsException'{0x0000000088612c10}> (0x0000000088612c10) 
thrown [s\src\hotspot\share\prims\jni.cpp, line 516]
Event: 5.736 Thread 0x000001fd65cdc580 Exception <a 'sun/nio/fs/WindowsException'{0x0000000088628dc0}> (0x0000000088628dc0) 
thrown [s\src\hotspot\share\prims\jni.cpp, line 516]
Event: 5.736 Thread 0x000001fd65cdc580 Exception <a 'sun/nio/fs/WindowsException'{0x00000000886291b0}> (0x00000000886291b0) 
thrown [s\src\hotspot\share\prims\jni.cpp, line 516]
Event: 5.736 Thread 0x000001fd65cdc580 Exception <a 'sun/nio/fs/WindowsException'{0x0000000088629be0}> (0x0000000088629be0) 
thrown [s\src\hotspot\share\prims\jni.cpp, line 516]
Event: 5.736 Thread 0x000001fd65cdc580 Exception <a 'sun/nio/fs/WindowsException'{0x0000000088629fd0}> (0x0000000088629fd0) 
thrown [s\src\hotspot\share\prims\jni.cpp, line 516]
Event: 6.693 Thread 0x000001fd671f1d80 Exception <a 'java/lang/NoSuchMethodError'{0x0000000088aed5a8}: 'java.lang.Object java.lang.invoke.Invokers$Holder.invoke_MT(java.lang.Object, java.lang.Object, java.lang.Object)'> (0x0000000088aed5a8) 
thrown [s\src\hotspot\share\interpreter\linkResolver.cpp, line 759]
Event: 6.909 Thread 0x000001fd671f1d80 Exception <a 'java/lang/NoSuchMethodError'{0x0000000089db0790}: 'java.lang.Object java.lang.invoke.DirectMethodHandle$Holder.newInvokeSpecial(java.lang.Object, java.lang.Object, int)'> (0x0000000089db0790) 
thrown [s\src\hotspot\share\interpreter\linkResolver.cpp, line 759]

VM Operations (20 events):
Event: 6.652 Executing VM operation: G1CollectForAllocation done
Event: 6.674 Executing VM operation: HandshakeAllThreads
Event: 6.674 Executing VM operation: HandshakeAllThreads done
Event: 6.677 Executing VM operation: HandshakeAllThreads
Event: 6.677 Executing VM operation: HandshakeAllThreads done
Event: 6.761 Executing VM operation: HandshakeAllThreads
Event: 6.761 Executing VM operation: HandshakeAllThreads done
Event: 6.893 Executing VM operation: G1TryInitiateConcMark
Event: 6.898 Executing VM operation: G1TryInitiateConcMark done
Event: 7.029 Executing VM operation: G1Concurrent
Event: 7.046 Executing VM operation: G1Concurrent done
Event: 7.109 Executing VM operation: G1CollectForAllocation
Event: 7.125 Executing VM operation: G1CollectForAllocation done
Event: 7.132 Executing VM operation: G1Concurrent
Event: 7.133 Executing VM operation: G1Concurrent done
Event: 7.197 Executing VM operation: G1CollectForAllocation
Event: 7.198 Executing VM operation: G1CollectForAllocation done
Event: 7.198 Executing VM operation: G1CollectForAllocation
Event: 7.222 Executing VM operation: G1CollectForAllocation done
Event: 7.227 Executing VM operation: G1CollectForAllocation

Events (20 events):
Event: 6.912 loading class java/util/concurrent/CompletableFuture$BiCompletion
Event: 6.912 loading class java/util/concurrent/CompletableFuture$BiCompletion done
Event: 6.912 loading class java/util/concurrent/CompletableFuture$BiRelay done
Event: 6.912 loading class java/util/concurrent/CompletableFuture$CoCompletion
Event: 6.912 loading class java/util/concurrent/CompletableFuture$CoCompletion done
Event: 6.915 Thread 0x000001fd6745a000 Thread added: 0x000001fd6745a000
Event: 6.917 Thread 0x000001fd6745ae70 Thread added: 0x000001fd6745ae70
Event: 6.918 Thread 0x000001fd674587f0 Thread added: 0x000001fd674587f0
Event: 6.932 Thread 0x000001fd6745a4d0 Thread added: 0x000001fd6745a4d0
Event: 6.933 loading class java/util/concurrent/CompletableFuture$AsyncSupply
Event: 6.933 loading class java/util/concurrent/CompletableFuture$AsyncSupply done
Event: 6.934 Thread 0x000001fd67459660 Thread added: 0x000001fd67459660
Event: 7.004 loading class sun/util/ResourceBundleEnumeration
Event: 7.004 loading class sun/util/ResourceBundleEnumeration done
Event: 7.055 loading class java/lang/AbstractMethodError
Event: 7.055 loading class java/lang/AbstractMethodError done
Event: 7.065 loading class sun/security/provider/MD5
Event: 7.065 loading class sun/security/provider/MD5 done
Event: 7.065 loading class sun/security/provider/ByteArrayAccess$LE
Event: 7.065 loading class sun/security/provider/ByteArrayAccess$LE done


Dynamic libraries:
0x00007ff6abc10000 - 0x00007ff6abc1e000 	c:\Users\Legend\.vscode\extensions\redhat.java-1.13.0-win32-x64\jre\17.0.5-win32-x86_64\bin\java.exe
0x00007ffe68450000 - 0x00007ffe68648000 	C:\WINDOWS\SYSTEM32\ntdll.dll
0x00007ffe673e0000 - 0x00007ffe6749f000 	C:\WINDOWS\System32\KERNEL32.DLL
0x00007ffe65e80000 - 0x00007ffe66152000 	C:\WINDOWS\System32\KERNELBASE.dll
0x00007ffe66370000 - 0x00007ffe66470000 	C:\WINDOWS\System32\ucrtbase.dll
0x00007ffe38b90000 - 0x00007ffe38ba7000 	c:\Users\Legend\.vscode\extensions\redhat.java-1.13.0-win32-x64\jre\17.0.5-win32-x86_64\bin\jli.dll
0x00007ffe67dd0000 - 0x00007ffe67f6d000 	C:\WINDOWS\System32\USER32.dll
0x00007ffe66470000 - 0x00007ffe66492000 	C:\WINDOWS\System32\win32u.dll
0x00007ffe66570000 - 0x00007ffe6659b000 	C:\WINDOWS\System32\GDI32.dll
0x00007ffe65d70000 - 0x00007ffe65e7f000 	C:\WINDOWS\System32\gdi32full.dll
0x00007ffe66190000 - 0x00007ffe6622d000 	C:\WINDOWS\System32\msvcp_win.dll
0x00007ffe334a0000 - 0x00007ffe334b9000 	c:\Users\Legend\.vscode\extensions\redhat.java-1.13.0-win32-x64\jre\17.0.5-win32-x86_64\bin\VCRUNTIME140.dll
0x00007ffe53380000 - 0x00007ffe5361a000 	C:\WINDOWS\WinSxS\amd64_microsoft.windows.common-controls_6595b64144ccf1df_6.0.19041.1110_none_60b5254171f9507e\COMCTL32.dll
0x00007ffe66cf0000 - 0x00007ffe66d8e000 	C:\WINDOWS\System32\msvcrt.dll
0x00007ffe673a0000 - 0x00007ffe673d2000 	C:\WINDOWS\System32\IMM32.DLL
0x00007ffe4bcf0000 - 0x00007ffe4bcfc000 	c:\Users\Legend\.vscode\extensions\redhat.java-1.13.0-win32-x64\jre\17.0.5-win32-x86_64\bin\vcruntime140_1.dll
0x00007ffe23c00000 - 0x00007ffe23c91000 	c:\Users\Legend\.vscode\extensions\redhat.java-1.13.0-win32-x64\jre\17.0.5-win32-x86_64\bin\msvcp140.dll
0x00007ffe22fb0000 - 0x00007ffe23bf4000 	c:\Users\Legend\.vscode\extensions\redhat.java-1.13.0-win32-x64\jre\17.0.5-win32-x86_64\bin\server\jvm.dll
0x00007ffe66df0000 - 0x00007ffe66e9e000 	C:\WINDOWS\System32\ADVAPI32.dll
0x00007ffe66fd0000 - 0x00007ffe6706c000 	C:\WINDOWS\System32\sechost.dll
0x00007ffe67f70000 - 0x00007ffe68095000 	C:\WINDOWS\System32\RPCRT4.dll
0x00007ffe500b0000 - 0x00007ffe500b9000 	C:\WINDOWS\SYSTEM32\WSOCK32.dll
0x00007ffe675b0000 - 0x00007ffe6761b000 	C:\WINDOWS\System32\WS2_32.dll
0x00007ffe53970000 - 0x00007ffe53997000 	C:\WINDOWS\SYSTEM32\WINMM.dll
0x00007ffe5b490000 - 0x00007ffe5b49a000 	C:\WINDOWS\SYSTEM32\VERSION.dll
0x00007ffe643a0000 - 0x00007ffe643b2000 	C:\WINDOWS\SYSTEM32\kernel.appcore.dll
0x00007ffe48850000 - 0x00007ffe4885a000 	c:\Users\Legend\.vscode\extensions\redhat.java-1.13.0-win32-x64\jre\17.0.5-win32-x86_64\bin\jimage.dll
0x00007ffe63900000 - 0x00007ffe63ae4000 	C:\WINDOWS\SYSTEM32\DBGHELP.DLL
0x00007ffe4b940000 - 0x00007ffe4b96c000 	C:\WINDOWS\SYSTEM32\dbgcore.DLL
0x00007ffe66230000 - 0x00007ffe662b2000 	C:\WINDOWS\System32\bcryptPrimitives.dll
0x00007ffe32b00000 - 0x00007ffe32b25000 	c:\Users\Legend\.vscode\extensions\redhat.java-1.13.0-win32-x64\jre\17.0.5-win32-x86_64\bin\java.dll
0x00007ffe32ae0000 - 0x00007ffe32af8000 	c:\Users\Legend\.vscode\extensions\redhat.java-1.13.0-win32-x64\jre\17.0.5-win32-x86_64\bin\zip.dll
0x00007ffe665a0000 - 0x00007ffe66ce3000 	C:\WINDOWS\System32\SHELL32.dll
0x00007ffe63bf0000 - 0x00007ffe64382000 	C:\WINDOWS\SYSTEM32\windows.storage.dll
0x00007ffe680a0000 - 0x00007ffe683f4000 	C:\WINDOWS\System32\combase.dll
0x00007ffe65530000 - 0x00007ffe65560000 	C:\WINDOWS\SYSTEM32\Wldp.dll
0x00007ffe67af0000 - 0x00007ffe67b9d000 	C:\WINDOWS\System32\SHCORE.dll
0x00007ffe67620000 - 0x00007ffe67675000 	C:\WINDOWS\System32\shlwapi.dll
0x00007ffe65a90000 - 0x00007ffe65aaf000 	C:\WINDOWS\SYSTEM32\profapi.dll
0x00007ffe325c0000 - 0x00007ffe325d9000 	C:\Users\Legend\.vscode\extensions\redhat.java-1.13.0-win32-x64\jre\17.0.5-win32-x86_64\bin\net.dll
0x00007ffe53de0000 - 0x00007ffe53eec000 	C:\WINDOWS\SYSTEM32\WINHTTP.dll
0x00007ffe652a0000 - 0x00007ffe6530a000 	C:\WINDOWS\system32\mswsock.dll
0x00007ffe32540000 - 0x00007ffe32555000 	C:\Users\Legend\.vscode\extensions\redhat.java-1.13.0-win32-x64\jre\17.0.5-win32-x86_64\bin\nio.dll
0x00007ffe474a0000 - 0x00007ffe474b0000 	c:\Users\Legend\.vscode\extensions\redhat.java-1.13.0-win32-x64\jre\17.0.5-win32-x86_64\bin\verify.dll
0x00007ffe65490000 - 0x00007ffe654a8000 	C:\WINDOWS\SYSTEM32\CRYPTSP.dll
0x00007ffe64b50000 - 0x00007ffe64b84000 	C:\WINDOWS\system32\rsaenh.dll
0x00007ffe66160000 - 0x00007ffe66187000 	C:\WINDOWS\System32\bcrypt.dll
0x00007ffe65a50000 - 0x00007ffe65a7e000 	C:\WINDOWS\SYSTEM32\USERENV.dll
0x00007ffe65560000 - 0x00007ffe6556c000 	C:\WINDOWS\SYSTEM32\CRYPTBASE.dll
0x00007ffe64f20000 - 0x00007ffe64f5b000 	C:\WINDOWS\SYSTEM32\IPHLPAPI.DLL
0x00007ffe68400000 - 0x00007ffe68408000 	C:\WINDOWS\System32\NSI.dll
0x00007ffe55110000 - 0x00007ffe55127000 	C:\WINDOWS\SYSTEM32\dhcpcsvc6.DLL
0x00007ffe571c0000 - 0x00007ffe571dd000 	C:\WINDOWS\SYSTEM32\dhcpcsvc.DLL
0x00007ffe64f60000 - 0x00007ffe6502a000 	C:\WINDOWS\SYSTEM32\DNSAPI.dll
0x00007ffe61280000 - 0x00007ffe61289000 	C:\Users\Legend\.vscode\extensions\redhat.java-1.13.0-win32-x64\jre\17.0.5-win32-x86_64\bin\management.dll
0x00007ffe5d060000 - 0x00007ffe5d06b000 	C:\Users\Legend\.vscode\extensions\redhat.java-1.13.0-win32-x64\jre\17.0.5-win32-x86_64\bin\management_ext.dll
0x00007ffe670d0000 - 0x00007ffe670d8000 	C:\WINDOWS\System32\PSAPI.DLL

dbghelp: loaded successfully - version: 4.0.5 - missing functions: none
symbol engine: initialized successfully - sym options: 0x614 - pdb path: .;c:\Users\Legend\.vscode\extensions\redhat.java-1.13.0-win32-x64\jre\17.0.5-win32-x86_64\bin;C:\WINDOWS\SYSTEM32;C:\WINDOWS\WinSxS\amd64_microsoft.windows.common-controls_6595b64144ccf1df_6.0.19041.1110_none_60b5254171f9507e;c:\Users\Legend\.vscode\extensions\redhat.java-1.13.0-win32-x64\jre\17.0.5-win32-x86_64\bin\server

VM Arguments:
jvm_args: -Dsts.lsp.client=vscode -Dsts.log.file=/dev/null -XX:TieredStopAtLevel=1 -Xlog:jni+resolve=off -Dspring.config.location=file:c:\Users\Legend\.vscode\extensions\pivotal.vscode-spring-boot-1.43.0\language-server\BOOT-INF\classes\application.properties 
java_command: org.springframework.ide.vscode.boot.app.BootLanguageServerBootApp
java_class_path (initial): c:\Users\Legend\.vscode\extensions\pivotal.vscode-spring-boot-1.43.0\language-server\BOOT-INF\classes;c:\Users\Legend\.vscode\extensions\pivotal.vscode-spring-boot-1.43.0\language-server\BOOT-INF\lib\annotations-23.1.0.jar;c:\Users\Legend\.vscode\extensions\pivotal.vscode-spring-boot-1.43.0\language-server\BOOT-INF\lib\ant-1.10.12.jar;c:\Users\Legend\.vscode\extensions\pivotal.vscode-spring-boot-1.43.0\language-server\BOOT-INF\lib\ant-launcher-1.10.12.jar;c:\Users\Legend\.vscode\extensions\pivotal.vscode-spring-boot-1.43.0\language-server\BOOT-INF\lib\antlr-runtime-3.5.2.jar;c:\Users\Legend\.vscode\extensions\pivotal.vscode-spring-boot-1.43.0\language-server\BOOT-INF\lib\antlr4-4.9.3.jar;c:\Users\Legend\.vscode\extensions\pivotal.vscode-spring-boot-1.43.0\language-server\BOOT-INF\lib\antlr4-runtime-4.9.3.jar;c:\Users\Legend\.vscode\extensions\pivotal.vscode-spring-boot-1.43.0\language-server\BOOT-INF\lib\apiguardian-api-1.1.2.jar;c:\Users\Legend\.vscode\extensions\pivotal.vscode-spring-boot-1.43.0\language-server\BOOT-INF\lib\asm-9.4.jar;c:\Users\Legend\.vscode\extensions\pivotal.vscode-spring-boot-1.43.0\language-server\BOOT-INF\lib\asm-analysis-9.4.jar;c:\Users\Legend\.vscode\extensions\pivotal.vscode-spring-boot-1.43.0\language-server\BOOT-INF\lib\asm-tree-9.4.jar;c:\Users\Legend\.vscode\extensions\pivotal.vscode-spring-boot-1.43.0\language-server\BOOT-INF\lib\asm-util-9.4.jar;c:\Users\Legend\.vscode\extensions\pivotal.vscode-spring-boot-1.43.0\language-server\BOOT-INF\lib\caffeine-3.1.2.jar;c:\Users\Legend\.vscode\extensions\pivotal.vscode-spring-boot-1.43.0\language-server\BOOT-INF\lib\checker-qual-3.12.0.jar;c:\Users\Legend\.vscode\extensions\pivotal.vscode-spring-boot-1.43.0\language-server\BOOT-INF\lib\ci-environment-9.1.0.jar;c:\Users\Legend\.vscode\extensions\pivotal.vscode-spring-boot-1.43.0\language-server\BOOT-INF\lib\classgraph-4.8.149.jar;c:\Users\Legend\.vscode\extensions\pivotal.vscode-spring-boot-1.43.0\language-server\
Launcher Type: SUN_STANDARD

[Global flags]
     intx CICompilerCount                          = 3                                         {product} {ergonomic}
     uint ConcGCThreads                            = 1                                         {product} {ergonomic}
     uint G1ConcRefinementThreads                  = 4                                         {product} {ergonomic}
   size_t G1HeapRegionSize                         = 1048576                                   {product} {ergonomic}
    uintx GCDrainStackTargetSize                   = 64                                        {product} {ergonomic}
   size_t InitialHeapSize                          = 132120576                                 {product} {ergonomic}
   size_t MarkStackSize                            = 4194304                                   {product} {ergonomic}
   size_t MaxHeapSize                              = 2113929216                                {product} {ergonomic}
   size_t MaxNewSize                               = 1267728384                                {product} {ergonomic}
   size_t MinHeapDeltaBytes                        = 1048576                                   {product} {ergonomic}
   size_t MinHeapSize                              = 8388608                                   {product} {ergonomic}
    uintx NonProfiledCodeHeapSize                  = 0                                      {pd product} {ergonomic}
     bool ProfileInterpreter                       = false                                  {pd product} {command line}
    uintx ProfiledCodeHeapSize                     = 0                                      {pd product} {ergonomic}
   size_t SoftMaxHeapSize                          = 2113929216                             {manageable} {ergonomic}
     intx TieredStopAtLevel                        = 1                                         {product} {command line}
     bool UseCompressedClassPointers               = true                           {product lp64_product} {ergonomic}
     bool UseCompressedOops                        = true                           {product lp64_product} {ergonomic}
     bool UseG1GC                                  = true                                      {product} {ergonomic}
     bool UseLargePagesIndividualAllocation        = false                                  {pd product} {ergonomic}

Logging:
Log output configuration:
 #0: stdout all=warning,jni+resolve=off uptime,level,tags
 #1: stderr all=off uptime,level,tags

Environment Variables:
JAVA_HOME=C:\Program Files\Java\jdk-13
PATH=C:\Program Files\Java\jdk-13\bin;C:\WINDOWS\system32;C:\WINDOWS;C:\WINDOWS\System32\Wbem;C:\WINDOWS\System32\WindowsPowerShell\v1.0\;C:\WINDOWS\System32\OpenSSH\;C:\scr\flutter\bin;C:\xampp\php;C:\ProgramData\ComposerSetup\bin;D:\apache-maven-3.8.5-bin\apache-maven-3.8.5\bin;C:\Program Files\Git\cmd;C:\Program Files\MySQL\MySQL Shell 8.0\bin\;C:\Users\Legend\AppData\Local\Microsoft\WindowsApps;C:\Program Files\Java\jdk-13\bin;C:\Users\Legend\AppData\Local\Pub\Cache\bin;C:\Users\Legend\AppData\Roaming\Composer\vendor\bin;C:\scr\flutter\bin;;C:\Program Files\JetBrains\IntelliJ IDEA 2022.2.3\bin;;C:\Users\Legend\AppData\Local\Programs\Microsoft VS Code\bin;C:\Program Files\JetBrains\IntelliJ IDEA Community Edition 2022.2.3\bin;
USERNAME=Eman
OS=Windows_NT
PROCESSOR_IDENTIFIER=Intel64 Family 6 Model 78 Stepping 3, GenuineIntel
TMP=C:\Users\Legend\AppData\Local\Temp
TEMP=C:\Users\Legend\AppData\Local\Temp



---------------  S Y S T E M  ---------------

OS:
 Windows 10 , 64 bit Build 19041 (10.0.19041.2251)
OS uptime: 15 days 1:30 hours

CPU: total 4 (initial active 4) (2 cores per cpu, 2 threads per core) family 6 model 78 stepping 3 microcode 0xcc, cx8, cmov, fxsr, ht, mmx, 3dnowpref, sse, sse2, sse3, ssse3, sse4.1, sse4.2, popcnt, lzcnt, tsc, tscinvbit, avx, avx2, aes, erms, clmul, bmi1, bmi2, adx, fma, vzeroupper, clflush, clflushopt

Memory: 4k page, system-wide physical 8060M (357M free)
TotalPageFile size 11614M (AvailPageFile size 55M)
current process WorkingSet (physical memory assigned to process): 234M, peak: 234M
current process commit charge ("private bytes"): 265M, peak: 387M

vm_info: OpenJDK 64-Bit Server VM (17.0.5+8) for windows-amd64 JRE (17.0.5+8), built on Oct 19 2022 04:48:13 by "temurin" with MS VC++ 16.7 (VS2019)

END.
