#
# There is insufficient memory for the Java Runtime Environment to continue.
# Native memory allocation (mmap) failed to map 384827392 bytes for G1 virtual space
# Possible reasons:
#   The system is out of physical RAM or swap space
#   The process is running with CompressedOops enabled, and the Java Heap may be blocking the growth of the native heap
# Possible solutions:
#   Reduce memory load on the system
#   Increase physical memory or swap space
#   Check if swap backing store is full
#   Decrease Java heap size (-Xmx/-Xms)
#   Decrease number of Java threads
#   Decrease Java thread stack sizes (-Xss)
#   Set larger code cache with -XX:ReservedCodeCacheSize=
#   JVM is running with Unscaled Compressed Oops mode in which the Java heap is
#     placed in the first 4GB address space. The Java Heap base address is the
#     maximum limit for the native heap growth. Please use -XX:HeapBaseMinAddress
#     to set the Java Heap base and to place the Java Heap above 4GB virtual address.
# This output file may be truncated or incomplete.
#
#  Out of Memory Error (os_windows.cpp:3548), pid=15628, tid=3836
#
# JRE version: OpenJDK Runtime Environment Temurin-17.0.5+8 (17.0.5+8) (build 17.0.5+8)
# Java VM: OpenJDK 64-Bit Server VM Temurin-17.0.5+8 (17.0.5+8, mixed mode, emulated-client, tiered, compressed oops, compressed class ptrs, g1 gc, windows-amd64)
# No core dump will be written. Minidumps are not enabled by default on client versions of Windows
#

---------------  S U M M A R Y ------------

Command Line: -Dsts.lsp.client=vscode -Dsts.log.file=/dev/null -XX:TieredStopAtLevel=1 -Xlog:jni+resolve=off -Dspring.config.location=file:c:\Users\Legend\.vscode\extensions\pivotal.vscode-spring-boot-1.43.0\language-server\BOOT-INF\classes\application.properties org.springframework.ide.vscode.boot.app.BootLanguageServerBootApp

Host: Intel(R) Core(TM) i5-6200U CPU @ 2.30GHz, 4 cores, 7G,  Windows 10 , 64 bit Build 19041 (10.0.19041.2251)
Time: Wed Jan  4 23:48:12 2023 Pacific Standard Time elapsed time: 7.529361 seconds (0d 0h 0m 7s)

---------------  T H R E A D  ---------------

Current thread (0x000001c9f3934790):  VMThread "VM Thread" [stack: 0x0000008b3b500000,0x0000008b3b600000] [id=3836]

Stack: [0x0000008b3b500000,0x0000008b3b600000]
Native frames: (J=compiled Java code, j=interpreted, Vv=VM code, C=native code)
V  [jvm.dll+0x676b3a]
V  [jvm.dll+0x831444]
V  [jvm.dll+0x832bee]
V  [jvm.dll+0x833253]
V  [jvm.dll+0x244ce5]
V  [jvm.dll+0x673a49]
V  [jvm.dll+0x66811a]
V  [jvm.dll+0x303ceb]
V  [jvm.dll+0x30b1e6]
V  [jvm.dll+0x35adbe]
V  [jvm.dll+0x35afef]
V  [jvm.dll+0x2dab88]
V  [jvm.dll+0x2d8e3c]
V  [jvm.dll+0x2d840c]
V  [jvm.dll+0x31c31b]
V  [jvm.dll+0x8376fb]
V  [jvm.dll+0x838434]
V  [jvm.dll+0x83894c]
V  [jvm.dll+0x838d24]
V  [jvm.dll+0x838df0]
V  [jvm.dll+0x7e17ea]
V  [jvm.dll+0x6759e5]
C  [ucrtbase.dll+0x21bb2]
C  [KERNEL32.DLL+0x174b4]
C  [ntdll.dll+0x526a1]

VM_Operation (0x0000008b3d7fe330): G1CollectForAllocation, mode: safepoint, requested by thread 0x000001c9f5a46540


---------------  P R O C E S S  ---------------

Threads class SMR info:
_java_thread_list=0x000001c9f5c246f0, length=43, elements={
0x000001c9f3948380, 0x000001c9f39491f0, 0x000001c9f396e4e0, 0x000001c9f3971570,
0x000001c9f4408070, 0x000001c9f4408a20, 0x000001c9f4409480, 0x000001c9f4415380,
0x000001c9f4608a20, 0x000001c9f460c1a0, 0x000001c9e6f13650, 0x000001c9f4612be0,
0x000001c9f54d8d10, 0x000001c9f5921300, 0x000001c9f5836770, 0x000001c9e6f126e0,
0x000001c9f59b82e0, 0x000001c9f5a06b90, 0x000001c9f5a13460, 0x000001c9f5a1be00,
0x000001c9f5a473b0, 0x000001c9f5a486f0, 0x000001c9f5a47880, 0x000001c9f5a47d50,
0x000001c9f5a48220, 0x000001c9f5a49090, 0x000001c9f5a48bc0, 0x000001c9f5a49560,
0x000001c9f5a49a30, 0x000001c9f5a46070, 0x000001c9f5a46540, 0x000001c9f5a46a10,
0x000001c9f5a46ee0, 0x000001c9f4b00030, 0x000001c9f4aff690, 0x000001c9f4b00ea0,
0x000001c9f4b00500, 0x000001c9f4b04860, 0x000001c9f4b03050, 0x000001c9f4b01370,
0x000001c9f4b05200, 0x000001c9f4b026b0, 0x000001c9f4b039f0
}

Java Threads: ( => current thread )
  0x000001c9f3948380 JavaThread "Reference Handler" daemon [_thread_blocked, id=6588, stack(0x0000008b3b600000,0x0000008b3b700000)]
  0x000001c9f39491f0 JavaThread "Finalizer" daemon [_thread_blocked, id=9940, stack(0x0000008b3b700000,0x0000008b3b800000)]
  0x000001c9f396e4e0 JavaThread "Signal Dispatcher" daemon [_thread_blocked, id=8816, stack(0x0000008b3b800000,0x0000008b3b900000)]
  0x000001c9f3971570 JavaThread "Attach Listener" daemon [_thread_blocked, id=10344, stack(0x0000008b3b900000,0x0000008b3ba00000)]
  0x000001c9f4408070 JavaThread "Service Thread" daemon [_thread_blocked, id=16044, stack(0x0000008b3ba00000,0x0000008b3bb00000)]
  0x000001c9f4408a20 JavaThread "Monitor Deflation Thread" daemon [_thread_blocked, id=7636, stack(0x0000008b3bb00000,0x0000008b3bc00000)]
  0x000001c9f4409480 JavaThread "C1 CompilerThread0" daemon [_thread_blocked, id=2264, stack(0x0000008b3bc00000,0x0000008b3bd00000)]
  0x000001c9f4415380 JavaThread "Sweeper thread" daemon [_thread_blocked, id=5048, stack(0x0000008b3bd00000,0x0000008b3be00000)]
  0x000001c9f4608a20 JavaThread "Notification Thread" daemon [_thread_blocked, id=10464, stack(0x0000008b3be00000,0x0000008b3bf00000)]
  0x000001c9f460c1a0 JavaThread "Common-Cleaner" daemon [_thread_blocked, id=18080, stack(0x0000008b3c000000,0x0000008b3c100000)]
  0x000001c9e6f13650 JavaThread "C1 CompilerThread1" daemon [_thread_blocked, id=11164, stack(0x0000008b3c100000,0x0000008b3c200000)]
  0x000001c9f4612be0 JavaThread "C1 CompilerThread2" daemon [_thread_blocked, id=12256, stack(0x0000008b3c200000,0x0000008b3c300000)]
  0x000001c9f54d8d10 JavaThread "boundedElastic-evictor-1" daemon [_thread_blocked, id=2268, stack(0x0000008b3c600000,0x0000008b3c700000)]
  0x000001c9f5921300 JavaThread "pool-11-thread-1" [_thread_blocked, id=13676, stack(0x0000008b3c700000,0x0000008b3c800000)]
  0x000001c9f5836770 JavaThread "LanguageServerApp-lifecycle" [_thread_blocked, id=10632, stack(0x0000008b3c800000,0x0000008b3c900000)]
  0x000001c9e6f126e0 JavaThread "DestroyJavaVM" [_thread_blocked, id=5464, stack(0x0000008b3af00000,0x0000008b3b000000)]
  0x000001c9f59b82e0 JavaThread "pool-12-thread-1" [_thread_in_native, id=12580, stack(0x0000008b3c900000,0x0000008b3ca00000)]
  0x000001c9f5a06b90 JavaThread "Simple-Language-Server main thread" daemon [_thread_blocked, id=13276, stack(0x0000008b3ca00000,0x0000008b3cb00000)]
  0x000001c9f5a13460 JavaThread "pool-8-thread-1" [_thread_blocked, id=9592, stack(0x0000008b3cb00000,0x0000008b3cc00000)]
  0x000001c9f5a1be00 JavaThread "parallel-1" daemon [_thread_blocked, id=15420, stack(0x0000008b3cc00000,0x0000008b3cd00000)]
  0x000001c9f5a473b0 JavaThread "ForkJoinPool.commonPool-worker-1" daemon [_thread_blocked, id=2668, stack(0x0000008b3cd00000,0x0000008b3ce00000)]
  0x000001c9f5a486f0 JavaThread "pool-5-thread-1" [_thread_blocked, id=15568, stack(0x0000008b3ce00000,0x0000008b3cf00000)]
  0x000001c9f5a47880 JavaThread "ForkJoinPool.commonPool-worker-2" daemon [_thread_blocked, id=5940, stack(0x0000008b3cf00000,0x0000008b3d000000)]
  0x000001c9f5a47d50 JavaThread "pool-5-thread-2" [_thread_blocked, id=11572, stack(0x0000008b3d000000,0x0000008b3d100000)]
  0x000001c9f5a48220 JavaThread "parallel-2" daemon [_thread_blocked, id=820, stack(0x0000008b3d100000,0x0000008b3d200000)]
  0x000001c9f5a49090 JavaThread "ClassGraph-worker-0" daemon [_thread_blocked, id=14900, stack(0x0000008b3d200000,0x0000008b3d300000)]
  0x000001c9f5a48bc0 JavaThread "ClassGraph-worker-1" daemon [_thread_blocked, id=14836, stack(0x0000008b3d300000,0x0000008b3d400000)]
  0x000001c9f5a49560 JavaThread "ClassGraph-worker-2" daemon [_thread_blocked, id=14604, stack(0x0000008b3d400000,0x0000008b3d500000)]
  0x000001c9f5a49a30 JavaThread "ClassGraph-worker-3" daemon [_thread_blocked, id=5292, stack(0x0000008b3d500000,0x0000008b3d600000)]
  0x000001c9f5a46070 JavaThread "ClassGraph-worker-4" daemon [_thread_blocked, id=5368, stack(0x0000008b3d600000,0x0000008b3d700000)]
  0x000001c9f5a46540 JavaThread "ClassGraph-worker-5" daemon [_thread_blocked, id=1696, stack(0x0000008b3d700000,0x0000008b3d800000)]
  0x000001c9f5a46a10 JavaThread "ClassGraph-worker-6" daemon [_thread_blocked, id=9772, stack(0x0000008b3d800000,0x0000008b3d900000)]
  0x000001c9f5a46ee0 JavaThread "ClassGraph-worker-7" daemon [_thread_blocked, id=11460, stack(0x0000008b3d900000,0x0000008b3da00000)]
  0x000001c9f4b00030 JavaThread "Reconciler-1" daemon [_thread_blocked, id=1996, stack(0x0000008b3da00000,0x0000008b3db00000)]
  0x000001c9f4aff690 JavaThread "pool-6-thread-1" [_thread_blocked, id=12684, stack(0x0000008b3dc00000,0x0000008b3dd00000)]
  0x000001c9f4b00ea0 JavaThread "pool-10-thread-1" [_thread_blocked, id=15456, stack(0x0000008b3dd00000,0x0000008b3de00000)]
  0x000001c9f4b00500 JavaThread "parallel-3" daemon [_thread_blocked, id=1824, stack(0x0000008b3de00000,0x0000008b3df00000)]
  0x000001c9f4b04860 JavaThread "parallel-4" daemon [_thread_blocked, id=13596, stack(0x0000008b3df00000,0x0000008b3e000000)]
  0x000001c9f4b03050 JavaThread "pool-10-thread-2" [_thread_blocked, id=1232, stack(0x0000008b3e000000,0x0000008b3e100000)]
  0x000001c9f4b01370 JavaThread "ForkJoinPool.commonPool-worker-3" daemon [_thread_blocked, id=14004, stack(0x0000008b3e100000,0x0000008b3e200000)]
  0x000001c9f4b05200 JavaThread "Project-Reconciler-1" daemon [_thread_blocked, id=6584, stack(0x0000008b3e300000,0x0000008b3e400000)]
  0x000001c9f4b026b0 JavaThread "Project-Reconciler-2" daemon [_thread_blocked, id=2496, stack(0x0000008b3e400000,0x0000008b3e500000)]
  0x000001c9f4b039f0 JavaThread "pool-10-thread-3" [_thread_blocked, id=9600, stack(0x0000008b3e500000,0x0000008b3e600000)]

Other Threads:
=>0x000001c9f3934790 VMThread "VM Thread" [stack: 0x0000008b3b500000,0x0000008b3b600000] [id=3836]
  0x000001c9f4608ef0 WatcherThread [stack: 0x0000008b3bf00000,0x0000008b3c000000] [id=1320]
  0x000001c9e6f72070 GCTaskThread "GC Thread#0" [stack: 0x0000008b3b000000,0x0000008b3b100000] [id=3080]
  0x000001c9f4e37b50 GCTaskThread "GC Thread#1" [stack: 0x0000008b3c300000,0x0000008b3c400000] [id=10116]
  0x000001c9f4e37e00 GCTaskThread "GC Thread#2" [stack: 0x0000008b3c400000,0x0000008b3c500000] [id=16424]
  0x000001c9f4fa6820 GCTaskThread "GC Thread#3" [stack: 0x0000008b3c500000,0x0000008b3c600000] [id=5644]
  0x000001c9e6f82bb0 ConcurrentGCThread "G1 Main Marker" [stack: 0x0000008b3b100000,0x0000008b3b200000] [id=6180]
  0x000001c9e6f83d60 ConcurrentGCThread "G1 Conc#0" [stack: 0x0000008b3b200000,0x0000008b3b300000] [id=7400]
  0x000001c9e6fdcf30 ConcurrentGCThread "G1 Refine#0" [stack: 0x0000008b3b300000,0x0000008b3b400000] [id=12512]
  0x000001c9f8afe030 ConcurrentGCThread "G1 Refine#1" [stack: 0x0000008b3db00000,0x0000008b3dc00000] [id=17828]
  0x000001c9f8e63f80 ConcurrentGCThread "G1 Refine#2" [stack: 0x0000008b3e200000,0x0000008b3e300000] [id=12940]
  0x000001c9f37a20b0 ConcurrentGCThread "G1 Service" [stack: 0x0000008b3b400000,0x0000008b3b500000] [id=11996]

Threads with active compile tasks:

VM state: at safepoint (normal execution)

VM Mutex/Monitor currently owned by a thread:  ([mutex/lock_event])
[0x000001c9e4e09ff0] Threads_lock - owner thread: 0x000001c9f3934790
[0x000001c9e6f10460] Heap_lock - owner thread: 0x000001c9f5a46540

Heap address: 0x0000000082000000, size: 2016 MB, Compressed Oops mode: 32-bit

CDS archive(s) not mapped
Compressed class space mapped at: 0x0000000100000000-0x0000000140000000, reserved size: 1073741824
Narrow klass base: 0x0000000000000000, Narrow klass shift: 3, Narrow klass range: 0x140000000

GC Precious Log:
 CPUs: 4 total, 4 available
 Memory: 8060M
 Large Page Support: Disabled
 NUMA Support: Disabled
 Compressed Oops: Enabled (32-bit)
 Heap Region Size: 1M
 Heap Min Capacity: 8M
 Heap Initial Capacity: 126M
 Heap Max Capacity: 2016M
 Pre-touch: Disabled
 Parallel Workers: 4
 Concurrent Workers: 1
 Concurrent Refinement Workers: 4
 Periodic GC: Disabled

Heap:
 garbage-first heap   total 307200K, used 90043K [0x0000000082000000, 0x0000000100000000)
  region size 1024K, 9 young (9216K), 9 survivors (9216K)
 Metaspace       used 43828K, committed 44224K, reserved 1089536K
  class space    used 5513K, committed 5696K, reserved 1048576K

Heap Regions: E=young(eden), S=young(survivor), O=old, HS=humongous(starts), HC=humongous(continues), CS=collection set, F=free, OA=open archive, CA=closed archive, TAMS=top-at-mark-start (previous, next)
|   0|0x0000000082000000, 0x0000000082100000, 0x0000000082100000|100%| O|  |TAMS 0x0000000082100000, 0x0000000082000000| Untracked 
|   1|0x0000000082100000, 0x0000000082200000, 0x0000000082200000|100%| O|  |TAMS 0x0000000082200000, 0x0000000082100000| Untracked 
|   2|0x0000000082200000, 0x0000000082300000, 0x0000000082300000|100%| O|  |TAMS 0x0000000082300000, 0x0000000082200000| Untracked 
|   3|0x0000000082300000, 0x0000000082400000, 0x0000000082400000|100%| O|  |TAMS 0x0000000082400000, 0x0000000082300000| Untracked 
|   4|0x0000000082400000, 0x0000000082500000, 0x0000000082500000|100%| O|  |TAMS 0x0000000082500000, 0x0000000082400000| Untracked 
|   5|0x0000000082500000, 0x0000000082600000, 0x0000000082600000|100%| O|  |TAMS 0x0000000082600000, 0x0000000082500000| Untracked 
|   6|0x0000000082600000, 0x0000000082700000, 0x0000000082700000|100%| O|  |TAMS 0x0000000082700000, 0x0000000082600000| Untracked 
|   7|0x0000000082700000, 0x0000000082800000, 0x0000000082800000|100%| O|  |TAMS 0x0000000082800000, 0x0000000082700000| Untracked 
|   8|0x0000000082800000, 0x0000000082900000, 0x0000000082900000|100%| O|  |TAMS 0x0000000082900000, 0x0000000082800000| Untracked 
|   9|0x0000000082900000, 0x0000000082a00000, 0x0000000082a00000|100%| O|  |TAMS 0x0000000082a00000, 0x0000000082900000| Untracked 
|  10|0x0000000082a00000, 0x0000000082b00000, 0x0000000082b00000|100%| O|  |TAMS 0x0000000082b00000, 0x0000000082a00000| Untracked 
|  11|0x0000000082b00000, 0x0000000082c00000, 0x0000000082c00000|100%| O|  |TAMS 0x0000000082c00000, 0x0000000082b00000| Untracked 
|  12|0x0000000082c00000, 0x0000000082d00000, 0x0000000082d00000|100%| O|  |TAMS 0x0000000082d00000, 0x0000000082c00000| Untracked 
|  13|0x0000000082d00000, 0x0000000082e00000, 0x0000000082e00000|100%| O|  |TAMS 0x0000000082e00000, 0x0000000082d00000| Untracked 
|  14|0x0000000082e00000, 0x0000000082f00000, 0x0000000082f00000|100%| O|  |TAMS 0x0000000082f00000, 0x0000000082e00000| Untracked 
|  15|0x0000000082f00000, 0x0000000083000000, 0x0000000083000000|100%| O|  |TAMS 0x0000000083000000, 0x0000000082f00000| Untracked 
|  16|0x0000000083000000, 0x0000000083100000, 0x0000000083100000|100%| O|  |TAMS 0x0000000083100000, 0x0000000083000000| Untracked 
|  17|0x0000000083100000, 0x0000000083200000, 0x0000000083200000|100%| O|  |TAMS 0x0000000083200000, 0x0000000083100000| Untracked 
|  18|0x0000000083200000, 0x0000000083300000, 0x0000000083300000|100%| O|  |TAMS 0x0000000083300000, 0x0000000083200000| Untracked 
|  19|0x0000000083300000, 0x0000000083400000, 0x0000000083400000|100%| O|  |TAMS 0x0000000083400000, 0x0000000083300000| Untracked 
|  20|0x0000000083400000, 0x0000000083500000, 0x0000000083500000|100%| O|  |TAMS 0x0000000083500000, 0x0000000083400000| Untracked 
|  21|0x0000000083500000, 0x0000000083600000, 0x0000000083600000|100%| O|  |TAMS 0x0000000083500000, 0x0000000083500000| Untracked 
|  22|0x0000000083600000, 0x0000000083700000, 0x0000000083700000|100%| O|  |TAMS 0x0000000083700000, 0x0000000083600000| Untracked 
|  23|0x0000000083700000, 0x0000000083800000, 0x0000000083800000|100%| O|  |TAMS 0x0000000083800000, 0x0000000083700000| Untracked 
|  24|0x0000000083800000, 0x0000000083900000, 0x0000000083900000|100%| O|  |TAMS 0x0000000083900000, 0x0000000083800000| Untracked 
|  25|0x0000000083900000, 0x0000000083a00000, 0x0000000083a00000|100%| O|  |TAMS 0x0000000083a00000, 0x0000000083900000| Untracked 
|  26|0x0000000083a00000, 0x0000000083b00000, 0x0000000083b00000|100%| O|  |TAMS 0x0000000083b00000, 0x0000000083a00000| Untracked 
|  27|0x0000000083b00000, 0x0000000083c00000, 0x0000000083c00000|100%| O|  |TAMS 0x0000000083c00000, 0x0000000083b00000| Untracked 
|  28|0x0000000083c00000, 0x0000000083d00000, 0x0000000083d00000|100%| O|  |TAMS 0x0000000083d00000, 0x0000000083c00000| Untracked 
|  29|0x0000000083d00000, 0x0000000083e00000, 0x0000000083e00000|100%| O|  |TAMS 0x0000000083e00000, 0x0000000083d00000| Untracked 
|  30|0x0000000083e00000, 0x0000000083f00000, 0x0000000083f00000|100%| O|  |TAMS 0x0000000083f00000, 0x0000000083e00000| Untracked 
|  31|0x0000000083f00000, 0x0000000084000000, 0x0000000084000000|100%| O|  |TAMS 0x0000000084000000, 0x0000000083f00000| Untracked 
|  32|0x0000000084000000, 0x0000000084100000, 0x0000000084100000|100%| O|  |TAMS 0x0000000084100000, 0x0000000084000000| Untracked 
|  33|0x0000000084100000, 0x0000000084200000, 0x0000000084200000|100%| O|  |TAMS 0x0000000084200000, 0x0000000084100000| Untracked 
|  34|0x0000000084200000, 0x0000000084300000, 0x0000000084300000|100%| O|  |TAMS 0x0000000084300000, 0x0000000084200000| Untracked 
|  35|0x0000000084300000, 0x0000000084400000, 0x0000000084400000|100%| O|  |TAMS 0x0000000084400000, 0x0000000084300000| Untracked 
|  36|0x0000000084400000, 0x0000000084500000, 0x0000000084500000|100%| O|  |TAMS 0x0000000084400000, 0x0000000084400000| Untracked 
|  37|0x0000000084500000, 0x0000000084600000, 0x0000000084600000|100%| O|  |TAMS 0x0000000084500000, 0x0000000084500000| Untracked 
|  38|0x0000000084600000, 0x0000000084700000, 0x0000000084700000|100%| O|  |TAMS 0x0000000084700000, 0x0000000084600000| Untracked 
|  39|0x0000000084700000, 0x0000000084800000, 0x0000000084800000|100%| O|  |TAMS 0x0000000084800000, 0x0000000084700000| Untracked 
|  40|0x0000000084800000, 0x0000000084900000, 0x0000000084900000|100%| O|  |TAMS 0x0000000084900000, 0x0000000084800000| Untracked 
|  41|0x0000000084900000, 0x0000000084a00000, 0x0000000084a00000|100%| O|  |TAMS 0x0000000084a00000, 0x0000000084900000| Untracked 
|  42|0x0000000084a00000, 0x0000000084b00000, 0x0000000084b00000|100%| O|  |TAMS 0x0000000084b00000, 0x0000000084a00000| Untracked 
|  43|0x0000000084b00000, 0x0000000084c00000, 0x0000000084c00000|100%| O|  |TAMS 0x0000000084c00000, 0x0000000084b00000| Untracked 
|  44|0x0000000084c00000, 0x0000000084d00000, 0x0000000084d00000|100%| O|  |TAMS 0x0000000084d00000, 0x0000000084c00000| Untracked 
|  45|0x0000000084d00000, 0x0000000084e00000, 0x0000000084e00000|100%| O|  |TAMS 0x0000000084e00000, 0x0000000084d00000| Untracked 
|  46|0x0000000084e00000, 0x0000000084f00000, 0x0000000084f00000|100%| O|  |TAMS 0x0000000084f00000, 0x0000000084e00000| Untracked 
|  47|0x0000000084f00000, 0x0000000085000000, 0x0000000085000000|100%| O|  |TAMS 0x0000000085000000, 0x0000000084f00000| Untracked 
|  48|0x0000000085000000, 0x0000000085100000, 0x0000000085100000|100%| O|  |TAMS 0x0000000085100000, 0x0000000085000000| Untracked 
|  49|0x0000000085100000, 0x0000000085200000, 0x0000000085200000|100%| O|  |TAMS 0x0000000085200000, 0x0000000085100000| Untracked 
|  50|0x0000000085200000, 0x0000000085300000, 0x0000000085300000|100%| O|  |TAMS 0x0000000085300000, 0x0000000085200000| Untracked 
|  51|0x0000000085300000, 0x0000000085400000, 0x0000000085400000|100%| O|  |TAMS 0x0000000085400000, 0x0000000085300000| Untracked 
|  52|0x0000000085400000, 0x0000000085500000, 0x0000000085500000|100%| O|  |TAMS 0x0000000085500000, 0x0000000085400000| Untracked 
|  53|0x0000000085500000, 0x0000000085600000, 0x0000000085600000|100%| O|  |TAMS 0x0000000085541e00, 0x0000000085500000| Untracked 
|  54|0x0000000085600000, 0x00000000856bc600, 0x0000000085700000| 73%| O|  |TAMS 0x0000000085600000, 0x0000000085600000| Untracked 
|  55|0x0000000085700000, 0x0000000085800000, 0x0000000085800000|100%|HS|  |TAMS 0x0000000085700000, 0x0000000085700000| Complete 
|  56|0x0000000085800000, 0x0000000085900000, 0x0000000085900000|100%|HS|  |TAMS 0x0000000085800000, 0x0000000085800000| Complete 
|  57|0x0000000085900000, 0x0000000085a00000, 0x0000000085a00000|100%| O|  |TAMS 0x0000000085900000, 0x0000000085900000| Untracked 
|  58|0x0000000085a00000, 0x0000000085b00000, 0x0000000085b00000|100%| O|  |TAMS 0x0000000085a00000, 0x0000000085a00000| Untracked 
|  59|0x0000000085b00000, 0x0000000085c00000, 0x0000000085c00000|100%| O|  |TAMS 0x0000000085b00000, 0x0000000085b00000| Untracked 
|  60|0x0000000085c00000, 0x0000000085d00000, 0x0000000085d00000|100%| O|  |TAMS 0x0000000085c00000, 0x0000000085c00000| Untracked 
|  61|0x0000000085d00000, 0x0000000085e00000, 0x0000000085e00000|100%| O|  |TAMS 0x0000000085d00000, 0x0000000085d00000| Untracked 
|  62|0x0000000085e00000, 0x0000000085f00000, 0x0000000085f00000|100%| O|  |TAMS 0x0000000085e00000, 0x0000000085e00000| Untracked 
|  63|0x0000000085f00000, 0x0000000086000000, 0x0000000086000000|100%| O|  |TAMS 0x0000000085f00000, 0x0000000085f00000| Untracked 
|  64|0x0000000086000000, 0x0000000086100000, 0x0000000086100000|100%| O|  |TAMS 0x0000000086000000, 0x0000000086000000| Untracked 
|  65|0x0000000086100000, 0x0000000086200000, 0x0000000086200000|100%| O|  |TAMS 0x0000000086100000, 0x0000000086100000| Untracked 
|  66|0x0000000086200000, 0x0000000086300000, 0x0000000086300000|100%| O|  |TAMS 0x0000000086200000, 0x0000000086200000| Untracked 
|  67|0x0000000086300000, 0x0000000086400000, 0x0000000086400000|100%| O|  |TAMS 0x0000000086300000, 0x0000000086300000| Untracked 
|  68|0x0000000086400000, 0x0000000086500000, 0x0000000086500000|100%| O|  |TAMS 0x0000000086400000, 0x0000000086400000| Untracked 
|  69|0x0000000086500000, 0x0000000086600000, 0x0000000086600000|100%| O|  |TAMS 0x0000000086500000, 0x0000000086500000| Untracked 
|  70|0x0000000086600000, 0x0000000086700000, 0x0000000086700000|100%| O|  |TAMS 0x0000000086600000, 0x0000000086600000| Untracked 
|  71|0x0000000086700000, 0x0000000086800000, 0x0000000086800000|100%| O|  |TAMS 0x0000000086700000, 0x0000000086700000| Untracked 
|  72|0x0000000086800000, 0x0000000086900000, 0x0000000086900000|100%| O|  |TAMS 0x0000000086800000, 0x0000000086800000| Untracked 
|  73|0x0000000086900000, 0x0000000086a00000, 0x0000000086a00000|100%| O|  |TAMS 0x0000000086900000, 0x0000000086900000| Untracked 
|  74|0x0000000086a00000, 0x0000000086b00000, 0x0000000086b00000|100%| O|  |TAMS 0x0000000086a00000, 0x0000000086a00000| Untracked 
|  75|0x0000000086b00000, 0x0000000086c00000, 0x0000000086c00000|100%| O|  |TAMS 0x0000000086b00000, 0x0000000086b00000| Untracked 
|  76|0x0000000086c00000, 0x0000000086d00000, 0x0000000086d00000|100%| O|  |TAMS 0x0000000086c00000, 0x0000000086c00000| Untracked 
|  77|0x0000000086d00000, 0x0000000086e00000, 0x0000000086e00000|100%| O|  |TAMS 0x0000000086d00000, 0x0000000086d00000| Untracked 
|  78|0x0000000086e00000, 0x0000000086f00000, 0x0000000086f00000|100%| O|  |TAMS 0x0000000086e00000, 0x0000000086e00000| Untracked 
|  79|0x0000000086f00000, 0x0000000086fdfc00, 0x0000000087000000| 87%| O|  |TAMS 0x0000000086f00000, 0x0000000086f00000| Untracked 
|  80|0x0000000087000000, 0x0000000087000000, 0x0000000087100000|  0%| F|  |TAMS 0x0000000087000000, 0x0000000087000000| Untracked 
|  81|0x0000000087100000, 0x0000000087100000, 0x0000000087200000|  0%| F|  |TAMS 0x0000000087100000, 0x0000000087100000| Untracked 
|  82|0x0000000087200000, 0x0000000087200000, 0x0000000087300000|  0%| F|  |TAMS 0x0000000087200000, 0x0000000087200000| Untracked 
|  83|0x0000000087300000, 0x0000000087300000, 0x0000000087400000|  0%| F|  |TAMS 0x0000000087300000, 0x0000000087300000| Untracked 
|  84|0x0000000087400000, 0x0000000087400000, 0x0000000087500000|  0%| F|  |TAMS 0x0000000087400000, 0x0000000087400000| Untracked 
|  85|0x0000000087500000, 0x0000000087500000, 0x0000000087600000|  0%| F|  |TAMS 0x0000000087500000, 0x0000000087500000| Untracked 
|  86|0x0000000087600000, 0x0000000087600000, 0x0000000087700000|  0%| F|  |TAMS 0x0000000087600000, 0x0000000087600000| Untracked 
|  87|0x0000000087700000, 0x0000000087700000, 0x0000000087800000|  0%| F|  |TAMS 0x0000000087700000, 0x0000000087700000| Untracked 
|  88|0x0000000087800000, 0x0000000087800000, 0x0000000087900000|  0%| F|  |TAMS 0x0000000087800000, 0x0000000087800000| Untracked 
|  89|0x0000000087900000, 0x0000000087900000, 0x0000000087a00000|  0%| F|  |TAMS 0x0000000087900000, 0x0000000087900000| Untracked 
|  90|0x0000000087a00000, 0x0000000087a00000, 0x0000000087b00000|  0%| F|  |TAMS 0x0000000087a00000, 0x0000000087a00000| Untracked 
|  91|0x0000000087b00000, 0x0000000087b00000, 0x0000000087c00000|  0%| F|  |TAMS 0x0000000087b00000, 0x0000000087b00000| Untracked 
|  92|0x0000000087c00000, 0x0000000087c00000, 0x0000000087d00000|  0%| F|  |TAMS 0x0000000087c00000, 0x0000000087c00000| Untracked 
|  93|0x0000000087d00000, 0x0000000087d00000, 0x0000000087e00000|  0%| F|  |TAMS 0x0000000087d00000, 0x0000000087d00000| Untracked 
|  94|0x0000000087e00000, 0x0000000087e00000, 0x0000000087f00000|  0%| F|  |TAMS 0x0000000087e00000, 0x0000000087e00000| Untracked 
|  95|0x0000000087f00000, 0x0000000087f00000, 0x0000000088000000|  0%| F|  |TAMS 0x0000000087f00000, 0x0000000087f00000| Untracked 
|  96|0x0000000088000000, 0x0000000088000000, 0x0000000088100000|  0%| F|  |TAMS 0x0000000088000000, 0x0000000088000000| Untracked 
|  97|0x0000000088100000, 0x0000000088100000, 0x0000000088200000|  0%| F|  |TAMS 0x0000000088100000, 0x0000000088100000| Untracked 
|  98|0x0000000088200000, 0x0000000088200000, 0x0000000088300000|  0%| F|  |TAMS 0x0000000088200000, 0x0000000088200000| Untracked 
|  99|0x0000000088300000, 0x0000000088300000, 0x0000000088400000|  0%| F|  |TAMS 0x0000000088300000, 0x0000000088300000| Untracked 
| 100|0x0000000088400000, 0x0000000088400000, 0x0000000088500000|  0%| F|  |TAMS 0x0000000088400000, 0x0000000088400000| Untracked 
| 101|0x0000000088500000, 0x0000000088500000, 0x0000000088600000|  0%| F|  |TAMS 0x0000000088500000, 0x0000000088500000| Untracked 
| 102|0x0000000088600000, 0x0000000088600000, 0x0000000088700000|  0%| F|  |TAMS 0x0000000088600000, 0x0000000088600000| Untracked 
| 103|0x0000000088700000, 0x0000000088700000, 0x0000000088800000|  0%| F|  |TAMS 0x0000000088700000, 0x0000000088700000| Untracked 
| 104|0x0000000088800000, 0x0000000088800000, 0x0000000088900000|  0%| F|  |TAMS 0x0000000088800000, 0x0000000088800000| Untracked 
| 105|0x0000000088900000, 0x0000000088900000, 0x0000000088a00000|  0%| F|  |TAMS 0x0000000088900000, 0x0000000088900000| Untracked 
| 106|0x0000000088a00000, 0x0000000088a00000, 0x0000000088b00000|  0%| F|  |TAMS 0x0000000088a00000, 0x0000000088a00000| Untracked 
| 107|0x0000000088b00000, 0x0000000088b00000, 0x0000000088c00000|  0%| F|  |TAMS 0x0000000088b00000, 0x0000000088b00000| Untracked 
| 108|0x0000000088c00000, 0x0000000088c00000, 0x0000000088d00000|  0%| F|  |TAMS 0x0000000088c00000, 0x0000000088c00000| Untracked 
| 109|0x0000000088d00000, 0x0000000088d00000, 0x0000000088e00000|  0%| F|  |TAMS 0x0000000088d00000, 0x0000000088d00000| Untracked 
| 110|0x0000000088e00000, 0x0000000088e00000, 0x0000000088f00000|  0%| F|  |TAMS 0x0000000088e00000, 0x0000000088e00000| Untracked 
| 111|0x0000000088f00000, 0x0000000088f00000, 0x0000000089000000|  0%| F|  |TAMS 0x0000000088f00000, 0x0000000088f00000| Untracked 
| 112|0x0000000089000000, 0x0000000089000000, 0x0000000089100000|  0%| F|  |TAMS 0x0000000089000000, 0x0000000089000000| Untracked 
| 113|0x0000000089100000, 0x0000000089100000, 0x0000000089200000|  0%| F|  |TAMS 0x0000000089100000, 0x0000000089100000| Untracked 
| 114|0x0000000089200000, 0x0000000089200000, 0x0000000089300000|  0%| F|  |TAMS 0x0000000089200000, 0x0000000089200000| Untracked 
| 115|0x0000000089300000, 0x0000000089300000, 0x0000000089400000|  0%| F|  |TAMS 0x0000000089300000, 0x0000000089300000| Untracked 
| 116|0x0000000089400000, 0x0000000089400000, 0x0000000089500000|  0%| F|  |TAMS 0x0000000089400000, 0x0000000089400000| Untracked 
| 117|0x0000000089500000, 0x0000000089552a38, 0x0000000089600000| 32%| S|CS|TAMS 0x0000000089500000, 0x0000000089500000| Complete 
| 118|0x0000000089600000, 0x0000000089700000, 0x0000000089700000|100%| S|CS|TAMS 0x0000000089600000, 0x0000000089600000| Complete 
| 119|0x0000000089700000, 0x0000000089800000, 0x0000000089800000|100%| S|CS|TAMS 0x0000000089700000, 0x0000000089700000| Complete 
| 120|0x0000000089800000, 0x0000000089900000, 0x0000000089900000|100%| S|CS|TAMS 0x0000000089800000, 0x0000000089800000| Complete 
| 121|0x0000000089900000, 0x0000000089a00000, 0x0000000089a00000|100%| S|CS|TAMS 0x0000000089900000, 0x0000000089900000| Complete 
| 122|0x0000000089a00000, 0x0000000089a00000, 0x0000000089b00000|  0%| F|  |TAMS 0x0000000089a00000, 0x0000000089a00000| Untracked 
| 123|0x0000000089b00000, 0x0000000089b00000, 0x0000000089c00000|  0%| F|  |TAMS 0x0000000089b00000, 0x0000000089b00000| Untracked 
| 124|0x0000000089c00000, 0x0000000089c00000, 0x0000000089d00000|  0%| F|  |TAMS 0x0000000089c00000, 0x0000000089c00000| Untracked 
| 125|0x0000000089d00000, 0x0000000089d00000, 0x0000000089e00000|  0%| F|  |TAMS 0x0000000089d00000, 0x0000000089d00000| Untracked 
| 126|0x0000000089e00000, 0x0000000089e00000, 0x0000000089f00000|  0%| F|  |TAMS 0x0000000089e00000, 0x0000000089e00000| Untracked 
| 127|0x0000000089f00000, 0x0000000089f00000, 0x000000008a000000|  0%| F|  |TAMS 0x0000000089f00000, 0x0000000089f00000| Untracked 
| 128|0x000000008a000000, 0x000000008a000000, 0x000000008a100000|  0%| F|  |TAMS 0x000000008a000000, 0x000000008a000000| Untracked 
| 129|0x000000008a100000, 0x000000008a100000, 0x000000008a200000|  0%| F|  |TAMS 0x000000008a100000, 0x000000008a100000| Untracked 
| 130|0x000000008a200000, 0x000000008a300000, 0x000000008a300000|100%| S|CS|TAMS 0x000000008a200000, 0x000000008a200000| Complete 
| 131|0x000000008a300000, 0x000000008a400000, 0x000000008a400000|100%| S|CS|TAMS 0x000000008a300000, 0x000000008a300000| Complete 
| 132|0x000000008a400000, 0x000000008a500000, 0x000000008a500000|100%| S|CS|TAMS 0x000000008a400000, 0x000000008a400000| Complete 
| 133|0x000000008a500000, 0x000000008a600000, 0x000000008a600000|100%| S|CS|TAMS 0x000000008a500000, 0x000000008a500000| Complete 
| 134|0x000000008a600000, 0x000000008a600000, 0x000000008a700000|  0%| F|  |TAMS 0x000000008a600000, 0x000000008a600000| Untracked 
| 135|0x000000008a700000, 0x000000008a700000, 0x000000008a800000|  0%| F|  |TAMS 0x000000008a700000, 0x000000008a700000| Untracked 
| 136|0x000000008a800000, 0x000000008a800000, 0x000000008a900000|  0%| F|  |TAMS 0x000000008a800000, 0x000000008a800000| Untracked 
| 137|0x000000008a900000, 0x000000008a900000, 0x000000008aa00000|  0%| F|  |TAMS 0x000000008a900000, 0x000000008a900000| Untracked 
| 138|0x000000008aa00000, 0x000000008aa00000, 0x000000008ab00000|  0%| F|  |TAMS 0x000000008aa00000, 0x000000008aa00000| Untracked 
| 139|0x000000008ab00000, 0x000000008ab00000, 0x000000008ac00000|  0%| F|  |TAMS 0x000000008ab00000, 0x000000008ab00000| Untracked 
| 140|0x000000008ac00000, 0x000000008ac00000, 0x000000008ad00000|  0%| F|  |TAMS 0x000000008ac00000, 0x000000008ac00000| Untracked 
| 141|0x000000008ad00000, 0x000000008ad00000, 0x000000008ae00000|  0%| F|  |TAMS 0x000000008ad00000, 0x000000008ad00000| Untracked 
| 142|0x000000008ae00000, 0x000000008ae00000, 0x000000008af00000|  0%| F|  |TAMS 0x000000008ae00000, 0x000000008ae00000| Untracked 
| 143|0x000000008af00000, 0x000000008af00000, 0x000000008b000000|  0%| F|  |TAMS 0x000000008af00000, 0x000000008af00000| Untracked 
| 144|0x000000008b000000, 0x000000008b000000, 0x000000008b100000|  0%| F|  |TAMS 0x000000008b000000, 0x000000008b000000| Untracked 
| 145|0x000000008b100000, 0x000000008b100000, 0x000000008b200000|  0%| F|  |TAMS 0x000000008b100000, 0x000000008b100000| Untracked 
| 146|0x000000008b200000, 0x000000008b200000, 0x000000008b300000|  0%| F|  |TAMS 0x000000008b200000, 0x000000008b200000| Untracked 
| 147|0x000000008b300000, 0x000000008b300000, 0x000000008b400000|  0%| F|  |TAMS 0x000000008b300000, 0x000000008b300000| Untracked 
| 148|0x000000008b400000, 0x000000008b400000, 0x000000008b500000|  0%| F|  |TAMS 0x000000008b400000, 0x000000008b400000| Untracked 
| 149|0x000000008b500000, 0x000000008b500000, 0x000000008b600000|  0%| F|  |TAMS 0x000000008b500000, 0x000000008b500000| Untracked 
| 150|0x000000008b600000, 0x000000008b600000, 0x000000008b700000|  0%| F|  |TAMS 0x000000008b600000, 0x000000008b600000| Untracked 
| 151|0x000000008b700000, 0x000000008b700000, 0x000000008b800000|  0%| F|  |TAMS 0x000000008b700000, 0x000000008b700000| Untracked 
| 152|0x000000008b800000, 0x000000008b800000, 0x000000008b900000|  0%| F|  |TAMS 0x000000008b800000, 0x000000008b800000| Untracked 
| 153|0x000000008b900000, 0x000000008b900000, 0x000000008ba00000|  0%| F|  |TAMS 0x000000008b900000, 0x000000008b900000| Untracked 
| 154|0x000000008ba00000, 0x000000008ba00000, 0x000000008bb00000|  0%| F|  |TAMS 0x000000008ba00000, 0x000000008ba00000| Untracked 
| 155|0x000000008bb00000, 0x000000008bb00000, 0x000000008bc00000|  0%| F|  |TAMS 0x000000008bb00000, 0x000000008bb00000| Untracked 
| 156|0x000000008bc00000, 0x000000008bc00000, 0x000000008bd00000|  0%| F|  |TAMS 0x000000008bc00000, 0x000000008bc00000| Untracked 
| 157|0x000000008bd00000, 0x000000008bd00000, 0x000000008be00000|  0%| F|  |TAMS 0x000000008bd00000, 0x000000008bd00000| Untracked 
| 158|0x000000008be00000, 0x000000008be00000, 0x000000008bf00000|  0%| F|  |TAMS 0x000000008be00000, 0x000000008be00000| Untracked 
| 159|0x000000008bf00000, 0x000000008bf00000, 0x000000008c000000|  0%| F|  |TAMS 0x000000008bf00000, 0x000000008bf00000| Untracked 
| 160|0x000000008c000000, 0x000000008c000000, 0x000000008c100000|  0%| F|  |TAMS 0x000000008c000000, 0x000000008c000000| Untracked 
| 161|0x000000008c100000, 0x000000008c100000, 0x000000008c200000|  0%| F|  |TAMS 0x000000008c100000, 0x000000008c100000| Untracked 
| 162|0x000000008c200000, 0x000000008c200000, 0x000000008c300000|  0%| F|  |TAMS 0x000000008c200000, 0x000000008c200000| Untracked 
| 163|0x000000008c300000, 0x000000008c300000, 0x000000008c400000|  0%| F|  |TAMS 0x000000008c300000, 0x000000008c300000| Untracked 
| 164|0x000000008c400000, 0x000000008c400000, 0x000000008c500000|  0%| F|  |TAMS 0x000000008c400000, 0x000000008c400000| Untracked 
| 165|0x000000008c500000, 0x000000008c500000, 0x000000008c600000|  0%| F|  |TAMS 0x000000008c500000, 0x000000008c500000| Untracked 
| 166|0x000000008c600000, 0x000000008c600000, 0x000000008c700000|  0%| F|  |TAMS 0x000000008c600000, 0x000000008c600000| Untracked 
| 167|0x000000008c700000, 0x000000008c700000, 0x000000008c800000|  0%| F|  |TAMS 0x000000008c700000, 0x000000008c700000| Untracked 
| 168|0x000000008c800000, 0x000000008c800000, 0x000000008c900000|  0%| F|  |TAMS 0x000000008c800000, 0x000000008c800000| Untracked 
| 169|0x000000008c900000, 0x000000008c900000, 0x000000008ca00000|  0%| F|  |TAMS 0x000000008c900000, 0x000000008c900000| Untracked 
| 170|0x000000008ca00000, 0x000000008ca00000, 0x000000008cb00000|  0%| F|  |TAMS 0x000000008ca00000, 0x000000008ca00000| Untracked 
| 171|0x000000008cb00000, 0x000000008cb00000, 0x000000008cc00000|  0%| F|  |TAMS 0x000000008cb00000, 0x000000008cb00000| Untracked 
| 172|0x000000008cc00000, 0x000000008cc00000, 0x000000008cd00000|  0%| F|  |TAMS 0x000000008cc00000, 0x000000008cc00000| Untracked 
| 173|0x000000008cd00000, 0x000000008cd00000, 0x000000008ce00000|  0%| F|  |TAMS 0x000000008cd00000, 0x000000008cd00000| Untracked 
| 174|0x000000008ce00000, 0x000000008ce00000, 0x000000008cf00000|  0%| F|  |TAMS 0x000000008ce00000, 0x000000008ce00000| Untracked 
| 175|0x000000008cf00000, 0x000000008cf00000, 0x000000008d000000|  0%| F|  |TAMS 0x000000008cf00000, 0x000000008cf00000| Untracked 
| 176|0x000000008d000000, 0x000000008d000000, 0x000000008d100000|  0%| F|  |TAMS 0x000000008d000000, 0x000000008d000000| Untracked 
| 177|0x000000008d100000, 0x000000008d100000, 0x000000008d200000|  0%| F|  |TAMS 0x000000008d100000, 0x000000008d100000| Untracked 
| 178|0x000000008d200000, 0x000000008d200000, 0x000000008d300000|  0%| F|  |TAMS 0x000000008d200000, 0x000000008d200000| Untracked 
| 179|0x000000008d300000, 0x000000008d300000, 0x000000008d400000|  0%| F|  |TAMS 0x000000008d300000, 0x000000008d300000| Untracked 
| 180|0x000000008d400000, 0x000000008d400000, 0x000000008d500000|  0%| F|  |TAMS 0x000000008d400000, 0x000000008d400000| Untracked 
| 181|0x000000008d500000, 0x000000008d500000, 0x000000008d600000|  0%| F|  |TAMS 0x000000008d500000, 0x000000008d500000| Untracked 
| 182|0x000000008d600000, 0x000000008d600000, 0x000000008d700000|  0%| F|  |TAMS 0x000000008d600000, 0x000000008d600000| Untracked 
| 183|0x000000008d700000, 0x000000008d700000, 0x000000008d800000|  0%| F|  |TAMS 0x000000008d700000, 0x000000008d700000| Untracked 
| 184|0x000000008d800000, 0x000000008d800000, 0x000000008d900000|  0%| F|  |TAMS 0x000000008d800000, 0x000000008d800000| Untracked 
| 185|0x000000008d900000, 0x000000008d900000, 0x000000008da00000|  0%| F|  |TAMS 0x000000008d900000, 0x000000008d900000| Untracked 
| 186|0x000000008da00000, 0x000000008da00000, 0x000000008db00000|  0%| F|  |TAMS 0x000000008da00000, 0x000000008da00000| Untracked 
| 187|0x000000008db00000, 0x000000008db00000, 0x000000008dc00000|  0%| F|  |TAMS 0x000000008db00000, 0x000000008db00000| Untracked 
| 188|0x000000008dc00000, 0x000000008dc00000, 0x000000008dd00000|  0%| F|  |TAMS 0x000000008dc00000, 0x000000008dc00000| Untracked 
| 189|0x000000008dd00000, 0x000000008dd00000, 0x000000008de00000|  0%| F|  |TAMS 0x000000008dd00000, 0x000000008dd00000| Untracked 
| 190|0x000000008de00000, 0x000000008de00000, 0x000000008df00000|  0%| F|  |TAMS 0x000000008de00000, 0x000000008de00000| Untracked 
| 191|0x000000008df00000, 0x000000008df00000, 0x000000008e000000|  0%| F|  |TAMS 0x000000008df00000, 0x000000008df00000| Untracked 
| 192|0x000000008e000000, 0x000000008e000000, 0x000000008e100000|  0%| F|  |TAMS 0x000000008e000000, 0x000000008e000000| Untracked 
| 193|0x000000008e100000, 0x000000008e100000, 0x000000008e200000|  0%| F|  |TAMS 0x000000008e100000, 0x000000008e100000| Untracked 
| 194|0x000000008e200000, 0x000000008e200000, 0x000000008e300000|  0%| F|  |TAMS 0x000000008e200000, 0x000000008e200000| Untracked 
| 195|0x000000008e300000, 0x000000008e300000, 0x000000008e400000|  0%| F|  |TAMS 0x000000008e300000, 0x000000008e300000| Untracked 
| 196|0x000000008e400000, 0x000000008e400000, 0x000000008e500000|  0%| F|  |TAMS 0x000000008e400000, 0x000000008e400000| Untracked 
| 197|0x000000008e500000, 0x000000008e500000, 0x000000008e600000|  0%| F|  |TAMS 0x000000008e500000, 0x000000008e500000| Untracked 
| 198|0x000000008e600000, 0x000000008e600000, 0x000000008e700000|  0%| F|  |TAMS 0x000000008e600000, 0x000000008e600000| Untracked 
| 199|0x000000008e700000, 0x000000008e700000, 0x000000008e800000|  0%| F|  |TAMS 0x000000008e700000, 0x000000008e700000| Untracked 
| 200|0x000000008e800000, 0x000000008e800000, 0x000000008e900000|  0%| F|  |TAMS 0x000000008e800000, 0x000000008e800000| Untracked 
| 201|0x000000008e900000, 0x000000008e900000, 0x000000008ea00000|  0%| F|  |TAMS 0x000000008e900000, 0x000000008e900000| Untracked 
| 202|0x000000008ea00000, 0x000000008ea00000, 0x000000008eb00000|  0%| F|  |TAMS 0x000000008ea00000, 0x000000008ea00000| Untracked 
| 203|0x000000008eb00000, 0x000000008eb00000, 0x000000008ec00000|  0%| F|  |TAMS 0x000000008eb00000, 0x000000008eb00000| Untracked 
| 204|0x000000008ec00000, 0x000000008ec00000, 0x000000008ed00000|  0%| F|  |TAMS 0x000000008ec00000, 0x000000008ec00000| Untracked 
| 205|0x000000008ed00000, 0x000000008ed00000, 0x000000008ee00000|  0%| F|  |TAMS 0x000000008ed00000, 0x000000008ed00000| Untracked 
| 206|0x000000008ee00000, 0x000000008ee00000, 0x000000008ef00000|  0%| F|  |TAMS 0x000000008ee00000, 0x000000008ee00000| Untracked 
| 207|0x000000008ef00000, 0x000000008ef00000, 0x000000008f000000|  0%| F|  |TAMS 0x000000008ef00000, 0x000000008ef00000| Untracked 
| 208|0x000000008f000000, 0x000000008f000000, 0x000000008f100000|  0%| F|  |TAMS 0x000000008f000000, 0x000000008f000000| Untracked 
| 209|0x000000008f100000, 0x000000008f100000, 0x000000008f200000|  0%| F|  |TAMS 0x000000008f100000, 0x000000008f100000| Untracked 
| 210|0x000000008f200000, 0x000000008f200000, 0x000000008f300000|  0%| F|  |TAMS 0x000000008f200000, 0x000000008f200000| Untracked 
| 211|0x000000008f300000, 0x000000008f300000, 0x000000008f400000|  0%| F|  |TAMS 0x000000008f300000, 0x000000008f300000| Untracked 
| 212|0x000000008f400000, 0x000000008f400000, 0x000000008f500000|  0%| F|  |TAMS 0x000000008f400000, 0x000000008f400000| Untracked 
| 213|0x000000008f500000, 0x000000008f500000, 0x000000008f600000|  0%| F|  |TAMS 0x000000008f500000, 0x000000008f500000| Untracked 
| 214|0x000000008f600000, 0x000000008f600000, 0x000000008f700000|  0%| F|  |TAMS 0x000000008f600000, 0x000000008f600000| Untracked 
| 215|0x000000008f700000, 0x000000008f700000, 0x000000008f800000|  0%| F|  |TAMS 0x000000008f700000, 0x000000008f700000| Untracked 
| 216|0x000000008f800000, 0x000000008f800000, 0x000000008f900000|  0%| F|  |TAMS 0x000000008f800000, 0x000000008f800000| Untracked 
| 217|0x000000008f900000, 0x000000008f900000, 0x000000008fa00000|  0%| F|  |TAMS 0x000000008f900000, 0x000000008f900000| Untracked 
| 218|0x000000008fa00000, 0x000000008fa00000, 0x000000008fb00000|  0%| F|  |TAMS 0x000000008fa00000, 0x000000008fa00000| Untracked 
| 219|0x000000008fb00000, 0x000000008fb00000, 0x000000008fc00000|  0%| F|  |TAMS 0x000000008fb00000, 0x000000008fb00000| Untracked 
| 220|0x000000008fc00000, 0x000000008fc00000, 0x000000008fd00000|  0%| F|  |TAMS 0x000000008fc00000, 0x000000008fc00000| Untracked 
| 221|0x000000008fd00000, 0x000000008fd00000, 0x000000008fe00000|  0%| F|  |TAMS 0x000000008fd00000, 0x000000008fd00000| Untracked 
| 222|0x000000008fe00000, 0x000000008fe00000, 0x000000008ff00000|  0%| F|  |TAMS 0x000000008fe00000, 0x000000008fe00000| Untracked 
| 223|0x000000008ff00000, 0x000000008ff00000, 0x0000000090000000|  0%| F|  |TAMS 0x000000008ff00000, 0x000000008ff00000| Untracked 
| 224|0x0000000090000000, 0x0000000090000000, 0x0000000090100000|  0%| F|  |TAMS 0x0000000090000000, 0x0000000090000000| Untracked 
| 225|0x0000000090100000, 0x0000000090100000, 0x0000000090200000|  0%| F|  |TAMS 0x0000000090100000, 0x0000000090100000| Untracked 
| 226|0x0000000090200000, 0x0000000090200000, 0x0000000090300000|  0%| F|  |TAMS 0x0000000090200000, 0x0000000090200000| Untracked 
| 227|0x0000000090300000, 0x0000000090300000, 0x0000000090400000|  0%| F|  |TAMS 0x0000000090300000, 0x0000000090300000| Untracked 
| 228|0x0000000090400000, 0x0000000090400000, 0x0000000090500000|  0%| F|  |TAMS 0x0000000090400000, 0x0000000090400000| Untracked 
| 229|0x0000000090500000, 0x0000000090500000, 0x0000000090600000|  0%| F|  |TAMS 0x0000000090500000, 0x0000000090500000| Untracked 
| 230|0x0000000090600000, 0x0000000090600000, 0x0000000090700000|  0%| F|  |TAMS 0x0000000090600000, 0x0000000090600000| Untracked 
| 231|0x0000000090700000, 0x0000000090700000, 0x0000000090800000|  0%| F|  |TAMS 0x0000000090700000, 0x0000000090700000| Untracked 
| 232|0x0000000090800000, 0x0000000090800000, 0x0000000090900000|  0%| F|  |TAMS 0x0000000090800000, 0x0000000090800000| Untracked 
| 233|0x0000000090900000, 0x0000000090900000, 0x0000000090a00000|  0%| F|  |TAMS 0x0000000090900000, 0x0000000090900000| Untracked 
| 234|0x0000000090a00000, 0x0000000090a00000, 0x0000000090b00000|  0%| F|  |TAMS 0x0000000090a00000, 0x0000000090a00000| Untracked 
| 235|0x0000000090b00000, 0x0000000090b00000, 0x0000000090c00000|  0%| F|  |TAMS 0x0000000090b00000, 0x0000000090b00000| Untracked 
| 236|0x0000000090c00000, 0x0000000090c00000, 0x0000000090d00000|  0%| F|  |TAMS 0x0000000090c00000, 0x0000000090c00000| Untracked 
| 237|0x0000000090d00000, 0x0000000090d00000, 0x0000000090e00000|  0%| F|  |TAMS 0x0000000090d00000, 0x0000000090d00000| Untracked 
| 238|0x0000000090e00000, 0x0000000090e00000, 0x0000000090f00000|  0%| F|  |TAMS 0x0000000090e00000, 0x0000000090e00000| Untracked 
| 239|0x0000000090f00000, 0x0000000090f00000, 0x0000000091000000|  0%| F|  |TAMS 0x0000000090f00000, 0x0000000090f00000| Untracked 
| 240|0x0000000091000000, 0x0000000091000000, 0x0000000091100000|  0%| F|  |TAMS 0x0000000091000000, 0x0000000091000000| Untracked 
| 241|0x0000000091100000, 0x0000000091100000, 0x0000000091200000|  0%| F|  |TAMS 0x0000000091100000, 0x0000000091100000| Untracked 
| 242|0x0000000091200000, 0x0000000091200000, 0x0000000091300000|  0%| F|  |TAMS 0x0000000091200000, 0x0000000091200000| Untracked 
| 243|0x0000000091300000, 0x0000000091300000, 0x0000000091400000|  0%| F|  |TAMS 0x0000000091300000, 0x0000000091300000| Untracked 
| 244|0x0000000091400000, 0x0000000091400000, 0x0000000091500000|  0%| F|  |TAMS 0x0000000091400000, 0x0000000091400000| Untracked 
| 245|0x0000000091500000, 0x0000000091500000, 0x0000000091600000|  0%| F|  |TAMS 0x0000000091500000, 0x0000000091500000| Untracked 
| 246|0x0000000091600000, 0x0000000091600000, 0x0000000091700000|  0%| F|  |TAMS 0x0000000091600000, 0x0000000091600000| Untracked 
| 247|0x0000000091700000, 0x0000000091700000, 0x0000000091800000|  0%| F|  |TAMS 0x0000000091700000, 0x0000000091700000| Untracked 
| 248|0x0000000091800000, 0x0000000091800000, 0x0000000091900000|  0%| F|  |TAMS 0x0000000091800000, 0x0000000091800000| Untracked 
| 249|0x0000000091900000, 0x0000000091900000, 0x0000000091a00000|  0%| F|  |TAMS 0x0000000091900000, 0x0000000091900000| Untracked 
| 250|0x0000000091a00000, 0x0000000091a00000, 0x0000000091b00000|  0%| F|  |TAMS 0x0000000091a00000, 0x0000000091a00000| Untracked 
| 251|0x0000000091b00000, 0x0000000091b00000, 0x0000000091c00000|  0%| F|  |TAMS 0x0000000091b00000, 0x0000000091b00000| Untracked 
| 252|0x0000000091c00000, 0x0000000091c00000, 0x0000000091d00000|  0%| F|  |TAMS 0x0000000091c00000, 0x0000000091c00000| Untracked 
| 253|0x0000000091d00000, 0x0000000091d00000, 0x0000000091e00000|  0%| F|  |TAMS 0x0000000091d00000, 0x0000000091d00000| Untracked 
| 254|0x0000000091e00000, 0x0000000091e00000, 0x0000000091f00000|  0%| F|  |TAMS 0x0000000091e00000, 0x0000000091e00000| Untracked 
| 255|0x0000000091f00000, 0x0000000091f00000, 0x0000000092000000|  0%| F|  |TAMS 0x0000000091f00000, 0x0000000091f00000| Untracked 
| 256|0x0000000092000000, 0x0000000092000000, 0x0000000092100000|  0%| F|  |TAMS 0x0000000092000000, 0x0000000092000000| Untracked 
| 257|0x0000000092100000, 0x0000000092100000, 0x0000000092200000|  0%| F|  |TAMS 0x0000000092100000, 0x0000000092100000| Untracked 
| 258|0x0000000092200000, 0x0000000092200000, 0x0000000092300000|  0%| F|  |TAMS 0x0000000092200000, 0x0000000092200000| Untracked 
| 259|0x0000000092300000, 0x0000000092300000, 0x0000000092400000|  0%| F|  |TAMS 0x0000000092300000, 0x0000000092300000| Untracked 
| 260|0x0000000092400000, 0x0000000092400000, 0x0000000092500000|  0%| F|  |TAMS 0x0000000092400000, 0x0000000092400000| Untracked 
| 261|0x0000000092500000, 0x0000000092500000, 0x0000000092600000|  0%| F|  |TAMS 0x0000000092500000, 0x0000000092500000| Untracked 
| 262|0x0000000092600000, 0x0000000092600000, 0x0000000092700000|  0%| F|  |TAMS 0x0000000092600000, 0x0000000092600000| Untracked 
| 263|0x0000000092700000, 0x0000000092700000, 0x0000000092800000|  0%| F|  |TAMS 0x0000000092700000, 0x0000000092700000| Untracked 
| 264|0x0000000092800000, 0x0000000092800000, 0x0000000092900000|  0%| F|  |TAMS 0x0000000092800000, 0x0000000092800000| Untracked 
| 265|0x0000000092900000, 0x0000000092900000, 0x0000000092a00000|  0%| F|  |TAMS 0x0000000092900000, 0x0000000092900000| Untracked 
| 266|0x0000000092a00000, 0x0000000092a00000, 0x0000000092b00000|  0%| F|  |TAMS 0x0000000092a00000, 0x0000000092a00000| Untracked 
| 267|0x0000000092b00000, 0x0000000092b00000, 0x0000000092c00000|  0%| F|  |TAMS 0x0000000092b00000, 0x0000000092b00000| Untracked 
| 268|0x0000000092c00000, 0x0000000092c00000, 0x0000000092d00000|  0%| F|  |TAMS 0x0000000092c00000, 0x0000000092c00000| Untracked 
| 269|0x0000000092d00000, 0x0000000092d00000, 0x0000000092e00000|  0%| F|  |TAMS 0x0000000092d00000, 0x0000000092d00000| Untracked 
| 270|0x0000000092e00000, 0x0000000092e00000, 0x0000000092f00000|  0%| F|  |TAMS 0x0000000092e00000, 0x0000000092e00000| Untracked 
| 271|0x0000000092f00000, 0x0000000092f00000, 0x0000000093000000|  0%| F|  |TAMS 0x0000000092f00000, 0x0000000092f00000| Untracked 
| 272|0x0000000093000000, 0x0000000093000000, 0x0000000093100000|  0%| F|  |TAMS 0x0000000093000000, 0x0000000093000000| Untracked 
| 273|0x0000000093100000, 0x0000000093100000, 0x0000000093200000|  0%| F|  |TAMS 0x0000000093100000, 0x0000000093100000| Untracked 
| 274|0x0000000093200000, 0x0000000093200000, 0x0000000093300000|  0%| F|  |TAMS 0x0000000093200000, 0x0000000093200000| Untracked 
| 275|0x0000000093300000, 0x0000000093300000, 0x0000000093400000|  0%| F|  |TAMS 0x0000000093300000, 0x0000000093300000| Untracked 
| 276|0x0000000093400000, 0x0000000093400000, 0x0000000093500000|  0%| F|  |TAMS 0x0000000093400000, 0x0000000093400000| Untracked 
| 277|0x0000000093500000, 0x0000000093500000, 0x0000000093600000|  0%| F|  |TAMS 0x0000000093500000, 0x0000000093500000| Untracked 
| 278|0x0000000093600000, 0x0000000093600000, 0x0000000093700000|  0%| F|  |TAMS 0x0000000093600000, 0x0000000093600000| Untracked 
| 279|0x0000000093700000, 0x0000000093700000, 0x0000000093800000|  0%| F|  |TAMS 0x0000000093700000, 0x0000000093700000| Untracked 
| 280|0x0000000093800000, 0x0000000093800000, 0x0000000093900000|  0%| F|  |TAMS 0x0000000093800000, 0x0000000093800000| Untracked 
| 281|0x0000000093900000, 0x0000000093900000, 0x0000000093a00000|  0%| F|  |TAMS 0x0000000093900000, 0x0000000093900000| Untracked 
| 282|0x0000000093a00000, 0x0000000093a00000, 0x0000000093b00000|  0%| F|  |TAMS 0x0000000093a00000, 0x0000000093a00000| Untracked 
| 283|0x0000000093b00000, 0x0000000093b00000, 0x0000000093c00000|  0%| F|  |TAMS 0x0000000093b00000, 0x0000000093b00000| Untracked 
| 284|0x0000000093c00000, 0x0000000093c00000, 0x0000000093d00000|  0%| F|  |TAMS 0x0000000093c00000, 0x0000000093c00000| Untracked 
| 285|0x0000000093d00000, 0x0000000093d00000, 0x0000000093e00000|  0%| F|  |TAMS 0x0000000093d00000, 0x0000000093d00000| Untracked 
| 286|0x0000000093e00000, 0x0000000093e00000, 0x0000000093f00000|  0%| F|  |TAMS 0x0000000093e00000, 0x0000000093e00000| Untracked 
| 287|0x0000000093f00000, 0x0000000093f00000, 0x0000000094000000|  0%| F|  |TAMS 0x0000000093f00000, 0x0000000093f00000| Untracked 
| 288|0x0000000094000000, 0x0000000094000000, 0x0000000094100000|  0%| F|  |TAMS 0x0000000094000000, 0x0000000094000000| Untracked 
| 289|0x0000000094100000, 0x0000000094100000, 0x0000000094200000|  0%| F|  |TAMS 0x0000000094100000, 0x0000000094100000| Untracked 
| 290|0x0000000094200000, 0x0000000094200000, 0x0000000094300000|  0%| F|  |TAMS 0x0000000094200000, 0x0000000094200000| Untracked 
| 291|0x0000000094300000, 0x0000000094300000, 0x0000000094400000|  0%| F|  |TAMS 0x0000000094300000, 0x0000000094300000| Untracked 
| 292|0x0000000094400000, 0x0000000094400000, 0x0000000094500000|  0%| F|  |TAMS 0x0000000094400000, 0x0000000094400000| Untracked 
| 293|0x0000000094500000, 0x0000000094500000, 0x0000000094600000|  0%| F|  |TAMS 0x0000000094500000, 0x0000000094500000| Untracked 
| 294|0x0000000094600000, 0x0000000094600000, 0x0000000094700000|  0%| F|  |TAMS 0x0000000094600000, 0x0000000094600000| Untracked 
| 295|0x0000000094700000, 0x0000000094700000, 0x0000000094800000|  0%| F|  |TAMS 0x0000000094700000, 0x0000000094700000| Untracked 
| 296|0x0000000094800000, 0x0000000094800000, 0x0000000094900000|  0%| F|  |TAMS 0x0000000094800000, 0x0000000094800000| Untracked 
| 297|0x0000000094900000, 0x0000000094900000, 0x0000000094a00000|  0%| F|  |TAMS 0x0000000094900000, 0x0000000094900000| Untracked 
| 298|0x0000000094a00000, 0x0000000094a00000, 0x0000000094b00000|  0%| F|  |TAMS 0x0000000094a00000, 0x0000000094a00000| Untracked 
| 299|0x0000000094b00000, 0x0000000094b00000, 0x0000000094c00000|  0%| F|  |TAMS 0x0000000094b00000, 0x0000000094b00000| Untracked 

Card table byte_map: [0x000001c9ecf90000,0x000001c9ed380000] _byte_map_base: 0x000001c9ecb80000

Marking Bits (Prev, Next): (CMBitMap*) 0x000001c9e6f726c0, (CMBitMap*) 0x000001c9e6f72680
 Prev Bits: [0x000001c9ef6f0000, 0x000001c9f1670000)
 Next Bits: [0x000001c9ed770000, 0x000001c9ef6f0000)

Polling page: 0x000001c9e4d60000

Metaspace:

Usage:
  Non-class:     37.42 MB used.
      Class:      5.38 MB used.
       Both:     42.80 MB used.

Virtual space:
  Non-class space:       40.00 MB reserved,      37.62 MB ( 94%) committed,  5 nodes.
      Class space:        1.00 GB reserved,       5.56 MB ( <1%) committed,  1 nodes.
             Both:        1.04 GB reserved,      43.19 MB (  4%) committed. 

Chunk freelists:
   Non-Class:  1.81 MB
       Class:  2.44 MB
        Both:  4.25 MB

MaxMetaspaceSize: unlimited
CompressedClassSpaceSize: 1.00 GB
Initial GC threshold: 21.00 MB
Current GC threshold: 67.81 MB
CDS: off
MetaspaceReclaimPolicy: balanced
 - commit_granule_bytes: 65536.
 - commit_granule_words: 8192.
 - virtual_space_node_default_size: 1048576.
 - enlarge_chunks_in_place: 1.
 - new_chunks_are_fully_committed: 0.
 - uncommit_free_chunks: 1.
 - use_allocation_guard: 0.
 - handle_deallocations: 1.


Internal statistics:

num_allocs_failed_limit: 8.
num_arena_births: 502.
num_arena_deaths: 0.
num_vsnodes_births: 6.
num_vsnodes_deaths: 0.
num_space_committed: 691.
num_space_uncommitted: 0.
num_chunks_returned_to_freelist: 8.
num_chunks_taken_from_freelist: 1847.
num_chunk_merges: 8.
num_chunk_splits: 1275.
num_chunks_enlarged: 956.
num_purges: 0.
num_inconsistent_stats: 0.

CodeCache: size=49152Kb used=9444Kb max_used=9444Kb free=39707Kb
 bounds [0x000001c9e9ba0000, 0x000001c9ea4e0000, 0x000001c9ecba0000]
 total_blobs=4883 nmethods=4303 adapters=505
 compilation: enabled
              stopped_count=0, restarted_count=0
 full_count=0

Compilation events (20 events):
Event: 7.445 Thread 0x000001c9f4612be0 4295   !   1       sun.security.util.DisabledAlgorithmConstraints::cachedCheckAlgorithm (116 bytes)
Event: 7.445 Thread 0x000001c9e6f13650 4294       1       sun.security.util.DisabledAlgorithmConstraints::permits (70 bytes)
Event: 7.445 Thread 0x000001c9f4409480 4296   !   1       java.util.ImmutableCollections$ListItr::next (34 bytes)
Event: 7.445 Thread 0x000001c9f4409480 nmethod 4296 0x000001c9ea4d5f90 code [0x000001c9ea4d6140, 0x000001c9ea4d62f8]
Event: 7.446 Thread 0x000001c9e6f13650 nmethod 4294 0x000001c9ea4d6410 code [0x000001c9ea4d6600, 0x000001c9ea4d6948]
Event: 7.446 Thread 0x000001c9f4612be0 nmethod 4295 0x000001c9ea4d6b10 code [0x000001c9ea4d6d00, 0x000001c9ea4d7388]
Event: 7.465 Thread 0x000001c9f4409480 4297       1       java.util.EnumSet::of (16 bytes)
Event: 7.465 Thread 0x000001c9f4612be0 4298       1       sun.security.ssl.SSLAlgorithmConstraints::permits (96 bytes)
Event: 7.465 Thread 0x000001c9e6f13650 4299       1       sun.security.ssl.CipherSuite::isAvailable (52 bytes)
Event: 7.466 Thread 0x000001c9f4409480 nmethod 4297 0x000001c9ea4d7610 code [0x000001c9ea4d77c0, 0x000001c9ea4d7908]
Event: 7.466 Thread 0x000001c9e6f13650 nmethod 4299 0x000001c9ea4d7a90 code [0x000001c9ea4d7c40, 0x000001c9ea4d7db8]
Event: 7.466 Thread 0x000001c9f4612be0 nmethod 4298 0x000001c9ea4d7e90 code [0x000001c9ea4d8060, 0x000001c9ea4d8278]
Event: 7.507 Thread 0x000001c9f4612be0 4300       1       java.util.concurrent.ConcurrentHashMap::resizeStamp (9 bytes)
Event: 7.507 Thread 0x000001c9e6f13650 4301       1       java.util.concurrent.ConcurrentHashMap::helpTransfer (123 bytes)
Event: 7.509 Thread 0x000001c9f4612be0 nmethod 4300 0x000001c9ea4d8390 code [0x000001c9ea4d8520, 0x000001c9ea4d85e8]
Event: 7.510 Thread 0x000001c9e6f13650 nmethod 4301 0x000001c9ea4d8690 code [0x000001c9ea4d8840, 0x000001c9ea4d8ab8]
Event: 7.511 Thread 0x000001c9f4409480 4302       1       java.time.format.DateTimeFormatter::getDecimalStyle (5 bytes)
Event: 7.512 Thread 0x000001c9e6f13650 4303       1       java.math.BigDecimal::<init> (27 bytes)
Event: 7.512 Thread 0x000001c9f4409480 nmethod 4302 0x000001c9ea4d8c10 code [0x000001c9ea4d8da0, 0x000001c9ea4d8e78]
Event: 7.512 Thread 0x000001c9e6f13650 nmethod 4303 0x000001c9ea4d8f10 code [0x000001c9ea4d90a0, 0x000001c9ea4d91b8]

GC Heap History (20 events):
Event: 6.291 GC heap after
{Heap after GC invocations=18 (full 0):
 garbage-first heap   total 80896K, used 36707K [0x0000000082000000, 0x0000000100000000)
  region size 1024K, 3 young (3072K), 3 survivors (3072K)
 Metaspace       used 38710K, committed 39104K, reserved 1089536K
  class space    used 4962K, committed 5184K, reserved 1048576K
}
Event: 6.367 GC heap before
{Heap before GC invocations=18 (full 0):
 garbage-first heap   total 80896K, used 60259K [0x0000000082000000, 0x0000000100000000)
  region size 1024K, 27 young (27648K), 3 survivors (3072K)
 Metaspace       used 38737K, committed 39168K, reserved 1089536K
  class space    used 4968K, committed 5184K, reserved 1048576K
}
Event: 6.375 GC heap after
{Heap after GC invocations=19 (full 0):
 garbage-first heap   total 80896K, used 43276K [0x0000000082000000, 0x0000000100000000)
  region size 1024K, 4 young (4096K), 4 survivors (4096K)
 Metaspace       used 38737K, committed 39168K, reserved 1089536K
  class space    used 4968K, committed 5184K, reserved 1048576K
}
Event: 6.465 GC heap before
{Heap before GC invocations=19 (full 0):
 garbage-first heap   total 80896K, used 61708K [0x0000000082000000, 0x0000000100000000)
  region size 1024K, 22 young (22528K), 4 survivors (4096K)
 Metaspace       used 38809K, committed 39232K, reserved 1089536K
  class space    used 4974K, committed 5184K, reserved 1048576K
}
Event: 6.476 GC heap after
{Heap after GC invocations=20 (full 0):
 garbage-first heap   total 80896K, used 47472K [0x0000000082000000, 0x0000000100000000)
  region size 1024K, 3 young (3072K), 3 survivors (3072K)
 Metaspace       used 38809K, committed 39232K, reserved 1089536K
  class space    used 4974K, committed 5184K, reserved 1048576K
}
Event: 6.636 GC heap before
{Heap before GC invocations=21 (full 0):
 garbage-first heap   total 102400K, used 61808K [0x0000000082000000, 0x0000000100000000)
  region size 1024K, 18 young (18432K), 3 survivors (3072K)
 Metaspace       used 39366K, committed 39744K, reserved 1089536K
  class space    used 5035K, committed 5184K, reserved 1048576K
}
Event: 6.648 GC heap after
{Heap after GC invocations=22 (full 0):
 garbage-first heap   total 102400K, used 53862K [0x0000000082000000, 0x0000000100000000)
  region size 1024K, 3 young (3072K), 3 survivors (3072K)
 Metaspace       used 39366K, committed 39744K, reserved 1089536K
  class space    used 5035K, committed 5184K, reserved 1048576K
}
Event: 6.660 GC heap before
{Heap before GC invocations=22 (full 0):
 garbage-first heap   total 102400K, used 55910K [0x0000000082000000, 0x0000000100000000)
  region size 1024K, 5 young (5120K), 3 survivors (3072K)
 Metaspace       used 39366K, committed 39744K, reserved 1089536K
  class space    used 5035K, committed 5184K, reserved 1048576K
}
Event: 6.665 GC heap after
{Heap after GC invocations=23 (full 0):
 garbage-first heap   total 102400K, used 54120K [0x0000000082000000, 0x0000000100000000)
  region size 1024K, 1 young (1024K), 1 survivors (1024K)
 Metaspace       used 39366K, committed 39744K, reserved 1089536K
  class space    used 5035K, committed 5184K, reserved 1048576K
}
Event: 6.892 GC heap before
{Heap before GC invocations=23 (full 0):
 garbage-first heap   total 102400K, used 73576K [0x0000000082000000, 0x0000000100000000)
  region size 1024K, 21 young (21504K), 1 survivors (1024K)
 Metaspace       used 40245K, committed 40704K, reserved 1089536K
  class space    used 5133K, committed 5312K, reserved 1048576K
}
Event: 6.900 GC heap after
{Heap after GC invocations=24 (full 0):
 garbage-first heap   total 307200K, used 59121K [0x0000000082000000, 0x0000000100000000)
  region size 1024K, 3 young (3072K), 3 survivors (3072K)
 Metaspace       used 40245K, committed 40704K, reserved 1089536K
  class space    used 5133K, committed 5312K, reserved 1048576K
}
Event: 7.313 GC heap before
{Heap before GC invocations=25 (full 0):
 garbage-first heap   total 235520K, used 186097K [0x0000000082000000, 0x0000000100000000)
  region size 1024K, 127 young (130048K), 3 survivors (3072K)
 Metaspace       used 43381K, committed 43840K, reserved 1089536K
  class space    used 5447K, committed 5696K, reserved 1048576K
}
Event: 7.343 GC heap after
{Heap after GC invocations=26 (full 0):
 garbage-first heap   total 235520K, used 78577K [0x0000000082000000, 0x0000000100000000)
  region size 1024K, 17 young (17408K), 17 survivors (17408K)
 Metaspace       used 43381K, committed 43840K, reserved 1089536K
  class space    used 5447K, committed 5696K, reserved 1048576K
}
Event: 7.347 GC heap before
{Heap before GC invocations=26 (full 0):
 garbage-first heap   total 235520K, used 78577K [0x0000000082000000, 0x0000000100000000)
  region size 1024K, 18 young (18432K), 17 survivors (17408K)
 Metaspace       used 43416K, committed 43904K, reserved 1089536K
  class space    used 5453K, committed 5696K, reserved 1048576K
}
Event: 7.363 GC heap after
{Heap after GC invocations=27 (full 0):
 garbage-first heap   total 235520K, used 79601K [0x0000000082000000, 0x0000000100000000)
  region size 1024K, 2 young (2048K), 2 survivors (2048K)
 Metaspace       used 43416K, committed 43904K, reserved 1089536K
  class space    used 5453K, committed 5696K, reserved 1048576K
}
Event: 7.409 GC heap before
{Heap before GC invocations=27 (full 0):
 garbage-first heap   total 235520K, used 173809K [0x0000000082000000, 0x0000000100000000)
  region size 1024K, 95 young (97280K), 2 survivors (2048K)
 Metaspace       used 43519K, committed 43968K, reserved 1089536K
  class space    used 5464K, committed 5696K, reserved 1048576K
}
Event: 7.412 GC heap after
{Heap after GC invocations=28 (full 0):
 garbage-first heap   total 235520K, used 81946K [0x0000000082000000, 0x0000000100000000)
  region size 1024K, 5 young (5120K), 5 survivors (5120K)
 Metaspace       used 43519K, committed 43968K, reserved 1089536K
  class space    used 5464K, committed 5696K, reserved 1048576K
}
Event: 7.466 GC heap before
{Heap before GC invocations=28 (full 0):
 garbage-first heap   total 235520K, used 177178K [0x0000000082000000, 0x0000000100000000)
  region size 1024K, 99 young (101376K), 5 survivors (5120K)
 Metaspace       used 43665K, committed 44096K, reserved 1089536K
  class space    used 5486K, committed 5696K, reserved 1048576K
}
Event: 7.471 GC heap after
{Heap after GC invocations=29 (full 0):
 garbage-first heap   total 235520K, used 86112K [0x0000000082000000, 0x0000000100000000)
  region size 1024K, 9 young (9216K), 9 survivors (9216K)
 Metaspace       used 43665K, committed 44096K, reserved 1089536K
  class space    used 5486K, committed 5696K, reserved 1048576K
}
Event: 7.520 GC heap before
{Heap before GC invocations=29 (full 0):
 garbage-first heap   total 235520K, used 182368K [0x0000000082000000, 0x0000000100000000)
  region size 1024K, 104 young (106496K), 9 survivors (9216K)
 Metaspace       used 43828K, committed 44224K, reserved 1089536K
  class space    used 5513K, committed 5696K, reserved 1048576K
}

Dll operation events (8 events):
Event: 0.011 Loaded shared library c:\Users\Legend\.vscode\extensions\redhat.java-1.13.0-win32-x64\jre\17.0.5-win32-x86_64\bin\java.dll
Event: 0.308 Loaded shared library C:\Users\Legend\.vscode\extensions\redhat.java-1.13.0-win32-x64\jre\17.0.5-win32-x86_64\bin\net.dll
Event: 0.311 Loaded shared library C:\Users\Legend\.vscode\extensions\redhat.java-1.13.0-win32-x64\jre\17.0.5-win32-x86_64\bin\nio.dll
Event: 0.327 Loaded shared library C:\Users\Legend\.vscode\extensions\redhat.java-1.13.0-win32-x64\jre\17.0.5-win32-x86_64\bin\zip.dll
Event: 0.772 Loaded shared library C:\Users\Legend\.vscode\extensions\redhat.java-1.13.0-win32-x64\jre\17.0.5-win32-x86_64\bin\jimage.dll
Event: 1.088 Loaded shared library c:\Users\Legend\.vscode\extensions\redhat.java-1.13.0-win32-x64\jre\17.0.5-win32-x86_64\bin\verify.dll
Event: 4.774 Loaded shared library C:\Users\Legend\.vscode\extensions\redhat.java-1.13.0-win32-x64\jre\17.0.5-win32-x86_64\bin\management.dll
Event: 4.777 Loaded shared library C:\Users\Legend\.vscode\extensions\redhat.java-1.13.0-win32-x64\jre\17.0.5-win32-x86_64\bin\management_ext.dll

Deoptimization events (12 events):
Event: 2.776 Thread 0x000001c9e6f126e0 DEOPT PACKING pc=0x000001c9ea0b3c19 sp=0x0000008b3affd6c0
Event: 2.777 Thread 0x000001c9e6f126e0 DEOPT UNPACKING pc=0x000001c9e9bf2b43 sp=0x0000008b3affcba0 mode 3
Event: 5.277 Thread 0x000001c9f5a06b90 DEOPT PACKING pc=0x000001c9ea2bb135 sp=0x0000008b3cafd570
Event: 5.277 Thread 0x000001c9f5a06b90 DEOPT UNPACKING pc=0x000001c9e9bf2b43 sp=0x0000008b3cafca98 mode 3
Event: 5.497 Thread 0x000001c9f5a473b0 DEOPT PACKING pc=0x000001c9ea2d812b sp=0x0000008b3cdfe600
Event: 5.497 Thread 0x000001c9f5a473b0 DEOPT UNPACKING pc=0x000001c9e9bf2b43 sp=0x0000008b3cdfdb48 mode 3
Event: 5.528 Thread 0x000001c9f59b82e0 DEOPT PACKING pc=0x000001c9ea0b5981 sp=0x0000008b3c9fd880
Event: 5.529 Thread 0x000001c9f59b82e0 DEOPT UNPACKING pc=0x000001c9e9bf2b43 sp=0x0000008b3c9fcd10 mode 3
Event: 6.841 Thread 0x000001c9f5a06b90 DEOPT PACKING pc=0x000001c9ea0b1e17 sp=0x0000008b3caff060
Event: 6.841 Thread 0x000001c9f5a06b90 DEOPT UNPACKING pc=0x000001c9e9bf2b43 sp=0x0000008b3cafe4b8 mode 3
Event: 7.123 Thread 0x000001c9f4b00ea0 DEOPT PACKING pc=0x000001c9e9e1db8c sp=0x0000008b3ddfe150
Event: 7.123 Thread 0x000001c9f4b00ea0 DEOPT UNPACKING pc=0x000001c9e9bf2b43 sp=0x0000008b3ddfd618 mode 0

Classes unloaded (0 events):
No events

Classes redefined (0 events):
No events

Internal exceptions (20 events):
Event: 5.604 Thread 0x000001c9f5a49090 Exception <a 'sun/nio/fs/WindowsException'{0x0000000087e0c0b8}> (0x0000000087e0c0b8) 
thrown [s\src\hotspot\share\prims\jni.cpp, line 516]
Event: 5.604 Thread 0x000001c9f5a49090 Exception <a 'sun/nio/fs/WindowsException'{0x0000000087e0cab8}> (0x0000000087e0cab8) 
thrown [s\src\hotspot\share\prims\jni.cpp, line 516]
Event: 5.604 Thread 0x000001c9f5a49090 Exception <a 'sun/nio/fs/WindowsException'{0x0000000087e0ce68}> (0x0000000087e0ce68) 
thrown [s\src\hotspot\share\prims\jni.cpp, line 516]
Event: 5.604 Thread 0x000001c9f5a49090 Exception <a 'sun/nio/fs/WindowsException'{0x0000000087e0d870}> (0x0000000087e0d870) 
thrown [s\src\hotspot\share\prims\jni.cpp, line 516]
Event: 5.604 Thread 0x000001c9f5a49090 Exception <a 'sun/nio/fs/WindowsException'{0x0000000087e0dc30}> (0x0000000087e0dc30) 
thrown [s\src\hotspot\share\prims\jni.cpp, line 516]
Event: 5.604 Thread 0x000001c9f5a49090 Exception <a 'sun/nio/fs/WindowsException'{0x0000000087e0e630}> (0x0000000087e0e630) 
thrown [s\src\hotspot\share\prims\jni.cpp, line 516]
Event: 5.604 Thread 0x000001c9f5a49090 Exception <a 'sun/nio/fs/WindowsException'{0x0000000087e0e9e0}> (0x0000000087e0e9e0) 
thrown [s\src\hotspot\share\prims\jni.cpp, line 516]
Event: 5.604 Thread 0x000001c9f5a49090 Exception <a 'sun/nio/fs/WindowsException'{0x0000000087e0f3e8}> (0x0000000087e0f3e8) 
thrown [s\src\hotspot\share\prims\jni.cpp, line 516]
Event: 5.604 Thread 0x000001c9f5a49090 Exception <a 'sun/nio/fs/WindowsException'{0x0000000087e0f7a8}> (0x0000000087e0f7a8) 
thrown [s\src\hotspot\share\prims\jni.cpp, line 516]
Event: 5.605 Thread 0x000001c9f5a49090 Exception <a 'sun/nio/fs/WindowsException'{0x0000000087e101d0}> (0x0000000087e101d0) 
thrown [s\src\hotspot\share\prims\jni.cpp, line 516]
Event: 5.605 Thread 0x000001c9f5a49090 Exception <a 'sun/nio/fs/WindowsException'{0x0000000087e105b0}> (0x0000000087e105b0) 
thrown [s\src\hotspot\share\prims\jni.cpp, line 516]
Event: 5.605 Thread 0x000001c9f5a49090 Exception <a 'sun/nio/fs/WindowsException'{0x0000000087e10fe8}> (0x0000000087e10fe8) 
thrown [s\src\hotspot\share\prims\jni.cpp, line 516]
Event: 5.605 Thread 0x000001c9f5a49090 Exception <a 'sun/nio/fs/WindowsException'{0x0000000087e113d8}> (0x0000000087e113d8) 
thrown [s\src\hotspot\share\prims\jni.cpp, line 516]
Event: 5.605 Thread 0x000001c9f5a49090 Exception <a 'sun/nio/fs/WindowsException'{0x0000000087e11e08}> (0x0000000087e11e08) 
thrown [s\src\hotspot\share\prims\jni.cpp, line 516]
Event: 5.605 Thread 0x000001c9f5a49090 Exception <a 'sun/nio/fs/WindowsException'{0x0000000087e121f8}> (0x0000000087e121f8) 
thrown [s\src\hotspot\share\prims\jni.cpp, line 516]
Event: 6.584 Thread 0x000001c9f5a06b90 Exception <a 'java/lang/NoSuchMethodError'{0x00000000862bceb8}: 'java.lang.Object java.lang.invoke.Invokers$Holder.invoke_MT(java.lang.Object, java.lang.Object, java.lang.Object)'> (0x00000000862bceb8) 
thrown [s\src\hotspot\share\interpreter\linkResolver.cpp, line 759]
Event: 6.825 Thread 0x000001c9f5a06b90 Exception <a 'java/lang/NoSuchMethodError'{0x000000008769a800}: 'java.lang.Object java.lang.invoke.DirectMethodHandle$Holder.newInvokeSpecial(java.lang.Object, java.lang.Object, int)'> (0x000000008769a800) 
thrown [s\src\hotspot\share\interpreter\linkResolver.cpp, line 759]
Event: 6.941 Thread 0x000001c9f4b00ea0 Exception <a 'java/lang/NoSuchMethodError'{0x00000000949fb188}: 'void java.lang.invoke.DirectMethodHandle$Holder.invokeVirtual(java.lang.Object, java.lang.Object, java.lang.Object, java.lang.Object)'> (0x00000000949fb188) 
thrown [s\src\hotspot\share\interpreter\linkResolver.cpp, line 759]
Event: 7.156 Thread 0x000001c9f4b00ea0 Exception <a 'sun/nio/fs/WindowsException'{0x000000008e7f6b10}> (0x000000008e7f6b10) 
thrown [s\src\hotspot\share\prims\jni.cpp, line 516]
Event: 7.169 Thread 0x000001c9f4b00ea0 Exception <a 'java/lang/NoSuchMethodError'{0x000000008e6c6ac0}: 'int java.lang.invoke.DirectMethodHandle$Holder.invokeStaticInit(java.lang.Object, java.lang.Object, java.lang.Object, java.lang.Object)'> (0x000000008e6c6ac0) 
thrown [s\src\hotspot\share\interpreter\linkResolver.cpp, line 759]

VM Operations (20 events):
Event: 7.253 Executing VM operation: HandshakeAllThreads done
Event: 7.311 Executing VM operation: G1CollectForAllocation
Event: 7.313 Executing VM operation: G1CollectForAllocation done
Event: 7.313 Executing VM operation: G1CollectForAllocation
Event: 7.343 Executing VM operation: G1CollectForAllocation done
Event: 7.346 Executing VM operation: G1CollectForAllocation
Event: 7.346 Executing VM operation: G1CollectForAllocation done
Event: 7.346 Executing VM operation: G1CollectForAllocation
Event: 7.363 Executing VM operation: G1CollectForAllocation done
Event: 7.404 Executing VM operation: G1CollectForAllocation
Event: 7.408 Executing VM operation: G1CollectForAllocation done
Event: 7.408 Executing VM operation: G1CollectForAllocation
Event: 7.413 Executing VM operation: G1CollectForAllocation done
Event: 7.462 Executing VM operation: G1CollectForAllocation
Event: 7.466 Executing VM operation: G1CollectForAllocation done
Event: 7.466 Executing VM operation: G1CollectForAllocation
Event: 7.471 Executing VM operation: G1CollectForAllocation done
Event: 7.516 Executing VM operation: G1CollectForAllocation
Event: 7.520 Executing VM operation: G1CollectForAllocation done
Event: 7.520 Executing VM operation: G1CollectForAllocation

Events (20 events):
Event: 7.511 loading class sun/security/ssl/TrustManagerFactoryImpl$PKIXFactory
Event: 7.511 loading class sun/security/ssl/TrustManagerFactoryImpl
Event: 7.511 loading class sun/security/ssl/TrustManagerFactoryImpl done
Event: 7.511 loading class sun/security/ssl/TrustManagerFactoryImpl$PKIXFactory done
Event: 7.512 loading class sun/security/ssl/TrustStoreManager
Event: 7.512 loading class sun/security/ssl/TrustStoreManager done
Event: 7.512 loading class sun/security/ssl/TrustStoreManager$TrustAnchorManager
Event: 7.513 loading class sun/security/ssl/TrustStoreManager$TrustAnchorManager done
Event: 7.513 loading class sun/security/ssl/TrustStoreManager$TrustStoreDescriptor
Event: 7.513 loading class sun/security/ssl/TrustStoreManager$TrustStoreDescriptor done
Event: 7.513 loading class sun/security/util/FilePaths
Event: 7.514 loading class sun/security/util/FilePaths done
Event: 7.514 loading class sun/security/ssl/TrustStoreManager$TrustStoreDescriptor$1
Event: 7.514 loading class sun/security/ssl/TrustStoreManager$TrustStoreDescriptor$1 done
Event: 7.514 loading class java/security/KeyStore
Event: 7.515 loading class java/security/KeyStore done
Event: 7.515 loading class java/security/KeyStore$1
Event: 7.516 loading class java/security/KeyStore$1 done
Event: 7.519 loading class java/security/KeyStoreSpi
Event: 7.520 loading class java/security/KeyStoreSpi done


Dynamic libraries:
0x00007ff6abc10000 - 0x00007ff6abc1e000 	c:\Users\Legend\.vscode\extensions\redhat.java-1.13.0-win32-x64\jre\17.0.5-win32-x86_64\bin\java.exe
0x00007ffe68450000 - 0x00007ffe68648000 	C:\WINDOWS\SYSTEM32\ntdll.dll
0x00007ffe673e0000 - 0x00007ffe6749f000 	C:\WINDOWS\System32\KERNEL32.DLL
0x00007ffe65e80000 - 0x00007ffe66152000 	C:\WINDOWS\System32\KERNELBASE.dll
0x00007ffe66370000 - 0x00007ffe66470000 	C:\WINDOWS\System32\ucrtbase.dll
0x00007ffe38b90000 - 0x00007ffe38ba7000 	c:\Users\Legend\.vscode\extensions\redhat.java-1.13.0-win32-x64\jre\17.0.5-win32-x86_64\bin\jli.dll
0x00007ffe334a0000 - 0x00007ffe334b9000 	c:\Users\Legend\.vscode\extensions\redhat.java-1.13.0-win32-x64\jre\17.0.5-win32-x86_64\bin\VCRUNTIME140.dll
0x00007ffe67dd0000 - 0x00007ffe67f6d000 	C:\WINDOWS\System32\USER32.dll
0x00007ffe66470000 - 0x00007ffe66492000 	C:\WINDOWS\System32\win32u.dll
0x00007ffe66570000 - 0x00007ffe6659b000 	C:\WINDOWS\System32\GDI32.dll
0x00007ffe65d70000 - 0x00007ffe65e7f000 	C:\WINDOWS\System32\gdi32full.dll
0x00007ffe66190000 - 0x00007ffe6622d000 	C:\WINDOWS\System32\msvcp_win.dll
0x00007ffe53380000 - 0x00007ffe5361a000 	C:\WINDOWS\WinSxS\amd64_microsoft.windows.common-controls_6595b64144ccf1df_6.0.19041.1110_none_60b5254171f9507e\COMCTL32.dll
0x00007ffe66cf0000 - 0x00007ffe66d8e000 	C:\WINDOWS\System32\msvcrt.dll
0x00007ffe673a0000 - 0x00007ffe673d2000 	C:\WINDOWS\System32\IMM32.DLL
0x00007ffe4bcf0000 - 0x00007ffe4bcfc000 	c:\Users\Legend\.vscode\extensions\redhat.java-1.13.0-win32-x64\jre\17.0.5-win32-x86_64\bin\vcruntime140_1.dll
0x00007ffe23c00000 - 0x00007ffe23c91000 	c:\Users\Legend\.vscode\extensions\redhat.java-1.13.0-win32-x64\jre\17.0.5-win32-x86_64\bin\msvcp140.dll
0x00007ffe22fb0000 - 0x00007ffe23bf4000 	c:\Users\Legend\.vscode\extensions\redhat.java-1.13.0-win32-x64\jre\17.0.5-win32-x86_64\bin\server\jvm.dll
0x00007ffe66df0000 - 0x00007ffe66e9e000 	C:\WINDOWS\System32\ADVAPI32.dll
0x00007ffe66fd0000 - 0x00007ffe6706c000 	C:\WINDOWS\System32\sechost.dll
0x00007ffe67f70000 - 0x00007ffe68095000 	C:\WINDOWS\System32\RPCRT4.dll
0x00007ffe500b0000 - 0x00007ffe500b9000 	C:\WINDOWS\SYSTEM32\WSOCK32.dll
0x00007ffe53970000 - 0x00007ffe53997000 	C:\WINDOWS\SYSTEM32\WINMM.dll
0x00007ffe675b0000 - 0x00007ffe6761b000 	C:\WINDOWS\System32\WS2_32.dll
0x00007ffe5b490000 - 0x00007ffe5b49a000 	C:\WINDOWS\SYSTEM32\VERSION.dll
0x00007ffe643a0000 - 0x00007ffe643b2000 	C:\WINDOWS\SYSTEM32\kernel.appcore.dll
0x00007ffe48850000 - 0x00007ffe4885a000 	c:\Users\Legend\.vscode\extensions\redhat.java-1.13.0-win32-x64\jre\17.0.5-win32-x86_64\bin\jimage.dll
0x00007ffe63900000 - 0x00007ffe63ae4000 	C:\WINDOWS\SYSTEM32\DBGHELP.DLL
0x00007ffe4b940000 - 0x00007ffe4b96c000 	C:\WINDOWS\SYSTEM32\dbgcore.DLL
0x00007ffe66230000 - 0x00007ffe662b2000 	C:\WINDOWS\System32\bcryptPrimitives.dll
0x00007ffe32b00000 - 0x00007ffe32b25000 	c:\Users\Legend\.vscode\extensions\redhat.java-1.13.0-win32-x64\jre\17.0.5-win32-x86_64\bin\java.dll
0x00007ffe32ae0000 - 0x00007ffe32af8000 	c:\Users\Legend\.vscode\extensions\redhat.java-1.13.0-win32-x64\jre\17.0.5-win32-x86_64\bin\zip.dll
0x00007ffe665a0000 - 0x00007ffe66ce3000 	C:\WINDOWS\System32\SHELL32.dll
0x00007ffe63bf0000 - 0x00007ffe64382000 	C:\WINDOWS\SYSTEM32\windows.storage.dll
0x00007ffe680a0000 - 0x00007ffe683f4000 	C:\WINDOWS\System32\combase.dll
0x00007ffe65530000 - 0x00007ffe65560000 	C:\WINDOWS\SYSTEM32\Wldp.dll
0x00007ffe67af0000 - 0x00007ffe67b9d000 	C:\WINDOWS\System32\SHCORE.dll
0x00007ffe67620000 - 0x00007ffe67675000 	C:\WINDOWS\System32\shlwapi.dll
0x00007ffe65a90000 - 0x00007ffe65aaf000 	C:\WINDOWS\SYSTEM32\profapi.dll
0x00007ffe325c0000 - 0x00007ffe325d9000 	C:\Users\Legend\.vscode\extensions\redhat.java-1.13.0-win32-x64\jre\17.0.5-win32-x86_64\bin\net.dll
0x00007ffe53de0000 - 0x00007ffe53eec000 	C:\WINDOWS\SYSTEM32\WINHTTP.dll
0x00007ffe652a0000 - 0x00007ffe6530a000 	C:\WINDOWS\system32\mswsock.dll
0x00007ffe32540000 - 0x00007ffe32555000 	C:\Users\Legend\.vscode\extensions\redhat.java-1.13.0-win32-x64\jre\17.0.5-win32-x86_64\bin\nio.dll
0x00007ffe474a0000 - 0x00007ffe474b0000 	c:\Users\Legend\.vscode\extensions\redhat.java-1.13.0-win32-x64\jre\17.0.5-win32-x86_64\bin\verify.dll
0x00007ffe65490000 - 0x00007ffe654a8000 	C:\WINDOWS\SYSTEM32\CRYPTSP.dll
0x00007ffe64b50000 - 0x00007ffe64b84000 	C:\WINDOWS\system32\rsaenh.dll
0x00007ffe66160000 - 0x00007ffe66187000 	C:\WINDOWS\System32\bcrypt.dll
0x00007ffe65a50000 - 0x00007ffe65a7e000 	C:\WINDOWS\SYSTEM32\USERENV.dll
0x00007ffe65560000 - 0x00007ffe6556c000 	C:\WINDOWS\SYSTEM32\CRYPTBASE.dll
0x00007ffe64f20000 - 0x00007ffe64f5b000 	C:\WINDOWS\SYSTEM32\IPHLPAPI.DLL
0x00007ffe68400000 - 0x00007ffe68408000 	C:\WINDOWS\System32\NSI.dll
0x00007ffe55110000 - 0x00007ffe55127000 	C:\WINDOWS\SYSTEM32\dhcpcsvc6.DLL
0x00007ffe571c0000 - 0x00007ffe571dd000 	C:\WINDOWS\SYSTEM32\dhcpcsvc.DLL
0x00007ffe64f60000 - 0x00007ffe6502a000 	C:\WINDOWS\SYSTEM32\DNSAPI.dll
0x00007ffe61280000 - 0x00007ffe61289000 	C:\Users\Legend\.vscode\extensions\redhat.java-1.13.0-win32-x64\jre\17.0.5-win32-x86_64\bin\management.dll
0x00007ffe5d060000 - 0x00007ffe5d06b000 	C:\Users\Legend\.vscode\extensions\redhat.java-1.13.0-win32-x64\jre\17.0.5-win32-x86_64\bin\management_ext.dll
0x00007ffe670d0000 - 0x00007ffe670d8000 	C:\WINDOWS\System32\PSAPI.DLL

dbghelp: loaded successfully - version: 4.0.5 - missing functions: none
symbol engine: initialized successfully - sym options: 0x614 - pdb path: .;c:\Users\Legend\.vscode\extensions\redhat.java-1.13.0-win32-x64\jre\17.0.5-win32-x86_64\bin;C:\WINDOWS\SYSTEM32;C:\WINDOWS\WinSxS\amd64_microsoft.windows.common-controls_6595b64144ccf1df_6.0.19041.1110_none_60b5254171f9507e;c:\Users\Legend\.vscode\extensions\redhat.java-1.13.0-win32-x64\jre\17.0.5-win32-x86_64\bin\server

VM Arguments:
jvm_args: -Dsts.lsp.client=vscode -Dsts.log.file=/dev/null -XX:TieredStopAtLevel=1 -Xlog:jni+resolve=off -Dspring.config.location=file:c:\Users\Legend\.vscode\extensions\pivotal.vscode-spring-boot-1.43.0\language-server\BOOT-INF\classes\application.properties 
java_command: org.springframework.ide.vscode.boot.app.BootLanguageServerBootApp
java_class_path (initial): c:\Users\Legend\.vscode\extensions\pivotal.vscode-spring-boot-1.43.0\language-server\BOOT-INF\classes;c:\Users\Legend\.vscode\extensions\pivotal.vscode-spring-boot-1.43.0\language-server\BOOT-INF\lib\annotations-23.1.0.jar;c:\Users\Legend\.vscode\extensions\pivotal.vscode-spring-boot-1.43.0\language-server\BOOT-INF\lib\ant-1.10.12.jar;c:\Users\Legend\.vscode\extensions\pivotal.vscode-spring-boot-1.43.0\language-server\BOOT-INF\lib\ant-launcher-1.10.12.jar;c:\Users\Legend\.vscode\extensions\pivotal.vscode-spring-boot-1.43.0\language-server\BOOT-INF\lib\antlr-runtime-3.5.2.jar;c:\Users\Legend\.vscode\extensions\pivotal.vscode-spring-boot-1.43.0\language-server\BOOT-INF\lib\antlr4-4.9.3.jar;c:\Users\Legend\.vscode\extensions\pivotal.vscode-spring-boot-1.43.0\language-server\BOOT-INF\lib\antlr4-runtime-4.9.3.jar;c:\Users\Legend\.vscode\extensions\pivotal.vscode-spring-boot-1.43.0\language-server\BOOT-INF\lib\apiguardian-api-1.1.2.jar;c:\Users\Legend\.vscode\extensions\pivotal.vscode-spring-boot-1.43.0\language-server\BOOT-INF\lib\asm-9.4.jar;c:\Users\Legend\.vscode\extensions\pivotal.vscode-spring-boot-1.43.0\language-server\BOOT-INF\lib\asm-analysis-9.4.jar;c:\Users\Legend\.vscode\extensions\pivotal.vscode-spring-boot-1.43.0\language-server\BOOT-INF\lib\asm-tree-9.4.jar;c:\Users\Legend\.vscode\extensions\pivotal.vscode-spring-boot-1.43.0\language-server\BOOT-INF\lib\asm-util-9.4.jar;c:\Users\Legend\.vscode\extensions\pivotal.vscode-spring-boot-1.43.0\language-server\BOOT-INF\lib\caffeine-3.1.2.jar;c:\Users\Legend\.vscode\extensions\pivotal.vscode-spring-boot-1.43.0\language-server\BOOT-INF\lib\checker-qual-3.12.0.jar;c:\Users\Legend\.vscode\extensions\pivotal.vscode-spring-boot-1.43.0\language-server\BOOT-INF\lib\ci-environment-9.1.0.jar;c:\Users\Legend\.vscode\extensions\pivotal.vscode-spring-boot-1.43.0\language-server\BOOT-INF\lib\classgraph-4.8.149.jar;c:\Users\Legend\.vscode\extensions\pivotal.vscode-spring-boot-1.43.0\language-server\
Launcher Type: SUN_STANDARD

[Global flags]
     intx CICompilerCount                          = 3                                         {product} {ergonomic}
     uint ConcGCThreads                            = 1                                         {product} {ergonomic}
     uint G1ConcRefinementThreads                  = 4                                         {product} {ergonomic}
   size_t G1HeapRegionSize                         = 1048576                                   {product} {ergonomic}
    uintx GCDrainStackTargetSize                   = 64                                        {product} {ergonomic}
   size_t InitialHeapSize                          = 132120576                                 {product} {ergonomic}
   size_t MarkStackSize                            = 4194304                                   {product} {ergonomic}
   size_t MaxHeapSize                              = 2113929216                                {product} {ergonomic}
   size_t MaxNewSize                               = 1267728384                                {product} {ergonomic}
   size_t MinHeapDeltaBytes                        = 1048576                                   {product} {ergonomic}
   size_t MinHeapSize                              = 8388608                                   {product} {ergonomic}
    uintx NonProfiledCodeHeapSize                  = 0                                      {pd product} {ergonomic}
     bool ProfileInterpreter                       = false                                  {pd product} {command line}
    uintx ProfiledCodeHeapSize                     = 0                                      {pd product} {ergonomic}
   size_t SoftMaxHeapSize                          = 2113929216                             {manageable} {ergonomic}
     intx TieredStopAtLevel                        = 1                                         {product} {command line}
     bool UseCompressedClassPointers               = true                           {product lp64_product} {ergonomic}
     bool UseCompressedOops                        = true                           {product lp64_product} {ergonomic}
     bool UseG1GC                                  = true                                      {product} {ergonomic}
     bool UseLargePagesIndividualAllocation        = false                                  {pd product} {ergonomic}

Logging:
Log output configuration:
 #0: stdout all=warning,jni+resolve=off uptime,level,tags
 #1: stderr all=off uptime,level,tags

Environment Variables:
JAVA_HOME=C:\Program Files\Java\jdk-13
PATH=C:\Program Files\Java\jdk-13\bin;C:\WINDOWS\system32;C:\WINDOWS;C:\WINDOWS\System32\Wbem;C:\WINDOWS\System32\WindowsPowerShell\v1.0\;C:\WINDOWS\System32\OpenSSH\;C:\scr\flutter\bin;C:\xampp\php;C:\ProgramData\ComposerSetup\bin;D:\apache-maven-3.8.5-bin\apache-maven-3.8.5\bin;C:\Program Files\Git\cmd;C:\Program Files\MySQL\MySQL Shell 8.0\bin\;C:\Users\Legend\AppData\Local\Microsoft\WindowsApps;C:\Program Files\Java\jdk-13\bin;C:\Users\Legend\AppData\Local\Pub\Cache\bin;C:\Users\Legend\AppData\Roaming\Composer\vendor\bin;C:\scr\flutter\bin;;C:\Program Files\JetBrains\IntelliJ IDEA 2022.2.3\bin;;C:\Users\Legend\AppData\Local\Programs\Microsoft VS Code\bin;C:\Program Files\JetBrains\IntelliJ IDEA Community Edition 2022.2.3\bin;
USERNAME=Eman
OS=Windows_NT
PROCESSOR_IDENTIFIER=Intel64 Family 6 Model 78 Stepping 3, GenuineIntel
TMP=C:\Users\Legend\AppData\Local\Temp
TEMP=C:\Users\Legend\AppData\Local\Temp



---------------  S Y S T E M  ---------------

OS:
 Windows 10 , 64 bit Build 19041 (10.0.19041.2251)
OS uptime: 15 days 1:30 hours

CPU: total 4 (initial active 4) (2 cores per cpu, 2 threads per core) family 6 model 78 stepping 3 microcode 0xcc, cx8, cmov, fxsr, ht, mmx, 3dnowpref, sse, sse2, sse3, ssse3, sse4.1, sse4.2, popcnt, lzcnt, tsc, tscinvbit, avx, avx2, aes, erms, clmul, bmi1, bmi2, adx, fma, vzeroupper, clflush, clflushopt

Memory: 4k page, system-wide physical 8060M (390M free)
TotalPageFile size 11614M (AvailPageFile size 52M)
current process WorkingSet (physical memory assigned to process): 351M, peak: 351M
current process commit charge ("private bytes"): 450M, peak: 817M

vm_info: OpenJDK 64-Bit Server VM (17.0.5+8) for windows-amd64 JRE (17.0.5+8), built on Oct 19 2022 04:48:13 by "temurin" with MS VC++ 16.7 (VS2019)

END.
