#
# There is insufficient memory for the Java Runtime Environment to continue.
# Native memory allocation (mmap) failed to map 176160768 bytes for G1 virtual space
# Possible reasons:
#   The system is out of physical RAM or swap space
#   The process is running with CompressedOops enabled, and the Java Heap may be blocking the growth of the native heap
# Possible solutions:
#   Reduce memory load on the system
#   Increase physical memory or swap space
#   Check if swap backing store is full
#   Decrease Java heap size (-Xmx/-Xms)
#   Decrease number of Java threads
#   Decrease Java thread stack sizes (-Xss)
#   Set larger code cache with -XX:ReservedCodeCacheSize=
#   JVM is running with Unscaled Compressed Oops mode in which the Java heap is
#     placed in the first 4GB address space. The Java Heap base address is the
#     maximum limit for the native heap growth. Please use -XX:HeapBaseMinAddress
#     to set the Java Heap base and to place the Java Heap above 4GB virtual address.
# This output file may be truncated or incomplete.
#
#  Out of Memory Error (os_windows.cpp:3548), pid=5356, tid=6464
#
# JRE version: OpenJDK Runtime Environment Temurin-17.0.5+8 (17.0.5+8) (build 17.0.5+8)
# Java VM: OpenJDK 64-Bit Server VM Temurin-17.0.5+8 (17.0.5+8, mixed mode, emulated-client, tiered, compressed oops, compressed class ptrs, g1 gc, windows-amd64)
# No core dump will be written. Minidumps are not enabled by default on client versions of Windows
#

---------------  S U M M A R Y ------------

Command Line: -Dsts.lsp.client=vscode -Dsts.log.file=/dev/null -XX:TieredStopAtLevel=1 -Xlog:jni+resolve=off -Dspring.config.location=file:c:\Users\Legend\.vscode\extensions\pivotal.vscode-spring-boot-1.43.0\language-server\BOOT-INF\classes\application.properties org.springframework.ide.vscode.boot.app.BootLanguageServerBootApp

Host: Intel(R) Core(TM) i5-6200U CPU @ 2.30GHz, 4 cores, 7G,  Windows 10 , 64 bit Build 19041 (10.0.19041.2251)
Time: Wed Jan  4 23:48:05 2023 Pacific Standard Time elapsed time: 8.747742 seconds (0d 0h 0m 8s)

---------------  T H R E A D  ---------------

Current thread (0x0000021a10803ca0):  VMThread "VM Thread" [stack: 0x00000023d1800000,0x00000023d1900000] [id=6464]

Stack: [0x00000023d1800000,0x00000023d1900000]
Native frames: (J=compiled Java code, j=interpreted, Vv=VM code, C=native code)
V  [jvm.dll+0x676b3a]
V  [jvm.dll+0x831444]
V  [jvm.dll+0x832bee]
V  [jvm.dll+0x833253]
V  [jvm.dll+0x244ce5]
V  [jvm.dll+0x673a49]
V  [jvm.dll+0x66811a]
V  [jvm.dll+0x303ceb]
V  [jvm.dll+0x30b1e6]
V  [jvm.dll+0x35adbe]
V  [jvm.dll+0x35afef]
V  [jvm.dll+0x2dab88]
V  [jvm.dll+0x2d8e3c]
V  [jvm.dll+0x2d840c]
V  [jvm.dll+0x31c31b]
V  [jvm.dll+0x8376fb]
V  [jvm.dll+0x838434]
V  [jvm.dll+0x83894c]
V  [jvm.dll+0x838d24]
V  [jvm.dll+0x838df0]
V  [jvm.dll+0x7e17ea]
V  [jvm.dll+0x6759e5]
C  [ucrtbase.dll+0x21bb2]
C  [KERNEL32.DLL+0x174b4]
C  [ntdll.dll+0x526a1]

VM_Operation (0x00000023d39fe5c0): G1CollectForAllocation, mode: safepoint, requested by thread 0x0000021a12c581f0


---------------  P R O C E S S  ---------------

Threads class SMR info:
_java_thread_list=0x0000021a1584eaf0, length=43, elements={
0x0000021a10817740, 0x0000021a108184c0, 0x0000021a10831c10, 0x0000021a108348a0,
0x0000021a1084c490, 0x0000021a11400480, 0x0000021a11400d40, 0x0000021a11401640,
0x0000021a115f9000, 0x0000021a11602ac0, 0x0000021a11604fe0, 0x0000021a11619b70,
0x0000021a127b8130, 0x0000021a129bf070, 0x0000021a1295a030, 0x0000021a03cd3cd0,
0x0000021a11db2580, 0x0000021a129f39f0, 0x0000021a1250d4b0, 0x0000021a1262ac50,
0x0000021a114febf0, 0x0000021a11e94ea0, 0x0000021a11e949d0, 0x0000021a11e95370,
0x0000021a11e95840, 0x0000021a11e94030, 0x0000021a11e94500, 0x0000021a12c534f0,
0x0000021a12c57d20, 0x0000021a12c581f0, 0x0000021a12c56510, 0x0000021a12c5ad40,
0x0000021a12c5a870, 0x0000021a12c59530, 0x0000021a12c569e0, 0x0000021a12c539c0,
0x0000021a12c53e90, 0x0000021a12c54360, 0x0000021a12c54830, 0x0000021a12c54d00,
0x0000021a12c56eb0, 0x0000021a12c57850, 0x0000021a12c556a0
}

Java Threads: ( => current thread )
  0x0000021a10817740 JavaThread "Reference Handler" daemon [_thread_blocked, id=17872, stack(0x00000023d1900000,0x00000023d1a00000)]
  0x0000021a108184c0 JavaThread "Finalizer" daemon [_thread_blocked, id=5012, stack(0x00000023d1a00000,0x00000023d1b00000)]
  0x0000021a10831c10 JavaThread "Signal Dispatcher" daemon [_thread_blocked, id=4076, stack(0x00000023d1b00000,0x00000023d1c00000)]
  0x0000021a108348a0 JavaThread "Attach Listener" daemon [_thread_blocked, id=13684, stack(0x00000023d1c00000,0x00000023d1d00000)]
  0x0000021a1084c490 JavaThread "Service Thread" daemon [_thread_blocked, id=11516, stack(0x00000023d1d00000,0x00000023d1e00000)]
  0x0000021a11400480 JavaThread "Monitor Deflation Thread" daemon [_thread_blocked, id=10364, stack(0x00000023d1e00000,0x00000023d1f00000)]
  0x0000021a11400d40 JavaThread "C1 CompilerThread0" daemon [_thread_blocked, id=7856, stack(0x00000023d1f00000,0x00000023d2000000)]
  0x0000021a11401640 JavaThread "Sweeper thread" daemon [_thread_blocked, id=5296, stack(0x00000023d2000000,0x00000023d2100000)]
  0x0000021a115f9000 JavaThread "C1 CompilerThread1" daemon [_thread_blocked, id=6568, stack(0x00000023d2100000,0x00000023d2200000)]
  0x0000021a11602ac0 JavaThread "C1 CompilerThread2" daemon [_thread_blocked, id=1616, stack(0x00000023d2200000,0x00000023d2300000)]
  0x0000021a11604fe0 JavaThread "Notification Thread" daemon [_thread_blocked, id=11004, stack(0x00000023d2300000,0x00000023d2400000)]
  0x0000021a11619b70 JavaThread "Common-Cleaner" daemon [_thread_blocked, id=8572, stack(0x00000023d2500000,0x00000023d2600000)]
  0x0000021a127b8130 JavaThread "boundedElastic-evictor-1" daemon [_thread_blocked, id=8840, stack(0x00000023d2900000,0x00000023d2a00000)]
  0x0000021a129bf070 JavaThread "pool-11-thread-1" [_thread_blocked, id=15608, stack(0x00000023d2a00000,0x00000023d2b00000)]
  0x0000021a1295a030 JavaThread "LanguageServerApp-lifecycle" [_thread_blocked, id=7344, stack(0x00000023d2b00000,0x00000023d2c00000)]
  0x0000021a03cd3cd0 JavaThread "DestroyJavaVM" [_thread_blocked, id=9324, stack(0x00000023d1200000,0x00000023d1300000)]
  0x0000021a11db2580 JavaThread "pool-12-thread-1" [_thread_in_native, id=11596, stack(0x00000023d2c00000,0x00000023d2d00000)]
  0x0000021a129f39f0 JavaThread "Simple-Language-Server main thread" daemon [_thread_blocked, id=15356, stack(0x00000023d2d00000,0x00000023d2e00000)]
  0x0000021a1250d4b0 JavaThread "pool-8-thread-1" [_thread_blocked, id=5548, stack(0x00000023d2e00000,0x00000023d2f00000)]
  0x0000021a1262ac50 JavaThread "parallel-1" daemon [_thread_blocked, id=17684, stack(0x00000023d2f00000,0x00000023d3000000)]
  0x0000021a114febf0 JavaThread "ForkJoinPool.commonPool-worker-1" daemon [_thread_blocked, id=12980, stack(0x00000023d3000000,0x00000023d3100000)]
  0x0000021a11e94ea0 JavaThread "pool-5-thread-1" [_thread_blocked, id=10708, stack(0x00000023d3100000,0x00000023d3200000)]
  0x0000021a11e949d0 JavaThread "ForkJoinPool.commonPool-worker-2" daemon [_thread_blocked, id=15012, stack(0x00000023d3200000,0x00000023d3300000)]
  0x0000021a11e95370 JavaThread "pool-5-thread-2" [_thread_blocked, id=12220, stack(0x00000023d3300000,0x00000023d3400000)]
  0x0000021a11e95840 JavaThread "ClassGraph-worker-0" daemon [_thread_blocked, id=13424, stack(0x00000023d3400000,0x00000023d3500000)]
  0x0000021a11e94030 JavaThread "parallel-2" daemon [_thread_blocked, id=10884, stack(0x00000023d3500000,0x00000023d3600000)]
  0x0000021a11e94500 JavaThread "ClassGraph-worker-1" daemon [_thread_blocked, id=14868, stack(0x00000023d3600000,0x00000023d3700000)]
  0x0000021a12c534f0 JavaThread "ClassGraph-worker-2" daemon [_thread_blocked, id=12228, stack(0x00000023d3700000,0x00000023d3800000)]
  0x0000021a12c57d20 JavaThread "ClassGraph-worker-3" daemon [_thread_blocked, id=3116, stack(0x00000023d3800000,0x00000023d3900000)]
  0x0000021a12c581f0 JavaThread "ClassGraph-worker-4" daemon [_thread_blocked, id=14792, stack(0x00000023d3900000,0x00000023d3a00000)]
  0x0000021a12c56510 JavaThread "ClassGraph-worker-5" daemon [_thread_blocked, id=10352, stack(0x00000023d3a00000,0x00000023d3b00000)]
  0x0000021a12c5ad40 JavaThread "ClassGraph-worker-6" daemon [_thread_blocked, id=8744, stack(0x00000023d3b00000,0x00000023d3c00000)]
  0x0000021a12c5a870 JavaThread "ClassGraph-worker-7" daemon [_thread_blocked, id=15652, stack(0x00000023d3c00000,0x00000023d3d00000)]
  0x0000021a12c59530 JavaThread "Reconciler-1" daemon [_thread_blocked, id=9684, stack(0x00000023d3d00000,0x00000023d3e00000)]
  0x0000021a12c569e0 JavaThread "pool-6-thread-1" [_thread_blocked, id=12548, stack(0x00000023d3f00000,0x00000023d4000000)]
  0x0000021a12c539c0 JavaThread "pool-10-thread-1" [_thread_blocked, id=11980, stack(0x00000023d4000000,0x00000023d4100000)]
  0x0000021a12c53e90 JavaThread "parallel-3" daemon [_thread_blocked, id=14676, stack(0x00000023d4100000,0x00000023d4200000)]
  0x0000021a12c54360 JavaThread "parallel-4" daemon [_thread_blocked, id=18340, stack(0x00000023d4200000,0x00000023d4300000)]
  0x0000021a12c54830 JavaThread "pool-10-thread-2" [_thread_blocked, id=15508, stack(0x00000023d4300000,0x00000023d4400000)]
  0x0000021a12c54d00 JavaThread "ForkJoinPool.commonPool-worker-3" daemon [_thread_blocked, id=17688, stack(0x00000023d4400000,0x00000023d4500000)]
  0x0000021a12c56eb0 JavaThread "Project-Reconciler-1" daemon [_thread_blocked, id=2552, stack(0x00000023d4600000,0x00000023d4700000)]
  0x0000021a12c57850 JavaThread "pool-10-thread-3" [_thread_blocked, id=17344, stack(0x00000023d4700000,0x00000023d4800000)]
  0x0000021a12c556a0 JavaThread "Project-Reconciler-2" daemon [_thread_blocked, id=15696, stack(0x00000023d4800000,0x00000023d4900000)]

Other Threads:
=>0x0000021a10803ca0 VMThread "VM Thread" [stack: 0x00000023d1800000,0x00000023d1900000] [id=6464]
  0x0000021a116074c0 WatcherThread [stack: 0x00000023d2400000,0x00000023d2500000] [id=5184]
  0x0000021a03d31bd0 GCTaskThread "GC Thread#0" [stack: 0x00000023d1300000,0x00000023d1400000] [id=18312]
  0x0000021a11d044e0 GCTaskThread "GC Thread#1" [stack: 0x00000023d2600000,0x00000023d2700000] [id=9544]
  0x0000021a11d04790 GCTaskThread "GC Thread#2" [stack: 0x00000023d2700000,0x00000023d2800000] [id=3620]
  0x0000021a11fc5390 GCTaskThread "GC Thread#3" [stack: 0x00000023d2800000,0x00000023d2900000] [id=2652]
  0x0000021a03d42620 ConcurrentGCThread "G1 Main Marker" [stack: 0x00000023d1400000,0x00000023d1500000] [id=6948]
  0x0000021a03d42f40 ConcurrentGCThread "G1 Conc#0" [stack: 0x00000023d1500000,0x00000023d1600000] [id=13604]
  0x0000021a03d96ec0 ConcurrentGCThread "G1 Refine#0" [stack: 0x00000023d1600000,0x00000023d1700000] [id=2196]
  0x0000021a1580c030 ConcurrentGCThread "G1 Refine#1" [stack: 0x00000023d3e00000,0x00000023d3f00000] [id=16952]
  0x0000021a1583f190 ConcurrentGCThread "G1 Refine#2" [stack: 0x00000023d4500000,0x00000023d4600000] [id=13692]
  0x0000021a106720b0 ConcurrentGCThread "G1 Service" [stack: 0x00000023d1700000,0x00000023d1800000] [id=13956]

Threads with active compile tasks:

VM state: at safepoint (normal execution)

VM Mutex/Monitor currently owned by a thread:  ([mutex/lock_event])
[0x0000021a01bbe240] Threads_lock - owner thread: 0x0000021a10803ca0
[0x0000021a01bbafd0] Heap_lock - owner thread: 0x0000021a12c581f0

Heap address: 0x0000000082000000, size: 2016 MB, Compressed Oops mode: 32-bit

CDS archive(s) not mapped
Compressed class space mapped at: 0x0000000100000000-0x0000000140000000, reserved size: 1073741824
Narrow klass base: 0x0000000000000000, Narrow klass shift: 3, Narrow klass range: 0x140000000

GC Precious Log:
 CPUs: 4 total, 4 available
 Memory: 8060M
 Large Page Support: Disabled
 NUMA Support: Disabled
 Compressed Oops: Enabled (32-bit)
 Heap Region Size: 1M
 Heap Min Capacity: 8M
 Heap Initial Capacity: 126M
 Heap Max Capacity: 2016M
 Pre-touch: Disabled
 Parallel Workers: 4
 Concurrent Workers: 1
 Concurrent Refinement Workers: 4
 Periodic GC: Disabled

Heap:
 garbage-first heap   total 273408K, used 94211K [0x0000000082000000, 0x0000000100000000)
  region size 1024K, 12 young (12288K), 12 survivors (12288K)
 Metaspace       used 48643K, committed 49088K, reserved 1097728K
  class space    used 6216K, committed 6400K, reserved 1048576K

Heap Regions: E=young(eden), S=young(survivor), O=old, HS=humongous(starts), HC=humongous(continues), CS=collection set, F=free, OA=open archive, CA=closed archive, TAMS=top-at-mark-start (previous, next)
|   0|0x0000000082000000, 0x0000000082100000, 0x0000000082100000|100%| O|  |TAMS 0x0000000082100000, 0x0000000082000000| Untracked 
|   1|0x0000000082100000, 0x0000000082200000, 0x0000000082200000|100%| O|  |TAMS 0x0000000082200000, 0x0000000082100000| Untracked 
|   2|0x0000000082200000, 0x0000000082300000, 0x0000000082300000|100%| O|  |TAMS 0x0000000082300000, 0x0000000082200000| Untracked 
|   3|0x0000000082300000, 0x0000000082400000, 0x0000000082400000|100%| O|  |TAMS 0x0000000082400000, 0x0000000082300000| Untracked 
|   4|0x0000000082400000, 0x0000000082500000, 0x0000000082500000|100%| O|  |TAMS 0x0000000082500000, 0x0000000082400000| Untracked 
|   5|0x0000000082500000, 0x0000000082600000, 0x0000000082600000|100%| O|  |TAMS 0x0000000082600000, 0x0000000082500000| Untracked 
|   6|0x0000000082600000, 0x00000000826eba00, 0x0000000082700000| 92%| O|  |TAMS 0x00000000826eba00, 0x0000000082600000| Untracked 
|   7|0x0000000082700000, 0x0000000082800000, 0x0000000082800000|100%| O|  |TAMS 0x0000000082800000, 0x0000000082700000| Untracked 
|   8|0x0000000082800000, 0x0000000082900000, 0x0000000082900000|100%| O|  |TAMS 0x0000000082900000, 0x0000000082800000| Untracked 
|   9|0x0000000082900000, 0x0000000082a00000, 0x0000000082a00000|100%| O|  |TAMS 0x0000000082a00000, 0x0000000082900000| Untracked 
|  10|0x0000000082a00000, 0x0000000082b00000, 0x0000000082b00000|100%| O|  |TAMS 0x0000000082b00000, 0x0000000082a00000| Untracked 
|  11|0x0000000082b00000, 0x0000000082c00000, 0x0000000082c00000|100%| O|  |TAMS 0x0000000082c00000, 0x0000000082b00000| Untracked 
|  12|0x0000000082c00000, 0x0000000082d00000, 0x0000000082d00000|100%| O|  |TAMS 0x0000000082d00000, 0x0000000082c00000| Untracked 
|  13|0x0000000082d00000, 0x0000000082e00000, 0x0000000082e00000|100%| O|  |TAMS 0x0000000082d00000, 0x0000000082d00000| Untracked 
|  14|0x0000000082e00000, 0x0000000082f00000, 0x0000000082f00000|100%| O|  |TAMS 0x0000000082f00000, 0x0000000082e00000| Untracked 
|  15|0x0000000082f00000, 0x0000000083000000, 0x0000000083000000|100%| O|  |TAMS 0x0000000083000000, 0x0000000082f00000| Untracked 
|  16|0x0000000083000000, 0x0000000083100000, 0x0000000083100000|100%| O|  |TAMS 0x0000000083100000, 0x0000000083000000| Untracked 
|  17|0x0000000083100000, 0x0000000083200000, 0x0000000083200000|100%| O|  |TAMS 0x0000000083200000, 0x0000000083100000| Untracked 
|  18|0x0000000083200000, 0x0000000083300000, 0x0000000083300000|100%| O|  |TAMS 0x0000000083300000, 0x0000000083200000| Untracked 
|  19|0x0000000083300000, 0x0000000083400000, 0x0000000083400000|100%| O|  |TAMS 0x0000000083400000, 0x0000000083300000| Untracked 
|  20|0x0000000083400000, 0x0000000083500000, 0x0000000083500000|100%| O|  |TAMS 0x0000000083500000, 0x0000000083400000| Untracked 
|  21|0x0000000083500000, 0x0000000083600000, 0x0000000083600000|100%| O|  |TAMS 0x0000000083600000, 0x0000000083500000| Untracked 
|  22|0x0000000083600000, 0x0000000083700000, 0x0000000083700000|100%| O|  |TAMS 0x0000000083700000, 0x0000000083600000| Untracked 
|  23|0x0000000083700000, 0x0000000083800000, 0x0000000083800000|100%| O|  |TAMS 0x0000000083800000, 0x0000000083700000| Untracked 
|  24|0x0000000083800000, 0x0000000083900000, 0x0000000083900000|100%| O|  |TAMS 0x0000000083900000, 0x0000000083800000| Untracked 
|  25|0x0000000083900000, 0x0000000083a00000, 0x0000000083a00000|100%| O|  |TAMS 0x0000000083a00000, 0x0000000083900000| Untracked 
|  26|0x0000000083a00000, 0x0000000083b00000, 0x0000000083b00000|100%| O|  |TAMS 0x0000000083b00000, 0x0000000083a00000| Untracked 
|  27|0x0000000083b00000, 0x0000000083c00000, 0x0000000083c00000|100%| O|  |TAMS 0x0000000083c00000, 0x0000000083b00000| Untracked 
|  28|0x0000000083c00000, 0x0000000083d00000, 0x0000000083d00000|100%| O|  |TAMS 0x0000000083d00000, 0x0000000083c00000| Untracked 
|  29|0x0000000083d00000, 0x0000000083e00000, 0x0000000083e00000|100%| O|  |TAMS 0x0000000083e00000, 0x0000000083d00000| Untracked 
|  30|0x0000000083e00000, 0x0000000083f00000, 0x0000000083f00000|100%| O|  |TAMS 0x0000000083f00000, 0x0000000083e00000| Untracked 
|  31|0x0000000083f00000, 0x0000000084000000, 0x0000000084000000|100%| O|  |TAMS 0x0000000084000000, 0x0000000083f00000| Untracked 
|  32|0x0000000084000000, 0x0000000084100000, 0x0000000084100000|100%| O|  |TAMS 0x0000000084100000, 0x0000000084000000| Untracked 
|  33|0x0000000084100000, 0x0000000084200000, 0x0000000084200000|100%| O|  |TAMS 0x0000000084200000, 0x0000000084100000| Untracked 
|  34|0x0000000084200000, 0x0000000084300000, 0x0000000084300000|100%| O|  |TAMS 0x0000000084300000, 0x0000000084200000| Untracked 
|  35|0x0000000084300000, 0x0000000084400000, 0x0000000084400000|100%| O|  |TAMS 0x0000000084400000, 0x0000000084300000| Untracked 
|  36|0x0000000084400000, 0x0000000084500000, 0x0000000084500000|100%| O|  |TAMS 0x0000000084500000, 0x0000000084400000| Untracked 
|  37|0x0000000084500000, 0x0000000084600000, 0x0000000084600000|100%| O|  |TAMS 0x0000000084600000, 0x0000000084500000| Untracked 
|  38|0x0000000084600000, 0x0000000084700000, 0x0000000084700000|100%| O|  |TAMS 0x0000000084700000, 0x0000000084600000| Untracked 
|  39|0x0000000084700000, 0x0000000084800000, 0x0000000084800000|100%| O|  |TAMS 0x0000000084800000, 0x0000000084700000| Untracked 
|  40|0x0000000084800000, 0x0000000084900000, 0x0000000084900000|100%| O|  |TAMS 0x0000000084900000, 0x0000000084800000| Untracked 
|  41|0x0000000084900000, 0x0000000084a00000, 0x0000000084a00000|100%| O|  |TAMS 0x0000000084a00000, 0x0000000084900000| Untracked 
|  42|0x0000000084a00000, 0x0000000084b00000, 0x0000000084b00000|100%| O|  |TAMS 0x0000000084b00000, 0x0000000084a00000| Untracked 
|  43|0x0000000084b00000, 0x0000000084c00000, 0x0000000084c00000|100%| O|  |TAMS 0x0000000084c00000, 0x0000000084b00000| Untracked 
|  44|0x0000000084c00000, 0x0000000084d00000, 0x0000000084d00000|100%| O|  |TAMS 0x0000000084d00000, 0x0000000084c00000| Untracked 
|  45|0x0000000084d00000, 0x0000000084e00000, 0x0000000084e00000|100%| O|  |TAMS 0x0000000084e00000, 0x0000000084d00000| Untracked 
|  46|0x0000000084e00000, 0x0000000084f00000, 0x0000000084f00000|100%| O|  |TAMS 0x0000000084f00000, 0x0000000084e00000| Untracked 
|  47|0x0000000084f00000, 0x0000000085000000, 0x0000000085000000|100%| O|  |TAMS 0x0000000084f00000, 0x0000000084f00000| Untracked 
|  48|0x0000000085000000, 0x0000000085100000, 0x0000000085100000|100%| O|  |TAMS 0x0000000085000000, 0x0000000085000000| Untracked 
|  49|0x0000000085100000, 0x0000000085200000, 0x0000000085200000|100%| O|  |TAMS 0x0000000085100000, 0x0000000085100000| Untracked 
|  50|0x0000000085200000, 0x0000000085300000, 0x0000000085300000|100%| O|  |TAMS 0x0000000085300000, 0x0000000085200000| Untracked 
|  51|0x0000000085300000, 0x0000000085400000, 0x0000000085400000|100%| O|  |TAMS 0x0000000085400000, 0x0000000085300000| Untracked 
|  52|0x0000000085400000, 0x0000000085500000, 0x0000000085500000|100%| O|  |TAMS 0x0000000085500000, 0x0000000085400000| Untracked 
|  53|0x0000000085500000, 0x0000000085600000, 0x0000000085600000|100%| O|  |TAMS 0x0000000085600000, 0x0000000085500000| Untracked 
|  54|0x0000000085600000, 0x0000000085700000, 0x0000000085700000|100%| O|  |TAMS 0x0000000085700000, 0x0000000085600000| Untracked 
|  55|0x0000000085700000, 0x0000000085800000, 0x0000000085800000|100%| O|  |TAMS 0x0000000085800000, 0x0000000085700000| Untracked 
|  56|0x0000000085800000, 0x0000000085900000, 0x0000000085900000|100%| O|  |TAMS 0x0000000085900000, 0x0000000085800000| Untracked 
|  57|0x0000000085900000, 0x0000000085a00000, 0x0000000085a00000|100%| O|  |TAMS 0x0000000085a00000, 0x0000000085900000| Untracked 
|  58|0x0000000085a00000, 0x0000000085b00000, 0x0000000085b00000|100%| O|  |TAMS 0x0000000085a60600, 0x0000000085a00000| Untracked 
|  59|0x0000000085b00000, 0x0000000085c00000, 0x0000000085c00000|100%| O|  |TAMS 0x0000000085b00000, 0x0000000085b00000| Untracked 
|  60|0x0000000085c00000, 0x0000000085d00000, 0x0000000085d00000|100%| O|  |TAMS 0x0000000085c00000, 0x0000000085c00000| Untracked 
|  61|0x0000000085d00000, 0x0000000085e00000, 0x0000000085e00000|100%| O|  |TAMS 0x0000000085d00000, 0x0000000085d00000| Untracked 
|  62|0x0000000085e00000, 0x0000000085f00000, 0x0000000085f00000|100%| O|  |TAMS 0x0000000085e00000, 0x0000000085e00000| Untracked 
|  63|0x0000000085f00000, 0x0000000086000000, 0x0000000086000000|100%|HS|  |TAMS 0x0000000085f00000, 0x0000000085f00000| Complete 
|  64|0x0000000086000000, 0x0000000086100000, 0x0000000086100000|100%| O|  |TAMS 0x0000000086000000, 0x0000000086000000| Untracked 
|  65|0x0000000086100000, 0x0000000086200000, 0x0000000086200000|100%| O|  |TAMS 0x0000000086100000, 0x0000000086100000| Untracked 
|  66|0x0000000086200000, 0x0000000086300000, 0x0000000086300000|100%| O|  |TAMS 0x0000000086200000, 0x0000000086200000| Untracked 
|  67|0x0000000086300000, 0x0000000086400000, 0x0000000086400000|100%| O|  |TAMS 0x0000000086300000, 0x0000000086300000| Untracked 
|  68|0x0000000086400000, 0x0000000086500000, 0x0000000086500000|100%| O|  |TAMS 0x0000000086400000, 0x0000000086400000| Untracked 
|  69|0x0000000086500000, 0x0000000086600000, 0x0000000086600000|100%| O|  |TAMS 0x0000000086500000, 0x0000000086500000| Untracked 
|  70|0x0000000086600000, 0x0000000086700000, 0x0000000086700000|100%| O|  |TAMS 0x0000000086600000, 0x0000000086600000| Untracked 
|  71|0x0000000086700000, 0x0000000086800000, 0x0000000086800000|100%| O|  |TAMS 0x0000000086700000, 0x0000000086700000| Untracked 
|  72|0x0000000086800000, 0x0000000086900000, 0x0000000086900000|100%| O|  |TAMS 0x0000000086800000, 0x0000000086800000| Untracked 
|  73|0x0000000086900000, 0x0000000086a00000, 0x0000000086a00000|100%| O|  |TAMS 0x0000000086900000, 0x0000000086900000| Untracked 
|  74|0x0000000086a00000, 0x0000000086b00000, 0x0000000086b00000|100%| O|  |TAMS 0x0000000086a00000, 0x0000000086a00000| Untracked 
|  75|0x0000000086b00000, 0x0000000086c00000, 0x0000000086c00000|100%| O|  |TAMS 0x0000000086b00000, 0x0000000086b00000| Untracked 
|  76|0x0000000086c00000, 0x0000000086d00000, 0x0000000086d00000|100%| O|  |TAMS 0x0000000086c00000, 0x0000000086c00000| Untracked 
|  77|0x0000000086d00000, 0x0000000086e00000, 0x0000000086e00000|100%| O|  |TAMS 0x0000000086d00000, 0x0000000086d00000| Untracked 
|  78|0x0000000086e00000, 0x0000000086f00000, 0x0000000086f00000|100%| O|  |TAMS 0x0000000086e00000, 0x0000000086e00000| Untracked 
|  79|0x0000000086f00000, 0x0000000087000000, 0x0000000087000000|100%| O|  |TAMS 0x0000000086f00000, 0x0000000086f00000| Untracked 
|  80|0x0000000087000000, 0x000000008702d800, 0x0000000087100000| 17%| O|  |TAMS 0x0000000087000000, 0x0000000087000000| Untracked 
|  81|0x0000000087100000, 0x0000000087100000, 0x0000000087200000|  0%| F|  |TAMS 0x0000000087100000, 0x0000000087100000| Untracked 
|  82|0x0000000087200000, 0x0000000087200000, 0x0000000087300000|  0%| F|  |TAMS 0x0000000087200000, 0x0000000087200000| Untracked 
|  83|0x0000000087300000, 0x0000000087300000, 0x0000000087400000|  0%| F|  |TAMS 0x0000000087300000, 0x0000000087300000| Untracked 
|  84|0x0000000087400000, 0x0000000087400000, 0x0000000087500000|  0%| F|  |TAMS 0x0000000087400000, 0x0000000087400000| Untracked 
|  85|0x0000000087500000, 0x0000000087500000, 0x0000000087600000|  0%| F|  |TAMS 0x0000000087500000, 0x0000000087500000| Untracked 
|  86|0x0000000087600000, 0x0000000087600000, 0x0000000087700000|  0%| F|  |TAMS 0x0000000087600000, 0x0000000087600000| Untracked 
|  87|0x0000000087700000, 0x0000000087700000, 0x0000000087800000|  0%| F|  |TAMS 0x0000000087700000, 0x0000000087700000| Untracked 
|  88|0x0000000087800000, 0x0000000087800000, 0x0000000087900000|  0%| F|  |TAMS 0x0000000087800000, 0x0000000087800000| Untracked 
|  89|0x0000000087900000, 0x0000000087900000, 0x0000000087a00000|  0%| F|  |TAMS 0x0000000087900000, 0x0000000087900000| Untracked 
|  90|0x0000000087a00000, 0x0000000087a00000, 0x0000000087b00000|  0%| F|  |TAMS 0x0000000087a00000, 0x0000000087a00000| Untracked 
|  91|0x0000000087b00000, 0x0000000087b00000, 0x0000000087c00000|  0%| F|  |TAMS 0x0000000087b00000, 0x0000000087b00000| Untracked 
|  92|0x0000000087c00000, 0x0000000087c00000, 0x0000000087d00000|  0%| F|  |TAMS 0x0000000087c00000, 0x0000000087c00000| Untracked 
|  93|0x0000000087d00000, 0x0000000087d00000, 0x0000000087e00000|  0%| F|  |TAMS 0x0000000087d00000, 0x0000000087d00000| Untracked 
|  94|0x0000000087e00000, 0x0000000087e00000, 0x0000000087f00000|  0%| F|  |TAMS 0x0000000087e00000, 0x0000000087e00000| Untracked 
|  95|0x0000000087f00000, 0x0000000087f00000, 0x0000000088000000|  0%| F|  |TAMS 0x0000000087f00000, 0x0000000087f00000| Untracked 
|  96|0x0000000088000000, 0x0000000088000000, 0x0000000088100000|  0%| F|  |TAMS 0x0000000088000000, 0x0000000088000000| Untracked 
|  97|0x0000000088100000, 0x0000000088100000, 0x0000000088200000|  0%| F|  |TAMS 0x0000000088100000, 0x0000000088100000| Untracked 
|  98|0x0000000088200000, 0x0000000088200000, 0x0000000088300000|  0%| F|  |TAMS 0x0000000088200000, 0x0000000088200000| Untracked 
|  99|0x0000000088300000, 0x0000000088300000, 0x0000000088400000|  0%| F|  |TAMS 0x0000000088300000, 0x0000000088300000| Untracked 
| 100|0x0000000088400000, 0x0000000088400000, 0x0000000088500000|  0%| F|  |TAMS 0x0000000088400000, 0x0000000088400000| Untracked 
| 101|0x0000000088500000, 0x0000000088500000, 0x0000000088600000|  0%| F|  |TAMS 0x0000000088500000, 0x0000000088500000| Untracked 
| 102|0x0000000088600000, 0x0000000088600000, 0x0000000088700000|  0%| F|  |TAMS 0x0000000088600000, 0x0000000088600000| Untracked 
| 103|0x0000000088700000, 0x0000000088700000, 0x0000000088800000|  0%| F|  |TAMS 0x0000000088700000, 0x0000000088700000| Untracked 
| 104|0x0000000088800000, 0x0000000088800000, 0x0000000088900000|  0%| F|  |TAMS 0x0000000088800000, 0x0000000088800000| Untracked 
| 105|0x0000000088900000, 0x0000000088900000, 0x0000000088a00000|  0%| F|  |TAMS 0x0000000088900000, 0x0000000088900000| Untracked 
| 106|0x0000000088a00000, 0x0000000088a00000, 0x0000000088b00000|  0%| F|  |TAMS 0x0000000088a00000, 0x0000000088a00000| Untracked 
| 107|0x0000000088b00000, 0x0000000088b00000, 0x0000000088c00000|  0%| F|  |TAMS 0x0000000088b00000, 0x0000000088b00000| Untracked 
| 108|0x0000000088c00000, 0x0000000088c00000, 0x0000000088d00000|  0%| F|  |TAMS 0x0000000088c00000, 0x0000000088c00000| Untracked 
| 109|0x0000000088d00000, 0x0000000088d00000, 0x0000000088e00000|  0%| F|  |TAMS 0x0000000088d00000, 0x0000000088d00000| Untracked 
| 110|0x0000000088e00000, 0x0000000088e00000, 0x0000000088f00000|  0%| F|  |TAMS 0x0000000088e00000, 0x0000000088e00000| Untracked 
| 111|0x0000000088f00000, 0x0000000088f00000, 0x0000000089000000|  0%| F|  |TAMS 0x0000000088f00000, 0x0000000088f00000| Untracked 
| 112|0x0000000089000000, 0x0000000089000000, 0x0000000089100000|  0%| F|  |TAMS 0x0000000089000000, 0x0000000089000000| Untracked 
| 113|0x0000000089100000, 0x0000000089100000, 0x0000000089200000|  0%| F|  |TAMS 0x0000000089100000, 0x0000000089100000| Untracked 
| 114|0x0000000089200000, 0x0000000089200000, 0x0000000089300000|  0%| F|  |TAMS 0x0000000089200000, 0x0000000089200000| Untracked 
| 115|0x0000000089300000, 0x0000000089300000, 0x0000000089400000|  0%| F|  |TAMS 0x0000000089300000, 0x0000000089300000| Untracked 
| 116|0x0000000089400000, 0x0000000089400000, 0x0000000089500000|  0%| F|  |TAMS 0x0000000089400000, 0x0000000089400000| Untracked 
| 117|0x0000000089500000, 0x0000000089500000, 0x0000000089600000|  0%| F|  |TAMS 0x0000000089500000, 0x0000000089500000| Untracked 
| 118|0x0000000089600000, 0x00000000896e7b40, 0x0000000089700000| 90%| S|CS|TAMS 0x0000000089600000, 0x0000000089600000| Complete 
| 119|0x0000000089700000, 0x0000000089800000, 0x0000000089800000|100%| S|CS|TAMS 0x0000000089700000, 0x0000000089700000| Complete 
| 120|0x0000000089800000, 0x0000000089900000, 0x0000000089900000|100%| S|CS|TAMS 0x0000000089800000, 0x0000000089800000| Complete 
| 121|0x0000000089900000, 0x0000000089a00000, 0x0000000089a00000|100%| S|CS|TAMS 0x0000000089900000, 0x0000000089900000| Complete 
| 122|0x0000000089a00000, 0x0000000089b00000, 0x0000000089b00000|100%| S|CS|TAMS 0x0000000089a00000, 0x0000000089a00000| Complete 
| 123|0x0000000089b00000, 0x0000000089b00000, 0x0000000089c00000|  0%| F|  |TAMS 0x0000000089b00000, 0x0000000089b00000| Untracked 
| 124|0x0000000089c00000, 0x0000000089c00000, 0x0000000089d00000|  0%| F|  |TAMS 0x0000000089c00000, 0x0000000089c00000| Untracked 
| 125|0x0000000089d00000, 0x0000000089d00000, 0x0000000089e00000|  0%| F|  |TAMS 0x0000000089d00000, 0x0000000089d00000| Untracked 
| 126|0x0000000089e00000, 0x0000000089e00000, 0x0000000089f00000|  0%| F|  |TAMS 0x0000000089e00000, 0x0000000089e00000| Untracked 
| 127|0x0000000089f00000, 0x0000000089f00000, 0x000000008a000000|  0%| F|  |TAMS 0x0000000089f00000, 0x0000000089f00000| Untracked 
| 128|0x000000008a000000, 0x000000008a000000, 0x000000008a100000|  0%| F|  |TAMS 0x000000008a000000, 0x000000008a000000| Untracked 
| 129|0x000000008a100000, 0x000000008a100000, 0x000000008a200000|  0%| F|  |TAMS 0x000000008a100000, 0x000000008a100000| Untracked 
| 130|0x000000008a200000, 0x000000008a200000, 0x000000008a300000|  0%| F|  |TAMS 0x000000008a200000, 0x000000008a200000| Untracked 
| 131|0x000000008a300000, 0x000000008a300000, 0x000000008a400000|  0%| F|  |TAMS 0x000000008a300000, 0x000000008a300000| Untracked 
| 132|0x000000008a400000, 0x000000008a400000, 0x000000008a500000|  0%| F|  |TAMS 0x000000008a400000, 0x000000008a400000| Untracked 
| 133|0x000000008a500000, 0x000000008a500000, 0x000000008a600000|  0%| F|  |TAMS 0x000000008a500000, 0x000000008a500000| Untracked 
| 134|0x000000008a600000, 0x000000008a600000, 0x000000008a700000|  0%| F|  |TAMS 0x000000008a600000, 0x000000008a600000| Untracked 
| 135|0x000000008a700000, 0x000000008a800000, 0x000000008a800000|100%| S|CS|TAMS 0x000000008a700000, 0x000000008a700000| Complete 
| 136|0x000000008a800000, 0x000000008a900000, 0x000000008a900000|100%| S|CS|TAMS 0x000000008a800000, 0x000000008a800000| Complete 
| 137|0x000000008a900000, 0x000000008aa00000, 0x000000008aa00000|100%| S|CS|TAMS 0x000000008a900000, 0x000000008a900000| Complete 
| 138|0x000000008aa00000, 0x000000008ab00000, 0x000000008ab00000|100%| S|CS|TAMS 0x000000008aa00000, 0x000000008aa00000| Complete 
| 139|0x000000008ab00000, 0x000000008ac00000, 0x000000008ac00000|100%| S|CS|TAMS 0x000000008ab00000, 0x000000008ab00000| Complete 
| 140|0x000000008ac00000, 0x000000008ad00000, 0x000000008ad00000|100%| S|CS|TAMS 0x000000008ac00000, 0x000000008ac00000| Complete 
| 141|0x000000008ad00000, 0x000000008ae00000, 0x000000008ae00000|100%| S|CS|TAMS 0x000000008ad00000, 0x000000008ad00000| Complete 
| 142|0x000000008ae00000, 0x000000008ae00000, 0x000000008af00000|  0%| F|  |TAMS 0x000000008ae00000, 0x000000008ae00000| Untracked 
| 143|0x000000008af00000, 0x000000008af00000, 0x000000008b000000|  0%| F|  |TAMS 0x000000008af00000, 0x000000008af00000| Untracked 
| 144|0x000000008b000000, 0x000000008b000000, 0x000000008b100000|  0%| F|  |TAMS 0x000000008b000000, 0x000000008b000000| Untracked 
| 145|0x000000008b100000, 0x000000008b100000, 0x000000008b200000|  0%| F|  |TAMS 0x000000008b100000, 0x000000008b100000| Untracked 
| 146|0x000000008b200000, 0x000000008b200000, 0x000000008b300000|  0%| F|  |TAMS 0x000000008b200000, 0x000000008b200000| Untracked 
| 147|0x000000008b300000, 0x000000008b300000, 0x000000008b400000|  0%| F|  |TAMS 0x000000008b300000, 0x000000008b300000| Untracked 
| 148|0x000000008b400000, 0x000000008b400000, 0x000000008b500000|  0%| F|  |TAMS 0x000000008b400000, 0x000000008b400000| Untracked 
| 149|0x000000008b500000, 0x000000008b500000, 0x000000008b600000|  0%| F|  |TAMS 0x000000008b500000, 0x000000008b500000| Untracked 
| 150|0x000000008b600000, 0x000000008b600000, 0x000000008b700000|  0%| F|  |TAMS 0x000000008b600000, 0x000000008b600000| Untracked 
| 151|0x000000008b700000, 0x000000008b700000, 0x000000008b800000|  0%| F|  |TAMS 0x000000008b700000, 0x000000008b700000| Untracked 
| 152|0x000000008b800000, 0x000000008b800000, 0x000000008b900000|  0%| F|  |TAMS 0x000000008b800000, 0x000000008b800000| Untracked 
| 153|0x000000008b900000, 0x000000008b900000, 0x000000008ba00000|  0%| F|  |TAMS 0x000000008b900000, 0x000000008b900000| Untracked 
| 154|0x000000008ba00000, 0x000000008ba00000, 0x000000008bb00000|  0%| F|  |TAMS 0x000000008ba00000, 0x000000008ba00000| Untracked 
| 155|0x000000008bb00000, 0x000000008bb00000, 0x000000008bc00000|  0%| F|  |TAMS 0x000000008bb00000, 0x000000008bb00000| Untracked 
| 156|0x000000008bc00000, 0x000000008bc00000, 0x000000008bd00000|  0%| F|  |TAMS 0x000000008bc00000, 0x000000008bc00000| Untracked 
| 157|0x000000008bd00000, 0x000000008bd00000, 0x000000008be00000|  0%| F|  |TAMS 0x000000008bd00000, 0x000000008bd00000| Untracked 
| 158|0x000000008be00000, 0x000000008be00000, 0x000000008bf00000|  0%| F|  |TAMS 0x000000008be00000, 0x000000008be00000| Untracked 
| 159|0x000000008bf00000, 0x000000008bf00000, 0x000000008c000000|  0%| F|  |TAMS 0x000000008bf00000, 0x000000008bf00000| Untracked 
| 160|0x000000008c000000, 0x000000008c000000, 0x000000008c100000|  0%| F|  |TAMS 0x000000008c000000, 0x000000008c000000| Untracked 
| 161|0x000000008c100000, 0x000000008c100000, 0x000000008c200000|  0%| F|  |TAMS 0x000000008c100000, 0x000000008c100000| Untracked 
| 162|0x000000008c200000, 0x000000008c200000, 0x000000008c300000|  0%| F|  |TAMS 0x000000008c200000, 0x000000008c200000| Untracked 
| 163|0x000000008c300000, 0x000000008c300000, 0x000000008c400000|  0%| F|  |TAMS 0x000000008c300000, 0x000000008c300000| Untracked 
| 164|0x000000008c400000, 0x000000008c400000, 0x000000008c500000|  0%| F|  |TAMS 0x000000008c400000, 0x000000008c400000| Untracked 
| 165|0x000000008c500000, 0x000000008c500000, 0x000000008c600000|  0%| F|  |TAMS 0x000000008c500000, 0x000000008c500000| Untracked 
| 166|0x000000008c600000, 0x000000008c600000, 0x000000008c700000|  0%| F|  |TAMS 0x000000008c600000, 0x000000008c600000| Untracked 
| 167|0x000000008c700000, 0x000000008c700000, 0x000000008c800000|  0%| F|  |TAMS 0x000000008c700000, 0x000000008c700000| Untracked 
| 168|0x000000008c800000, 0x000000008c800000, 0x000000008c900000|  0%| F|  |TAMS 0x000000008c800000, 0x000000008c800000| Untracked 
| 169|0x000000008c900000, 0x000000008c900000, 0x000000008ca00000|  0%| F|  |TAMS 0x000000008c900000, 0x000000008c900000| Untracked 
| 170|0x000000008ca00000, 0x000000008ca00000, 0x000000008cb00000|  0%| F|  |TAMS 0x000000008ca00000, 0x000000008ca00000| Untracked 
| 171|0x000000008cb00000, 0x000000008cb00000, 0x000000008cc00000|  0%| F|  |TAMS 0x000000008cb00000, 0x000000008cb00000| Untracked 
| 172|0x000000008cc00000, 0x000000008cc00000, 0x000000008cd00000|  0%| F|  |TAMS 0x000000008cc00000, 0x000000008cc00000| Untracked 
| 173|0x000000008cd00000, 0x000000008cd00000, 0x000000008ce00000|  0%| F|  |TAMS 0x000000008cd00000, 0x000000008cd00000| Untracked 
| 174|0x000000008ce00000, 0x000000008ce00000, 0x000000008cf00000|  0%| F|  |TAMS 0x000000008ce00000, 0x000000008ce00000| Untracked 
| 175|0x000000008cf00000, 0x000000008cf00000, 0x000000008d000000|  0%| F|  |TAMS 0x000000008cf00000, 0x000000008cf00000| Untracked 
| 176|0x000000008d000000, 0x000000008d000000, 0x000000008d100000|  0%| F|  |TAMS 0x000000008d000000, 0x000000008d000000| Untracked 
| 177|0x000000008d100000, 0x000000008d100000, 0x000000008d200000|  0%| F|  |TAMS 0x000000008d100000, 0x000000008d100000| Untracked 
| 178|0x000000008d200000, 0x000000008d200000, 0x000000008d300000|  0%| F|  |TAMS 0x000000008d200000, 0x000000008d200000| Untracked 
| 179|0x000000008d300000, 0x000000008d300000, 0x000000008d400000|  0%| F|  |TAMS 0x000000008d300000, 0x000000008d300000| Untracked 
| 180|0x000000008d400000, 0x000000008d400000, 0x000000008d500000|  0%| F|  |TAMS 0x000000008d400000, 0x000000008d400000| Untracked 
| 181|0x000000008d500000, 0x000000008d500000, 0x000000008d600000|  0%| F|  |TAMS 0x000000008d500000, 0x000000008d500000| Untracked 
| 182|0x000000008d600000, 0x000000008d600000, 0x000000008d700000|  0%| F|  |TAMS 0x000000008d600000, 0x000000008d600000| Untracked 
| 183|0x000000008d700000, 0x000000008d700000, 0x000000008d800000|  0%| F|  |TAMS 0x000000008d700000, 0x000000008d700000| Untracked 
| 184|0x000000008d800000, 0x000000008d800000, 0x000000008d900000|  0%| F|  |TAMS 0x000000008d800000, 0x000000008d800000| Untracked 
| 185|0x000000008d900000, 0x000000008d900000, 0x000000008da00000|  0%| F|  |TAMS 0x000000008d900000, 0x000000008d900000| Untracked 
| 186|0x000000008da00000, 0x000000008da00000, 0x000000008db00000|  0%| F|  |TAMS 0x000000008da00000, 0x000000008da00000| Untracked 
| 187|0x000000008db00000, 0x000000008db00000, 0x000000008dc00000|  0%| F|  |TAMS 0x000000008db00000, 0x000000008db00000| Untracked 
| 188|0x000000008dc00000, 0x000000008dc00000, 0x000000008dd00000|  0%| F|  |TAMS 0x000000008dc00000, 0x000000008dc00000| Untracked 
| 189|0x000000008dd00000, 0x000000008dd00000, 0x000000008de00000|  0%| F|  |TAMS 0x000000008dd00000, 0x000000008dd00000| Untracked 
| 190|0x000000008de00000, 0x000000008de00000, 0x000000008df00000|  0%| F|  |TAMS 0x000000008de00000, 0x000000008de00000| Untracked 
| 191|0x000000008df00000, 0x000000008df00000, 0x000000008e000000|  0%| F|  |TAMS 0x000000008df00000, 0x000000008df00000| Untracked 
| 192|0x000000008e000000, 0x000000008e000000, 0x000000008e100000|  0%| F|  |TAMS 0x000000008e000000, 0x000000008e000000| Untracked 
| 193|0x000000008e100000, 0x000000008e100000, 0x000000008e200000|  0%| F|  |TAMS 0x000000008e100000, 0x000000008e100000| Untracked 
| 194|0x000000008e200000, 0x000000008e200000, 0x000000008e300000|  0%| F|  |TAMS 0x000000008e200000, 0x000000008e200000| Untracked 
| 195|0x000000008e300000, 0x000000008e300000, 0x000000008e400000|  0%| F|  |TAMS 0x000000008e300000, 0x000000008e300000| Untracked 
| 196|0x000000008e400000, 0x000000008e400000, 0x000000008e500000|  0%| F|  |TAMS 0x000000008e400000, 0x000000008e400000| Untracked 
| 197|0x000000008e500000, 0x000000008e500000, 0x000000008e600000|  0%| F|  |TAMS 0x000000008e500000, 0x000000008e500000| Untracked 
| 198|0x000000008e600000, 0x000000008e600000, 0x000000008e700000|  0%| F|  |TAMS 0x000000008e600000, 0x000000008e600000| Untracked 
| 199|0x000000008e700000, 0x000000008e700000, 0x000000008e800000|  0%| F|  |TAMS 0x000000008e700000, 0x000000008e700000| Untracked 
| 200|0x000000008e800000, 0x000000008e800000, 0x000000008e900000|  0%| F|  |TAMS 0x000000008e800000, 0x000000008e800000| Untracked 
| 201|0x000000008e900000, 0x000000008e900000, 0x000000008ea00000|  0%| F|  |TAMS 0x000000008e900000, 0x000000008e900000| Untracked 
| 202|0x000000008ea00000, 0x000000008ea00000, 0x000000008eb00000|  0%| F|  |TAMS 0x000000008ea00000, 0x000000008ea00000| Untracked 
| 203|0x000000008eb00000, 0x000000008eb00000, 0x000000008ec00000|  0%| F|  |TAMS 0x000000008eb00000, 0x000000008eb00000| Untracked 
| 204|0x000000008ec00000, 0x000000008ec00000, 0x000000008ed00000|  0%| F|  |TAMS 0x000000008ec00000, 0x000000008ec00000| Untracked 
| 205|0x000000008ed00000, 0x000000008ed00000, 0x000000008ee00000|  0%| F|  |TAMS 0x000000008ed00000, 0x000000008ed00000| Untracked 
| 206|0x000000008ee00000, 0x000000008ee00000, 0x000000008ef00000|  0%| F|  |TAMS 0x000000008ee00000, 0x000000008ee00000| Untracked 
| 207|0x000000008ef00000, 0x000000008ef00000, 0x000000008f000000|  0%| F|  |TAMS 0x000000008ef00000, 0x000000008ef00000| Untracked 
| 208|0x000000008f000000, 0x000000008f000000, 0x000000008f100000|  0%| F|  |TAMS 0x000000008f000000, 0x000000008f000000| Untracked 
| 209|0x000000008f100000, 0x000000008f100000, 0x000000008f200000|  0%| F|  |TAMS 0x000000008f100000, 0x000000008f100000| Untracked 
| 210|0x000000008f200000, 0x000000008f200000, 0x000000008f300000|  0%| F|  |TAMS 0x000000008f200000, 0x000000008f200000| Untracked 
| 211|0x000000008f300000, 0x000000008f300000, 0x000000008f400000|  0%| F|  |TAMS 0x000000008f300000, 0x000000008f300000| Untracked 
| 212|0x000000008f400000, 0x000000008f400000, 0x000000008f500000|  0%| F|  |TAMS 0x000000008f400000, 0x000000008f400000| Untracked 
| 213|0x000000008f500000, 0x000000008f500000, 0x000000008f600000|  0%| F|  |TAMS 0x000000008f500000, 0x000000008f500000| Untracked 
| 214|0x000000008f600000, 0x000000008f600000, 0x000000008f700000|  0%| F|  |TAMS 0x000000008f600000, 0x000000008f600000| Untracked 
| 215|0x000000008f700000, 0x000000008f700000, 0x000000008f800000|  0%| F|  |TAMS 0x000000008f700000, 0x000000008f700000| Untracked 
| 216|0x000000008f800000, 0x000000008f800000, 0x000000008f900000|  0%| F|  |TAMS 0x000000008f800000, 0x000000008f800000| Untracked 
| 217|0x000000008f900000, 0x000000008f900000, 0x000000008fa00000|  0%| F|  |TAMS 0x000000008f900000, 0x000000008f900000| Untracked 
| 218|0x000000008fa00000, 0x000000008fa00000, 0x000000008fb00000|  0%| F|  |TAMS 0x000000008fa00000, 0x000000008fa00000| Untracked 
| 219|0x000000008fb00000, 0x000000008fb00000, 0x000000008fc00000|  0%| F|  |TAMS 0x000000008fb00000, 0x000000008fb00000| Untracked 
| 220|0x000000008fc00000, 0x000000008fc00000, 0x000000008fd00000|  0%| F|  |TAMS 0x000000008fc00000, 0x000000008fc00000| Untracked 
| 221|0x000000008fd00000, 0x000000008fd00000, 0x000000008fe00000|  0%| F|  |TAMS 0x000000008fd00000, 0x000000008fd00000| Untracked 
| 222|0x000000008fe00000, 0x000000008fe00000, 0x000000008ff00000|  0%| F|  |TAMS 0x000000008fe00000, 0x000000008fe00000| Untracked 
| 223|0x000000008ff00000, 0x000000008ff00000, 0x0000000090000000|  0%| F|  |TAMS 0x000000008ff00000, 0x000000008ff00000| Untracked 
| 224|0x0000000090000000, 0x0000000090000000, 0x0000000090100000|  0%| F|  |TAMS 0x0000000090000000, 0x0000000090000000| Untracked 
| 225|0x0000000090100000, 0x0000000090100000, 0x0000000090200000|  0%| F|  |TAMS 0x0000000090100000, 0x0000000090100000| Untracked 
| 226|0x0000000090200000, 0x0000000090200000, 0x0000000090300000|  0%| F|  |TAMS 0x0000000090200000, 0x0000000090200000| Untracked 
| 227|0x0000000090300000, 0x0000000090300000, 0x0000000090400000|  0%| F|  |TAMS 0x0000000090300000, 0x0000000090300000| Untracked 
| 228|0x0000000090400000, 0x0000000090400000, 0x0000000090500000|  0%| F|  |TAMS 0x0000000090400000, 0x0000000090400000| Untracked 
| 229|0x0000000090500000, 0x0000000090500000, 0x0000000090600000|  0%| F|  |TAMS 0x0000000090500000, 0x0000000090500000| Untracked 
| 230|0x0000000090600000, 0x0000000090600000, 0x0000000090700000|  0%| F|  |TAMS 0x0000000090600000, 0x0000000090600000| Untracked 
| 231|0x0000000090700000, 0x0000000090700000, 0x0000000090800000|  0%| F|  |TAMS 0x0000000090700000, 0x0000000090700000| Untracked 
| 232|0x0000000090800000, 0x0000000090800000, 0x0000000090900000|  0%| F|  |TAMS 0x0000000090800000, 0x0000000090800000| Untracked 
| 233|0x0000000090900000, 0x0000000090900000, 0x0000000090a00000|  0%| F|  |TAMS 0x0000000090900000, 0x0000000090900000| Untracked 
| 234|0x0000000090a00000, 0x0000000090a00000, 0x0000000090b00000|  0%| F|  |TAMS 0x0000000090a00000, 0x0000000090a00000| Untracked 
| 235|0x0000000090b00000, 0x0000000090b00000, 0x0000000090c00000|  0%| F|  |TAMS 0x0000000090b00000, 0x0000000090b00000| Untracked 
| 236|0x0000000090c00000, 0x0000000090c00000, 0x0000000090d00000|  0%| F|  |TAMS 0x0000000090c00000, 0x0000000090c00000| Untracked 
| 237|0x0000000090d00000, 0x0000000090d00000, 0x0000000090e00000|  0%| F|  |TAMS 0x0000000090d00000, 0x0000000090d00000| Untracked 
| 238|0x0000000090e00000, 0x0000000090e00000, 0x0000000090f00000|  0%| F|  |TAMS 0x0000000090e00000, 0x0000000090e00000| Untracked 
| 239|0x0000000090f00000, 0x0000000090f00000, 0x0000000091000000|  0%| F|  |TAMS 0x0000000090f00000, 0x0000000090f00000| Untracked 
| 240|0x0000000091000000, 0x0000000091000000, 0x0000000091100000|  0%| F|  |TAMS 0x0000000091000000, 0x0000000091000000| Untracked 
| 241|0x0000000091100000, 0x0000000091100000, 0x0000000091200000|  0%| F|  |TAMS 0x0000000091100000, 0x0000000091100000| Untracked 
| 242|0x0000000091200000, 0x0000000091200000, 0x0000000091300000|  0%| F|  |TAMS 0x0000000091200000, 0x0000000091200000| Untracked 
| 243|0x0000000091300000, 0x0000000091300000, 0x0000000091400000|  0%| F|  |TAMS 0x0000000091300000, 0x0000000091300000| Untracked 
| 244|0x0000000091400000, 0x0000000091400000, 0x0000000091500000|  0%| F|  |TAMS 0x0000000091400000, 0x0000000091400000| Untracked 
| 245|0x0000000091500000, 0x0000000091500000, 0x0000000091600000|  0%| F|  |TAMS 0x0000000091500000, 0x0000000091500000| Untracked 
| 246|0x0000000091600000, 0x0000000091600000, 0x0000000091700000|  0%| F|  |TAMS 0x0000000091600000, 0x0000000091600000| Untracked 
| 247|0x0000000091700000, 0x0000000091700000, 0x0000000091800000|  0%| F|  |TAMS 0x0000000091700000, 0x0000000091700000| Untracked 
| 248|0x0000000091800000, 0x0000000091800000, 0x0000000091900000|  0%| F|  |TAMS 0x0000000091800000, 0x0000000091800000| Untracked 
| 249|0x0000000091900000, 0x0000000091900000, 0x0000000091a00000|  0%| F|  |TAMS 0x0000000091900000, 0x0000000091900000| Untracked 
| 250|0x0000000091a00000, 0x0000000091a00000, 0x0000000091b00000|  0%| F|  |TAMS 0x0000000091a00000, 0x0000000091a00000| Untracked 
| 251|0x0000000091b00000, 0x0000000091b00000, 0x0000000091c00000|  0%| F|  |TAMS 0x0000000091b00000, 0x0000000091b00000| Untracked 
| 252|0x0000000091c00000, 0x0000000091c00000, 0x0000000091d00000|  0%| F|  |TAMS 0x0000000091c00000, 0x0000000091c00000| Untracked 
| 253|0x0000000091d00000, 0x0000000091d00000, 0x0000000091e00000|  0%| F|  |TAMS 0x0000000091d00000, 0x0000000091d00000| Untracked 
| 254|0x0000000091e00000, 0x0000000091e00000, 0x0000000091f00000|  0%| F|  |TAMS 0x0000000091e00000, 0x0000000091e00000| Untracked 
| 255|0x0000000091f00000, 0x0000000091f00000, 0x0000000092000000|  0%| F|  |TAMS 0x0000000091f00000, 0x0000000091f00000| Untracked 
| 256|0x0000000092000000, 0x0000000092000000, 0x0000000092100000|  0%| F|  |TAMS 0x0000000092000000, 0x0000000092000000| Untracked 
| 257|0x0000000092100000, 0x0000000092100000, 0x0000000092200000|  0%| F|  |TAMS 0x0000000092100000, 0x0000000092100000| Untracked 
| 258|0x0000000092200000, 0x0000000092200000, 0x0000000092300000|  0%| F|  |TAMS 0x0000000092200000, 0x0000000092200000| Untracked 
| 259|0x0000000092300000, 0x0000000092300000, 0x0000000092400000|  0%| F|  |TAMS 0x0000000092300000, 0x0000000092300000| Untracked 
| 260|0x0000000092400000, 0x0000000092400000, 0x0000000092500000|  0%| F|  |TAMS 0x0000000092400000, 0x0000000092400000| Untracked 
| 261|0x0000000092500000, 0x0000000092500000, 0x0000000092600000|  0%| F|  |TAMS 0x0000000092500000, 0x0000000092500000| Untracked 
| 262|0x0000000092600000, 0x0000000092600000, 0x0000000092700000|  0%| F|  |TAMS 0x0000000092600000, 0x0000000092600000| Untracked 
| 263|0x0000000092700000, 0x0000000092700000, 0x0000000092800000|  0%| F|  |TAMS 0x0000000092700000, 0x0000000092700000| Untracked 
| 264|0x0000000092800000, 0x0000000092800000, 0x0000000092900000|  0%| F|  |TAMS 0x0000000092800000, 0x0000000092800000| Untracked 
| 265|0x0000000092900000, 0x0000000092900000, 0x0000000092a00000|  0%| F|  |TAMS 0x0000000092900000, 0x0000000092900000| Untracked 
| 266|0x0000000092a00000, 0x0000000092a00000, 0x0000000092b00000|  0%| F|  |TAMS 0x0000000092a00000, 0x0000000092a00000| Untracked 

Card table byte_map: [0x0000021a09d50000,0x0000021a0a140000] _byte_map_base: 0x0000021a09940000

Marking Bits (Prev, Next): (CMBitMap*) 0x0000021a03d320f0, (CMBitMap*) 0x0000021a03d32130
 Prev Bits: [0x0000021a0a530000, 0x0000021a0c4b0000)
 Next Bits: [0x0000021a0c4b0000, 0x0000021a0e430000)

Polling page: 0x0000021a01cd0000

Metaspace:

Usage:
  Non-class:     41.43 MB used.
      Class:      6.07 MB used.
       Both:     47.50 MB used.

Virtual space:
  Non-class space:       48.00 MB reserved,      41.69 MB ( 87%) committed,  6 nodes.
      Class space:        1.00 GB reserved,       6.25 MB ( <1%) committed,  1 nodes.
             Both:        1.05 GB reserved,      47.94 MB (  4%) committed. 

Chunk freelists:
   Non-Class:  2.17 MB
       Class:  1.78 MB
        Both:  3.95 MB

MaxMetaspaceSize: unlimited
CompressedClassSpaceSize: 1.00 GB
Initial GC threshold: 21.00 MB
Current GC threshold: 68.25 MB
CDS: off
MetaspaceReclaimPolicy: balanced
 - commit_granule_bytes: 65536.
 - commit_granule_words: 8192.
 - virtual_space_node_default_size: 1048576.
 - enlarge_chunks_in_place: 1.
 - new_chunks_are_fully_committed: 0.
 - uncommit_free_chunks: 1.
 - use_allocation_guard: 0.
 - handle_deallocations: 1.


Internal statistics:

num_allocs_failed_limit: 6.
num_arena_births: 516.
num_arena_deaths: 0.
num_vsnodes_births: 7.
num_vsnodes_deaths: 0.
num_space_committed: 767.
num_space_uncommitted: 0.
num_chunks_returned_to_freelist: 6.
num_chunks_taken_from_freelist: 2074.
num_chunk_merges: 6.
num_chunk_splits: 1409.
num_chunks_enlarged: 1025.
num_purges: 0.
num_inconsistent_stats: 0.

CodeCache: size=49152Kb used=9863Kb max_used=9863Kb free=39288Kb
 bounds [0x0000021a06960000, 0x0000021a07310000, 0x0000021a09960000]
 total_blobs=5116 nmethods=4524 adapters=517
 compilation: enabled
              stopped_count=0, restarted_count=0
 full_count=0

Compilation events (20 events):
Event: 8.650 Thread 0x0000021a11602ac0 4516 %     1       org.eclipse.jdt.internal.compiler.parser.Parser::computeReverseTable @ 17 (92 bytes)
Event: 8.650 Thread 0x0000021a11602ac0 nmethod 4516% 0x0000021a072fd810 code [0x0000021a072fd9c0, 0x0000021a072fdcd8]
Event: 8.650 Thread 0x0000021a115f9000 4517       1       org.eclipse.jdt.internal.compiler.parser.Parser::computeReverseTable (92 bytes)
Event: 8.651 Thread 0x0000021a115f9000 nmethod 4517 0x0000021a072fdf90 code [0x0000021a072fe140, 0x0000021a072fe398]
Event: 8.662 Thread 0x0000021a11400d40 4518       1       com.sun.tools.javac.util.Name$Table::fromString (14 bytes)
Event: 8.662 Thread 0x0000021a11400d40 nmethod 4518 0x0000021a072ff190 code [0x0000021a072ff340, 0x0000021a072ff628]
Event: 8.663 Thread 0x0000021a11400d40 4519       1       com.sun.tools.javac.util.Names::fromString (9 bytes)
Event: 8.663 Thread 0x0000021a11400d40 nmethod 4519 0x0000021a072ff810 code [0x0000021a072ff9e0, 0x0000021a072ffce8]
Event: 8.680 Thread 0x0000021a115f9000 4520       1       java.lang.System::checkKey (34 bytes)
Event: 8.681 Thread 0x0000021a115f9000 nmethod 4520 0x0000021a072fff10 code [0x0000021a073000c0, 0x0000021a073002b8]
Event: 8.681 Thread 0x0000021a11602ac0 4521       1       java.util.logging.Logger::getName (5 bytes)
Event: 8.681 Thread 0x0000021a11602ac0 nmethod 4521 0x0000021a07300410 code [0x0000021a073005a0, 0x0000021a07300678]
Event: 8.703 Thread 0x0000021a115f9000 4522       1       sun.reflect.generics.reflectiveObjects.TypeVariableImpl::getName (5 bytes)
Event: 8.703 Thread 0x0000021a115f9000 nmethod 4522 0x0000021a07300a10 code [0x0000021a07300ba0, 0x0000021a07300c78]
Event: 8.722 Thread 0x0000021a11602ac0 4523       1       java.nio.Buffer::flip (20 bytes)
Event: 8.722 Thread 0x0000021a11602ac0 nmethod 4523 0x0000021a07301310 code [0x0000021a073014a0, 0x0000021a07301578]
Event: 8.726 Thread 0x0000021a11400d40 4524       1       com.fasterxml.jackson.databind.JavaType::getRawClass (5 bytes)
Event: 8.726 Thread 0x0000021a11400d40 nmethod 4524 0x0000021a07301610 code [0x0000021a073017a0, 0x0000021a07301878]
Event: 8.726 Thread 0x0000021a11400d40 4525       1       java.util.concurrent.atomic.AtomicLong::get (5 bytes)
Event: 8.726 Thread 0x0000021a11400d40 nmethod 4525 0x0000021a07301910 code [0x0000021a07301aa0, 0x0000021a07301b78]

GC Heap History (20 events):
Event: 6.905 GC heap after
{Heap after GC invocations=17 (full 0):
 garbage-first heap   total 123904K, used 42926K [0x0000000082000000, 0x0000000100000000)
  region size 1024K, 3 young (3072K), 3 survivors (3072K)
 Metaspace       used 38719K, committed 39104K, reserved 1089536K
  class space    used 4957K, committed 5120K, reserved 1048576K
}
Event: 7.338 GC heap before
{Heap before GC invocations=18 (full 0):
 garbage-first heap   total 123904K, used 90030K [0x0000000082000000, 0x0000000100000000)
  region size 1024K, 50 young (51200K), 3 survivors (3072K)
 Metaspace       used 39657K, committed 40064K, reserved 1089536K
  class space    used 5074K, committed 5248K, reserved 1048576K
}
Event: 7.355 GC heap after
{Heap after GC invocations=19 (full 0):
 garbage-first heap   total 123904K, used 56884K [0x0000000082000000, 0x0000000100000000)
  region size 1024K, 7 young (7168K), 7 survivors (7168K)
 Metaspace       used 39657K, committed 40064K, reserved 1089536K
  class space    used 5074K, committed 5248K, reserved 1048576K
}
Event: 7.377 GC heap before
{Heap before GC invocations=19 (full 0):
 garbage-first heap   total 123904K, used 58932K [0x0000000082000000, 0x0000000100000000)
  region size 1024K, 8 young (8192K), 7 survivors (7168K)
 Metaspace       used 39704K, committed 40128K, reserved 1089536K
  class space    used 5084K, committed 5248K, reserved 1048576K
}
Event: 7.386 GC heap after
{Heap after GC invocations=20 (full 0):
 garbage-first heap   total 123904K, used 59696K [0x0000000082000000, 0x0000000100000000)
  region size 1024K, 1 young (1024K), 1 survivors (1024K)
 Metaspace       used 39704K, committed 40128K, reserved 1089536K
  class space    used 5084K, committed 5248K, reserved 1048576K
}
Event: 7.544 GC heap before
{Heap before GC invocations=20 (full 0):
 garbage-first heap   total 123904K, used 80176K [0x0000000082000000, 0x0000000100000000)
  region size 1024K, 22 young (22528K), 1 survivors (1024K)
 Metaspace       used 40776K, committed 41216K, reserved 1089536K
  class space    used 5153K, committed 5312K, reserved 1048576K
}
Event: 7.555 GC heap after
{Heap after GC invocations=21 (full 0):
 garbage-first heap   total 123904K, used 68526K [0x0000000082000000, 0x0000000100000000)
  region size 1024K, 4 young (4096K), 4 survivors (4096K)
 Metaspace       used 40776K, committed 41216K, reserved 1089536K
  class space    used 5153K, committed 5312K, reserved 1048576K
}
Event: 7.672 GC heap before
{Heap before GC invocations=21 (full 0):
 garbage-first heap   total 123904K, used 92078K [0x0000000082000000, 0x0000000100000000)
  region size 1024K, 27 young (27648K), 4 survivors (4096K)
 Metaspace       used 41339K, committed 41792K, reserved 1089536K
  class space    used 5201K, committed 5440K, reserved 1048576K
}
Event: 7.694 GC heap after
{Heap after GC invocations=22 (full 0):
 garbage-first heap   total 123904K, used 74466K [0x0000000082000000, 0x0000000100000000)
  region size 1024K, 4 young (4096K), 4 survivors (4096K)
 Metaspace       used 41339K, committed 41792K, reserved 1089536K
  class space    used 5201K, committed 5440K, reserved 1048576K
}
Event: 7.744 GC heap before
{Heap before GC invocations=22 (full 0):
 garbage-first heap   total 135168K, used 91874K [0x0000000082000000, 0x0000000100000000)
  region size 1024K, 23 young (23552K), 4 survivors (4096K)
 Metaspace       used 41478K, committed 41920K, reserved 1089536K
  class space    used 5219K, committed 5440K, reserved 1048576K
}
Event: 7.757 GC heap after
{Heap after GC invocations=23 (full 0):
 garbage-first heap   total 273408K, used 74854K [0x0000000082000000, 0x0000000100000000)
  region size 1024K, 2 young (2048K), 2 survivors (2048K)
 Metaspace       used 41478K, committed 41920K, reserved 1089536K
  class space    used 5219K, committed 5440K, reserved 1048576K
}
Event: 8.067 GC heap before
{Heap before GC invocations=24 (full 0):
 garbage-first heap   total 273408K, used 162918K [0x0000000082000000, 0x0000000100000000)
  region size 1024K, 89 young (91136K), 2 survivors (2048K)
 Metaspace       used 42436K, committed 42944K, reserved 1089536K
  class space    used 5328K, committed 5568K, reserved 1048576K
}
Event: 8.073 GC heap after
{Heap after GC invocations=25 (full 0):
 garbage-first heap   total 273408K, used 78209K [0x0000000082000000, 0x0000000100000000)
  region size 1024K, 5 young (5120K), 5 survivors (5120K)
 Metaspace       used 42436K, committed 42944K, reserved 1089536K
  class space    used 5328K, committed 5568K, reserved 1048576K
}
Event: 8.094 GC heap before
{Heap before GC invocations=25 (full 0):
 garbage-first heap   total 273408K, used 85377K [0x0000000082000000, 0x0000000100000000)
  region size 1024K, 13 young (13312K), 5 survivors (5120K)
 Metaspace       used 42501K, committed 42944K, reserved 1089536K
  class space    used 5342K, committed 5568K, reserved 1048576K
}
Event: 8.098 GC heap after
{Heap after GC invocations=26 (full 0):
 garbage-first heap   total 273408K, used 77214K [0x0000000082000000, 0x0000000100000000)
  region size 1024K, 1 young (1024K), 1 survivors (1024K)
 Metaspace       used 42501K, committed 42944K, reserved 1089536K
  class space    used 5342K, committed 5568K, reserved 1048576K
}
Event: 8.394 GC heap before
{Heap before GC invocations=26 (full 0):
 garbage-first heap   total 273408K, used 204190K [0x0000000082000000, 0x0000000100000000)
  region size 1024K, 126 young (129024K), 1 survivors (1024K)
 Metaspace       used 44269K, committed 44736K, reserved 1089536K
  class space    used 5553K, committed 5760K, reserved 1048576K
}
Event: 8.401 GC heap after
{Heap after GC invocations=27 (full 0):
 garbage-first heap   total 273408K, used 82219K [0x0000000082000000, 0x0000000100000000)
  region size 1024K, 6 young (6144K), 6 survivors (6144K)
 Metaspace       used 44269K, committed 44736K, reserved 1089536K
  class space    used 5553K, committed 5760K, reserved 1048576K
}
Event: 8.548 GC heap before
{Heap before GC invocations=27 (full 0):
 garbage-first heap   total 273408K, used 210219K [0x0000000082000000, 0x0000000100000000)
  region size 1024K, 132 young (135168K), 6 survivors (6144K)
 Metaspace       used 46249K, committed 46656K, reserved 1097728K
  class space    used 5833K, committed 6016K, reserved 1048576K
}
Event: 8.556 GC heap after
{Heap after GC invocations=28 (full 0):
 garbage-first heap   total 273408K, used 88398K [0x0000000082000000, 0x0000000100000000)
  region size 1024K, 12 young (12288K), 12 survivors (12288K)
 Metaspace       used 46249K, committed 46656K, reserved 1097728K
  class space    used 5833K, committed 6016K, reserved 1048576K
}
Event: 8.735 GC heap before
{Heap before GC invocations=28 (full 0):
 garbage-first heap   total 273408K, used 215374K [0x0000000082000000, 0x0000000100000000)
  region size 1024K, 137 young (140288K), 12 survivors (12288K)
 Metaspace       used 48643K, committed 49088K, reserved 1097728K
  class space    used 6216K, committed 6400K, reserved 1048576K
}

Dll operation events (8 events):
Event: 0.011 Loaded shared library c:\Users\Legend\.vscode\extensions\redhat.java-1.13.0-win32-x64\jre\17.0.5-win32-x86_64\bin\java.dll
Event: 0.417 Loaded shared library C:\Users\Legend\.vscode\extensions\redhat.java-1.13.0-win32-x64\jre\17.0.5-win32-x86_64\bin\net.dll
Event: 0.419 Loaded shared library C:\Users\Legend\.vscode\extensions\redhat.java-1.13.0-win32-x64\jre\17.0.5-win32-x86_64\bin\nio.dll
Event: 0.434 Loaded shared library C:\Users\Legend\.vscode\extensions\redhat.java-1.13.0-win32-x64\jre\17.0.5-win32-x86_64\bin\zip.dll
Event: 0.719 Loaded shared library C:\Users\Legend\.vscode\extensions\redhat.java-1.13.0-win32-x64\jre\17.0.5-win32-x86_64\bin\jimage.dll
Event: 0.937 Loaded shared library c:\Users\Legend\.vscode\extensions\redhat.java-1.13.0-win32-x64\jre\17.0.5-win32-x86_64\bin\verify.dll
Event: 5.502 Loaded shared library C:\Users\Legend\.vscode\extensions\redhat.java-1.13.0-win32-x64\jre\17.0.5-win32-x86_64\bin\management.dll
Event: 5.505 Loaded shared library C:\Users\Legend\.vscode\extensions\redhat.java-1.13.0-win32-x64\jre\17.0.5-win32-x86_64\bin\management_ext.dll

Deoptimization events (12 events):
Event: 3.409 Thread 0x0000021a03cd3cd0 DEOPT PACKING pc=0x0000021a06e76e99 sp=0x00000023d12fd320
Event: 3.409 Thread 0x0000021a03cd3cd0 DEOPT UNPACKING pc=0x0000021a069b2b43 sp=0x00000023d12fc800 mode 3
Event: 5.980 Thread 0x0000021a129f39f0 DEOPT PACKING pc=0x0000021a070761b5 sp=0x00000023d2dfd540
Event: 5.980 Thread 0x0000021a129f39f0 DEOPT UNPACKING pc=0x0000021a069b2b43 sp=0x00000023d2dfca68 mode 3
Event: 6.151 Thread 0x0000021a114febf0 DEOPT PACKING pc=0x0000021a070932ab sp=0x00000023d30fe670
Event: 6.151 Thread 0x0000021a114febf0 DEOPT UNPACKING pc=0x0000021a069b2b43 sp=0x00000023d30fdbb8 mode 3
Event: 6.258 Thread 0x0000021a11db2580 DEOPT PACKING pc=0x0000021a06e78901 sp=0x00000023d2cfdb60
Event: 6.258 Thread 0x0000021a11db2580 DEOPT UNPACKING pc=0x0000021a069b2b43 sp=0x00000023d2cfcff0 mode 3
Event: 6.539 Thread 0x0000021a11e94500 DEOPT PACKING pc=0x0000021a06e6fd97 sp=0x00000023d36fee10
Event: 6.539 Thread 0x0000021a11e94500 DEOPT UNPACKING pc=0x0000021a069b2b43 sp=0x00000023d36fe268 mode 3
Event: 8.323 Thread 0x0000021a12c539c0 DEOPT PACKING pc=0x0000021a06be250c sp=0x00000023d40fe070
Event: 8.323 Thread 0x0000021a12c539c0 DEOPT UNPACKING pc=0x0000021a069b2b43 sp=0x00000023d40fd538 mode 0

Classes unloaded (0 events):
No events

Classes redefined (0 events):
No events

Internal exceptions (20 events):
Event: 6.221 Thread 0x0000021a11e95840 Exception <a 'sun/nio/fs/WindowsException'{0x00000000886f2c40}> (0x00000000886f2c40) 
thrown [s\src\hotspot\share\prims\jni.cpp, line 516]
Event: 6.244 Thread 0x0000021a11e95840 Exception <a 'sun/nio/fs/WindowsException'{0x00000000886f3640}> (0x00000000886f3640) 
thrown [s\src\hotspot\share\prims\jni.cpp, line 516]
Event: 6.244 Thread 0x0000021a11e95840 Exception <a 'sun/nio/fs/WindowsException'{0x00000000886f39f0}> (0x00000000886f39f0) 
thrown [s\src\hotspot\share\prims\jni.cpp, line 516]
Event: 6.245 Thread 0x0000021a11e95840 Exception <a 'sun/nio/fs/WindowsException'{0x00000000886f43f8}> (0x00000000886f43f8) 
thrown [s\src\hotspot\share\prims\jni.cpp, line 516]
Event: 6.245 Thread 0x0000021a11e95840 Exception <a 'sun/nio/fs/WindowsException'{0x00000000886f47b8}> (0x00000000886f47b8) 
thrown [s\src\hotspot\share\prims\jni.cpp, line 516]
Event: 6.245 Thread 0x0000021a11e95840 Exception <a 'sun/nio/fs/WindowsException'{0x00000000886f51b8}> (0x00000000886f51b8) 
thrown [s\src\hotspot\share\prims\jni.cpp, line 516]
Event: 6.245 Thread 0x0000021a11e95840 Exception <a 'sun/nio/fs/WindowsException'{0x00000000886f5568}> (0x00000000886f5568) 
thrown [s\src\hotspot\share\prims\jni.cpp, line 516]
Event: 6.245 Thread 0x0000021a11e95840 Exception <a 'sun/nio/fs/WindowsException'{0x00000000886f5f70}> (0x00000000886f5f70) 
thrown [s\src\hotspot\share\prims\jni.cpp, line 516]
Event: 6.245 Thread 0x0000021a11e95840 Exception <a 'sun/nio/fs/WindowsException'{0x00000000886f6330}> (0x00000000886f6330) 
thrown [s\src\hotspot\share\prims\jni.cpp, line 516]
Event: 6.245 Thread 0x0000021a11e95840 Exception <a 'sun/nio/fs/WindowsException'{0x00000000886f6d58}> (0x00000000886f6d58) 
thrown [s\src\hotspot\share\prims\jni.cpp, line 516]
Event: 6.245 Thread 0x0000021a11e95840 Exception <a 'sun/nio/fs/WindowsException'{0x00000000886f7138}> (0x00000000886f7138) 
thrown [s\src\hotspot\share\prims\jni.cpp, line 516]
Event: 6.245 Thread 0x0000021a11e95840 Exception <a 'sun/nio/fs/WindowsException'{0x00000000886f7b70}> (0x00000000886f7b70) 
thrown [s\src\hotspot\share\prims\jni.cpp, line 516]
Event: 6.245 Thread 0x0000021a11e95840 Exception <a 'sun/nio/fs/WindowsException'{0x00000000886f7f60}> (0x00000000886f7f60) 
thrown [s\src\hotspot\share\prims\jni.cpp, line 516]
Event: 6.249 Thread 0x0000021a11e95840 Exception <a 'sun/nio/fs/WindowsException'{0x00000000886f8990}> (0x00000000886f8990) 
thrown [s\src\hotspot\share\prims\jni.cpp, line 516]
Event: 6.249 Thread 0x0000021a11e95840 Exception <a 'sun/nio/fs/WindowsException'{0x00000000886f8d80}> (0x00000000886f8d80) 
thrown [s\src\hotspot\share\prims\jni.cpp, line 516]
Event: 7.111 Thread 0x0000021a129f39f0 Exception <a 'java/lang/NoSuchMethodError'{0x0000000087df90d8}: 'java.lang.Object java.lang.invoke.Invokers$Holder.invoke_MT(java.lang.Object, java.lang.Object, java.lang.Object)'> (0x0000000087df90d8) 
thrown [s\src\hotspot\share\interpreter\linkResolver.cpp, line 759]
Event: 7.337 Thread 0x0000021a129f39f0 Exception <a 'java/lang/NoSuchMethodError'{0x0000000086afbd28}: 'java.lang.Object java.lang.invoke.DirectMethodHandle$Holder.newInvokeSpecial(java.lang.Object, java.lang.Object, int)'> (0x0000000086afbd28) 
thrown [s\src\hotspot\share\interpreter\linkResolver.cpp, line 759]
Event: 7.642 Thread 0x0000021a12c539c0 Exception <a 'java/lang/NoSuchMethodError'{0x000000008911b810}: 'void java.lang.invoke.DirectMethodHandle$Holder.invokeVirtual(java.lang.Object, java.lang.Object, java.lang.Object, java.lang.Object)'> (0x000000008911b810) 
thrown [s\src\hotspot\share\interpreter\linkResolver.cpp, line 759]
Event: 8.386 Thread 0x0000021a12c539c0 Exception <a 'sun/nio/fs/WindowsException'{0x000000008b111bf0}> (0x000000008b111bf0) 
thrown [s\src\hotspot\share\prims\jni.cpp, line 516]
Event: 8.417 Thread 0x0000021a12c539c0 Exception <a 'java/lang/NoSuchMethodError'{0x000000009180dd40}: 'int java.lang.invoke.DirectMethodHandle$Holder.invokeStaticInit(java.lang.Object, java.lang.Object, java.lang.Object, java.lang.Object)'> (0x000000009180dd40) 
thrown [s\src\hotspot\share\interpreter\linkResolver.cpp, line 759]

VM Operations (20 events):
Event: 8.099 Executing VM operation: G1CollectForAllocation done
Event: 8.320 Executing VM operation: HandshakeAllThreads
Event: 8.322 Executing VM operation: HandshakeAllThreads done
Event: 8.325 Executing VM operation: HandshakeAllThreads
Event: 8.328 Executing VM operation: HandshakeAllThreads done
Event: 8.350 Executing VM operation: HandshakeAllThreads
Event: 8.355 Executing VM operation: HandshakeAllThreads done
Event: 8.387 Executing VM operation: HandshakeAllThreads
Event: 8.391 Executing VM operation: HandshakeAllThreads done
Event: 8.394 Executing VM operation: G1CollectForAllocation
Event: 8.402 Executing VM operation: G1CollectForAllocation done
Event: 8.456 Executing VM operation: HandshakeAllThreads
Event: 8.457 Executing VM operation: HandshakeAllThreads done
Event: 8.457 Executing VM operation: HandshakeAllThreads
Event: 8.467 Executing VM operation: HandshakeAllThreads done
Event: 8.546 Executing VM operation: G1CollectForAllocation
Event: 8.547 Executing VM operation: G1CollectForAllocation done
Event: 8.548 Executing VM operation: G1CollectForAllocation
Event: 8.556 Executing VM operation: G1CollectForAllocation done
Event: 8.733 Executing VM operation: G1CollectForAllocation

Events (20 events):
Event: 8.731 loading class sun/net/spi/DefaultProxySelector
Event: 8.732 loading class sun/net/spi/DefaultProxySelector done
Event: 8.732 loading class java/net/Proxy
Event: 8.732 loading class java/net/Proxy done
Event: 8.732 loading class java/net/Proxy$Type
Event: 8.732 loading class java/net/Proxy$Type done
Event: 8.732 loading class sun/net/spi/DefaultProxySelector$1
Event: 8.732 loading class sun/net/spi/DefaultProxySelector$1 done
Event: 8.732 loading class sun/net/spi/DefaultProxySelector$NonProxyInfo
Event: 8.732 loading class sun/net/spi/DefaultProxySelector$NonProxyInfo done
Event: 8.732 loading class sun/net/spi/DefaultProxySelector$3
Event: 8.732 loading class sun/net/spi/DefaultProxySelector$3 done
Event: 8.733 loading class sun/net/www/protocol/https/HttpsClient
Event: 8.733 loading class javax/net/ssl/HandshakeCompletedListener
Event: 8.733 loading class javax/net/ssl/HandshakeCompletedListener done
Event: 8.733 loading class sun/net/www/http/HttpClient
Event: 8.734 loading class sun/net/NetworkClient
Event: 8.734 loading class sun/net/NetworkClient done
Event: 8.734 loading class sun/net/www/http/HttpClient done
Event: 8.734 loading class sun/net/www/protocol/https/HttpsClient done


Dynamic libraries:
0x00007ff6abc10000 - 0x00007ff6abc1e000 	c:\Users\Legend\.vscode\extensions\redhat.java-1.13.0-win32-x64\jre\17.0.5-win32-x86_64\bin\java.exe
0x00007ffe68450000 - 0x00007ffe68648000 	C:\WINDOWS\SYSTEM32\ntdll.dll
0x00007ffe673e0000 - 0x00007ffe6749f000 	C:\WINDOWS\System32\KERNEL32.DLL
0x00007ffe65e80000 - 0x00007ffe66152000 	C:\WINDOWS\System32\KERNELBASE.dll
0x00007ffe66370000 - 0x00007ffe66470000 	C:\WINDOWS\System32\ucrtbase.dll
0x00007ffe334a0000 - 0x00007ffe334b9000 	c:\Users\Legend\.vscode\extensions\redhat.java-1.13.0-win32-x64\jre\17.0.5-win32-x86_64\bin\VCRUNTIME140.dll
0x00007ffe38b90000 - 0x00007ffe38ba7000 	c:\Users\Legend\.vscode\extensions\redhat.java-1.13.0-win32-x64\jre\17.0.5-win32-x86_64\bin\jli.dll
0x00007ffe67dd0000 - 0x00007ffe67f6d000 	C:\WINDOWS\System32\USER32.dll
0x00007ffe66470000 - 0x00007ffe66492000 	C:\WINDOWS\System32\win32u.dll
0x00007ffe66570000 - 0x00007ffe6659b000 	C:\WINDOWS\System32\GDI32.dll
0x00007ffe65d70000 - 0x00007ffe65e7f000 	C:\WINDOWS\System32\gdi32full.dll
0x00007ffe66190000 - 0x00007ffe6622d000 	C:\WINDOWS\System32\msvcp_win.dll
0x00007ffe53380000 - 0x00007ffe5361a000 	C:\WINDOWS\WinSxS\amd64_microsoft.windows.common-controls_6595b64144ccf1df_6.0.19041.1110_none_60b5254171f9507e\COMCTL32.dll
0x00007ffe66cf0000 - 0x00007ffe66d8e000 	C:\WINDOWS\System32\msvcrt.dll
0x00007ffe673a0000 - 0x00007ffe673d2000 	C:\WINDOWS\System32\IMM32.DLL
0x00007ffe4bcf0000 - 0x00007ffe4bcfc000 	c:\Users\Legend\.vscode\extensions\redhat.java-1.13.0-win32-x64\jre\17.0.5-win32-x86_64\bin\vcruntime140_1.dll
0x00007ffe23c00000 - 0x00007ffe23c91000 	c:\Users\Legend\.vscode\extensions\redhat.java-1.13.0-win32-x64\jre\17.0.5-win32-x86_64\bin\msvcp140.dll
0x00007ffe22fb0000 - 0x00007ffe23bf4000 	c:\Users\Legend\.vscode\extensions\redhat.java-1.13.0-win32-x64\jre\17.0.5-win32-x86_64\bin\server\jvm.dll
0x00007ffe66df0000 - 0x00007ffe66e9e000 	C:\WINDOWS\System32\ADVAPI32.dll
0x00007ffe66fd0000 - 0x00007ffe6706c000 	C:\WINDOWS\System32\sechost.dll
0x00007ffe67f70000 - 0x00007ffe68095000 	C:\WINDOWS\System32\RPCRT4.dll
0x00007ffe500b0000 - 0x00007ffe500b9000 	C:\WINDOWS\SYSTEM32\WSOCK32.dll
0x00007ffe675b0000 - 0x00007ffe6761b000 	C:\WINDOWS\System32\WS2_32.dll
0x00007ffe53970000 - 0x00007ffe53997000 	C:\WINDOWS\SYSTEM32\WINMM.dll
0x00007ffe5b490000 - 0x00007ffe5b49a000 	C:\WINDOWS\SYSTEM32\VERSION.dll
0x00007ffe643a0000 - 0x00007ffe643b2000 	C:\WINDOWS\SYSTEM32\kernel.appcore.dll
0x00007ffe48850000 - 0x00007ffe4885a000 	c:\Users\Legend\.vscode\extensions\redhat.java-1.13.0-win32-x64\jre\17.0.5-win32-x86_64\bin\jimage.dll
0x00007ffe63900000 - 0x00007ffe63ae4000 	C:\WINDOWS\SYSTEM32\DBGHELP.DLL
0x00007ffe4b940000 - 0x00007ffe4b96c000 	C:\WINDOWS\SYSTEM32\dbgcore.DLL
0x00007ffe66230000 - 0x00007ffe662b2000 	C:\WINDOWS\System32\bcryptPrimitives.dll
0x00007ffe32b00000 - 0x00007ffe32b25000 	c:\Users\Legend\.vscode\extensions\redhat.java-1.13.0-win32-x64\jre\17.0.5-win32-x86_64\bin\java.dll
0x00007ffe32ae0000 - 0x00007ffe32af8000 	c:\Users\Legend\.vscode\extensions\redhat.java-1.13.0-win32-x64\jre\17.0.5-win32-x86_64\bin\zip.dll
0x00007ffe665a0000 - 0x00007ffe66ce3000 	C:\WINDOWS\System32\SHELL32.dll
0x00007ffe63bf0000 - 0x00007ffe64382000 	C:\WINDOWS\SYSTEM32\windows.storage.dll
0x00007ffe680a0000 - 0x00007ffe683f4000 	C:\WINDOWS\System32\combase.dll
0x00007ffe65530000 - 0x00007ffe65560000 	C:\WINDOWS\SYSTEM32\Wldp.dll
0x00007ffe67af0000 - 0x00007ffe67b9d000 	C:\WINDOWS\System32\SHCORE.dll
0x00007ffe67620000 - 0x00007ffe67675000 	C:\WINDOWS\System32\shlwapi.dll
0x00007ffe65a90000 - 0x00007ffe65aaf000 	C:\WINDOWS\SYSTEM32\profapi.dll
0x00007ffe325c0000 - 0x00007ffe325d9000 	C:\Users\Legend\.vscode\extensions\redhat.java-1.13.0-win32-x64\jre\17.0.5-win32-x86_64\bin\net.dll
0x00007ffe53de0000 - 0x00007ffe53eec000 	C:\WINDOWS\SYSTEM32\WINHTTP.dll
0x00007ffe652a0000 - 0x00007ffe6530a000 	C:\WINDOWS\system32\mswsock.dll
0x00007ffe32540000 - 0x00007ffe32555000 	C:\Users\Legend\.vscode\extensions\redhat.java-1.13.0-win32-x64\jre\17.0.5-win32-x86_64\bin\nio.dll
0x00007ffe474a0000 - 0x00007ffe474b0000 	c:\Users\Legend\.vscode\extensions\redhat.java-1.13.0-win32-x64\jre\17.0.5-win32-x86_64\bin\verify.dll
0x00007ffe65490000 - 0x00007ffe654a8000 	C:\WINDOWS\SYSTEM32\CRYPTSP.dll
0x00007ffe64b50000 - 0x00007ffe64b84000 	C:\WINDOWS\system32\rsaenh.dll
0x00007ffe66160000 - 0x00007ffe66187000 	C:\WINDOWS\System32\bcrypt.dll
0x00007ffe65a50000 - 0x00007ffe65a7e000 	C:\WINDOWS\SYSTEM32\USERENV.dll
0x00007ffe65560000 - 0x00007ffe6556c000 	C:\WINDOWS\SYSTEM32\CRYPTBASE.dll
0x00007ffe64f20000 - 0x00007ffe64f5b000 	C:\WINDOWS\SYSTEM32\IPHLPAPI.DLL
0x00007ffe68400000 - 0x00007ffe68408000 	C:\WINDOWS\System32\NSI.dll
0x00007ffe55110000 - 0x00007ffe55127000 	C:\WINDOWS\SYSTEM32\dhcpcsvc6.DLL
0x00007ffe571c0000 - 0x00007ffe571dd000 	C:\WINDOWS\SYSTEM32\dhcpcsvc.DLL
0x00007ffe64f60000 - 0x00007ffe6502a000 	C:\WINDOWS\SYSTEM32\DNSAPI.dll
0x00007ffe61280000 - 0x00007ffe61289000 	C:\Users\Legend\.vscode\extensions\redhat.java-1.13.0-win32-x64\jre\17.0.5-win32-x86_64\bin\management.dll
0x00007ffe5d060000 - 0x00007ffe5d06b000 	C:\Users\Legend\.vscode\extensions\redhat.java-1.13.0-win32-x64\jre\17.0.5-win32-x86_64\bin\management_ext.dll
0x00007ffe670d0000 - 0x00007ffe670d8000 	C:\WINDOWS\System32\PSAPI.DLL

dbghelp: loaded successfully - version: 4.0.5 - missing functions: none
symbol engine: initialized successfully - sym options: 0x614 - pdb path: .;c:\Users\Legend\.vscode\extensions\redhat.java-1.13.0-win32-x64\jre\17.0.5-win32-x86_64\bin;C:\WINDOWS\SYSTEM32;C:\WINDOWS\WinSxS\amd64_microsoft.windows.common-controls_6595b64144ccf1df_6.0.19041.1110_none_60b5254171f9507e;c:\Users\Legend\.vscode\extensions\redhat.java-1.13.0-win32-x64\jre\17.0.5-win32-x86_64\bin\server

VM Arguments:
jvm_args: -Dsts.lsp.client=vscode -Dsts.log.file=/dev/null -XX:TieredStopAtLevel=1 -Xlog:jni+resolve=off -Dspring.config.location=file:c:\Users\Legend\.vscode\extensions\pivotal.vscode-spring-boot-1.43.0\language-server\BOOT-INF\classes\application.properties 
java_command: org.springframework.ide.vscode.boot.app.BootLanguageServerBootApp
java_class_path (initial): c:\Users\Legend\.vscode\extensions\pivotal.vscode-spring-boot-1.43.0\language-server\BOOT-INF\classes;c:\Users\Legend\.vscode\extensions\pivotal.vscode-spring-boot-1.43.0\language-server\BOOT-INF\lib\annotations-23.1.0.jar;c:\Users\Legend\.vscode\extensions\pivotal.vscode-spring-boot-1.43.0\language-server\BOOT-INF\lib\ant-1.10.12.jar;c:\Users\Legend\.vscode\extensions\pivotal.vscode-spring-boot-1.43.0\language-server\BOOT-INF\lib\ant-launcher-1.10.12.jar;c:\Users\Legend\.vscode\extensions\pivotal.vscode-spring-boot-1.43.0\language-server\BOOT-INF\lib\antlr-runtime-3.5.2.jar;c:\Users\Legend\.vscode\extensions\pivotal.vscode-spring-boot-1.43.0\language-server\BOOT-INF\lib\antlr4-4.9.3.jar;c:\Users\Legend\.vscode\extensions\pivotal.vscode-spring-boot-1.43.0\language-server\BOOT-INF\lib\antlr4-runtime-4.9.3.jar;c:\Users\Legend\.vscode\extensions\pivotal.vscode-spring-boot-1.43.0\language-server\BOOT-INF\lib\apiguardian-api-1.1.2.jar;c:\Users\Legend\.vscode\extensions\pivotal.vscode-spring-boot-1.43.0\language-server\BOOT-INF\lib\asm-9.4.jar;c:\Users\Legend\.vscode\extensions\pivotal.vscode-spring-boot-1.43.0\language-server\BOOT-INF\lib\asm-analysis-9.4.jar;c:\Users\Legend\.vscode\extensions\pivotal.vscode-spring-boot-1.43.0\language-server\BOOT-INF\lib\asm-tree-9.4.jar;c:\Users\Legend\.vscode\extensions\pivotal.vscode-spring-boot-1.43.0\language-server\BOOT-INF\lib\asm-util-9.4.jar;c:\Users\Legend\.vscode\extensions\pivotal.vscode-spring-boot-1.43.0\language-server\BOOT-INF\lib\caffeine-3.1.2.jar;c:\Users\Legend\.vscode\extensions\pivotal.vscode-spring-boot-1.43.0\language-server\BOOT-INF\lib\checker-qual-3.12.0.jar;c:\Users\Legend\.vscode\extensions\pivotal.vscode-spring-boot-1.43.0\language-server\BOOT-INF\lib\ci-environment-9.1.0.jar;c:\Users\Legend\.vscode\extensions\pivotal.vscode-spring-boot-1.43.0\language-server\BOOT-INF\lib\classgraph-4.8.149.jar;c:\Users\Legend\.vscode\extensions\pivotal.vscode-spring-boot-1.43.0\language-server\
Launcher Type: SUN_STANDARD

[Global flags]
     intx CICompilerCount                          = 3                                         {product} {ergonomic}
     uint ConcGCThreads                            = 1                                         {product} {ergonomic}
     uint G1ConcRefinementThreads                  = 4                                         {product} {ergonomic}
   size_t G1HeapRegionSize                         = 1048576                                   {product} {ergonomic}
    uintx GCDrainStackTargetSize                   = 64                                        {product} {ergonomic}
   size_t InitialHeapSize                          = 132120576                                 {product} {ergonomic}
   size_t MarkStackSize                            = 4194304                                   {product} {ergonomic}
   size_t MaxHeapSize                              = 2113929216                                {product} {ergonomic}
   size_t MaxNewSize                               = 1267728384                                {product} {ergonomic}
   size_t MinHeapDeltaBytes                        = 1048576                                   {product} {ergonomic}
   size_t MinHeapSize                              = 8388608                                   {product} {ergonomic}
    uintx NonProfiledCodeHeapSize                  = 0                                      {pd product} {ergonomic}
     bool ProfileInterpreter                       = false                                  {pd product} {command line}
    uintx ProfiledCodeHeapSize                     = 0                                      {pd product} {ergonomic}
   size_t SoftMaxHeapSize                          = 2113929216                             {manageable} {ergonomic}
     intx TieredStopAtLevel                        = 1                                         {product} {command line}
     bool UseCompressedClassPointers               = true                           {product lp64_product} {ergonomic}
     bool UseCompressedOops                        = true                           {product lp64_product} {ergonomic}
     bool UseG1GC                                  = true                                      {product} {ergonomic}
     bool UseLargePagesIndividualAllocation        = false                                  {pd product} {ergonomic}

Logging:
Log output configuration:
 #0: stdout all=warning,jni+resolve=off uptime,level,tags
 #1: stderr all=off uptime,level,tags

Environment Variables:
JAVA_HOME=C:\Program Files\Java\jdk-13
PATH=C:\Program Files\Java\jdk-13\bin;C:\WINDOWS\system32;C:\WINDOWS;C:\WINDOWS\System32\Wbem;C:\WINDOWS\System32\WindowsPowerShell\v1.0\;C:\WINDOWS\System32\OpenSSH\;C:\scr\flutter\bin;C:\xampp\php;C:\ProgramData\ComposerSetup\bin;D:\apache-maven-3.8.5-bin\apache-maven-3.8.5\bin;C:\Program Files\Git\cmd;C:\Program Files\MySQL\MySQL Shell 8.0\bin\;C:\Users\Legend\AppData\Local\Microsoft\WindowsApps;C:\Program Files\Java\jdk-13\bin;C:\Users\Legend\AppData\Local\Pub\Cache\bin;C:\Users\Legend\AppData\Roaming\Composer\vendor\bin;C:\scr\flutter\bin;;C:\Program Files\JetBrains\IntelliJ IDEA 2022.2.3\bin;;C:\Users\Legend\AppData\Local\Programs\Microsoft VS Code\bin;C:\Program Files\JetBrains\IntelliJ IDEA Community Edition 2022.2.3\bin;
USERNAME=Eman
OS=Windows_NT
PROCESSOR_IDENTIFIER=Intel64 Family 6 Model 78 Stepping 3, GenuineIntel
TMP=C:\Users\Legend\AppData\Local\Temp
TEMP=C:\Users\Legend\AppData\Local\Temp



---------------  S Y S T E M  ---------------

OS:
 Windows 10 , 64 bit Build 19041 (10.0.19041.2251)
OS uptime: 15 days 1:30 hours

CPU: total 4 (initial active 4) (2 cores per cpu, 2 threads per core) family 6 model 78 stepping 3 microcode 0xcc, cx8, cmov, fxsr, ht, mmx, 3dnowpref, sse, sse2, sse3, ssse3, sse4.1, sse4.2, popcnt, lzcnt, tsc, tscinvbit, avx, avx2, aes, erms, clmul, bmi1, bmi2, adx, fma, vzeroupper, clflush, clflushopt

Memory: 4k page, system-wide physical 8060M (374M free)
TotalPageFile size 11614M (AvailPageFile size 99M)
current process WorkingSet (physical memory assigned to process): 401M, peak: 401M
current process commit charge ("private bytes"): 424M, peak: 592M

vm_info: OpenJDK 64-Bit Server VM (17.0.5+8) for windows-amd64 JRE (17.0.5+8), built on Oct 19 2022 04:48:13 by "temurin" with MS VC++ 16.7 (VS2019)

END.
